2025-09-07 17:58:16.065 [info] read schema from vscode: vscode://schemas/settings/user
2025-09-07 17:58:16.131 [info] read schema from vscode: vscode://schemas/settings/resourceLanguage
2025-09-07 17:58:16.136 [info] read schema from vscode: vscode://schemas/launch
2025-09-07 17:58:16.137 [info] read schema from vscode: vscode://schemas/token-styling
2025-09-07 17:58:16.138 [info] read schema from vscode: vscode://schemas/textmate-colors
2025-09-07 17:58:16.138 [info] read schema from vscode: vscode://schemas/workbench-colors
2025-09-07 17:58:16.212 [info] cancelled
2025-09-07 17:58:17.787 [info] schema change detected vscode://schemas/settings/resourceLanguage
2025-09-07 17:58:17.788 [info] read schema from vscode: vscode://schemas/settings/user
2025-09-07 17:58:17.832 [info] read schema from vscode: vscode://schemas/settings/resourceLanguage
2025-09-07 17:58:17.852 [info] schema change detected vscode://schemas/settings/user
2025-09-07 17:58:17.891 [info] cancelled
2025-09-07 17:58:17.892 [info] cancelled
2025-09-07 17:58:17.892 [info] read schema from vscode: vscode://schemas/settings/user
2025-09-07 17:58:17.926 [info] schema change detected vscode://schemas/settings/user
2025-09-07 17:58:17.933 [info] read schema from vscode: vscode://schemas/settings/resourceLanguage
2025-09-07 17:58:17.935 [info] read schema from vscode: vscode://schemas/launch
2025-09-07 17:58:17.936 [info] read schema from vscode: vscode://schemas/token-styling
2025-09-07 17:58:17.937 [info] read schema from vscode: vscode://schemas/textmate-colors
2025-09-07 17:58:17.937 [info] read schema from vscode: vscode://schemas/workbench-colors
2025-09-07 17:58:17.996 [info] cancelled
2025-09-07 17:58:17.997 [info] read schema from vscode: vscode://schemas/settings/user
2025-09-07 17:58:20.904 [info] schema change detected vscode://schemas/launch
2025-09-07 17:58:20.905 [info] read schema from vscode: vscode://schemas/settings/user
2025-09-07 17:58:20.947 [info] read schema from vscode: vscode://schemas/launch
