2025-09-07 18:00:27.827 [info] [main] Log level: Info
2025-09-07 18:00:27.827 [info] [main] Validating found git in: "git"
2025-09-07 18:00:27.827 [info] [main] Using git "2.51.0" from "git"
2025-09-07 18:00:27.827 [info] [Model][doInitialScan] Initial repository scan started
2025-09-07 18:00:27.827 [info] > git rev-parse --show-toplevel [6ms]
2025-09-07 18:00:27.827 [info] > git rev-parse --git-dir --git-common-dir --show-superproject-working-tree [2ms]
2025-09-07 18:00:27.827 [info] [Model][openRepository] Opened repository (path): /home/user/dotfiles
2025-09-07 18:00:27.827 [info] [Model][openRepository] Opened repository (real path): /home/user/dotfiles
2025-09-07 18:00:27.827 [info] [Model][openRepository] Opened repository (kind): repository
2025-09-07 18:00:27.827 [info] > git rev-parse --show-toplevel [1ms]
2025-09-07 18:00:27.827 [info] [Model][doInitialScan] Initial repository scan completed - repositories (1), closed repositories (0), parent repositories (0), unsafe repositories (0)
2025-09-07 18:00:27.827 [info] > git config --get commit.template [4ms]
2025-09-07 18:00:27.827 [info] > git for-each-ref --format=%(refname)%00%(upstream:short)%00%(objectname)%00%(upstream:track)%00%(upstream:remotename)%00%(upstream:remoteref) refs/heads/main refs/remotes/main [6ms]
2025-09-07 18:00:27.829 [warning] [Git][revParse] Unable to read file: ENOENT: no such file or directory, open '/home/user/dotfiles/.git/refs/remotes/origin/main'
2025-09-07 18:00:27.863 [info] > git rev-parse refs/remotes/origin/main [34ms]
2025-09-07 18:00:27.876 [info] > git status -z -uall [10ms]
2025-09-07 18:00:27.876 [info] > git for-each-ref --sort -committerdate --format %(refname)%00%(objectname)%00%(*objectname) [6ms]
2025-09-07 18:00:27.892 [info] > git for-each-ref --format=%(refname)%00%(upstream:short)%00%(objectname)%00%(upstream:track)%00%(upstream:remotename)%00%(upstream:remoteref) refs/heads/main refs/remotes/main [5ms]
2025-09-07 18:00:27.897 [info] > git config --get --local branch.main.vscode-merge-base [2ms]
2025-09-07 18:00:27.900 [info] > git config --get commit.template [8ms]
2025-09-07 18:00:27.904 [info] > git for-each-ref --format=%(refname)%00%(upstream:short)%00%(objectname)%00%(upstream:track)%00%(upstream:remotename)%00%(upstream:remoteref) refs/heads/origin/main refs/remotes/origin/main [4ms]
2025-09-07 18:00:27.905 [info] > git for-each-ref --format=%(refname)%00%(upstream:short)%00%(objectname)%00%(upstream:track)%00%(upstream:remotename)%00%(upstream:remoteref) refs/heads/main refs/remotes/main [2ms]
2025-09-07 18:00:27.907 [warning] [Git][revParse] Unable to read file: ENOENT: no such file or directory, open '/home/user/dotfiles/.git/refs/remotes/origin/main'
2025-09-07 18:00:27.908 [info] > git rev-parse refs/remotes/origin/main [1ms]
2025-09-07 18:00:27.914 [info] > git for-each-ref --sort -committerdate --format %(refname)%00%(objectname)%00%(*objectname) [1ms]
2025-09-07 18:00:27.921 [info] > git status -z -uall [11ms]
2025-09-07 18:00:28.402 [info] > git check-ignore -v -z --stdin [1ms]
2025-09-07 18:00:29.129 [info] > git log --format=%H%n%aN%n%aE%n%at%n%ct%n%P%n%D%n%B -z --shortstat --diff-merges=first-parent -n50 --skip=0 --topo-order --decorate=full --stdin [32ms]
2025-09-07 18:01:41.256 [info] > git show --textconv HEAD:.config/fastfetch [4ms]
2025-09-07 18:01:41.260 [info] > git ls-tree -l HEAD -- .config/fastfetch [4ms]
2025-09-07 18:01:41.260 [info] > git hash-object -t tree /dev/null [1ms]
2025-09-07 18:01:41.261 [warning] [GitFileSystemProvider][readFile] File not found - git:/home/user/dotfiles/.config/fastfetch?%7B%22path%22%3A%22%2Fhome%2Fuser%2Fdotfiles%2F.config%2Ffastfetch%22%2C%22ref%22%3A%22~%22%7D
2025-09-07 18:01:43.121 [info] > git check-ignore -v -z --stdin [1ms]
2025-09-07 18:01:45.762 [info] > git check-ignore -v -z --stdin [1ms]
2025-09-07 18:01:46.832 [info] > git show --textconv :README.md [4ms]
2025-09-07 18:01:46.833 [info] > git ls-files --stage -- README.md [2ms]
2025-09-07 18:01:46.837 [info] > git cat-file -s 27ef622f06045c5a8051d3b24b7a1526180ed5a1 [1ms]
2025-09-07 18:01:46.974 [info] > git blame --root --incremental 3143d3d17ddbd22be0f8bd8e174a702717b1af00 -- README.md [1ms]
2025-09-07 18:01:51.334 [info] > git log --format=%H%n%aN%n%aE%n%at%n%ct%n%P%n%D%n%B -z --shortstat --diff-merges=first-parent -n50 --skip=0 --topo-order --decorate=full --stdin [46ms]
2025-09-07 18:01:52.344 [info] > git add -A -- . [11ms]
2025-09-07 18:01:52.354 [info] > git -c user.useConfigOnly=true commit --quiet --allow-empty-message --file - [7ms]
2025-09-07 18:01:52.357 [info] > git config --get commit.template [0ms]
2025-09-07 18:01:52.365 [info] > git config --get commit.template [4ms]
2025-09-07 18:01:52.365 [info] > git for-each-ref --format=%(refname)%00%(upstream:short)%00%(objectname)%00%(upstream:track)%00%(upstream:remotename)%00%(upstream:remoteref) refs/heads/main refs/remotes/main [1ms]
2025-09-07 18:01:52.369 [warning] [Git][revParse] Unable to read file: ENOENT: no such file or directory, open '/home/user/dotfiles/.git/refs/remotes/origin/main'
2025-09-07 18:01:52.370 [info] > git rev-parse refs/remotes/origin/main [1ms]
2025-09-07 18:01:52.377 [info] > git for-each-ref --sort -committerdate --format %(refname)%00%(objectname)%00%(*objectname) [1ms]
2025-09-07 18:01:52.380 [info] > git status -z -uall [8ms]
2025-09-07 18:01:52.387 [info] > git blame --root --incremental e05589ea82d0635bb31cb1b8b1fa84c788b39850 -- README.md [2ms]
2025-09-07 18:01:52.402 [info] > git config --get commit.template [3ms]
2025-09-07 18:01:52.403 [info] > git for-each-ref --format=%(refname)%00%(upstream:short)%00%(objectname)%00%(upstream:track)%00%(upstream:remotename)%00%(upstream:remoteref) refs/heads/main refs/remotes/main [1ms]
2025-09-07 18:01:52.406 [warning] [Git][revParse] Unable to read file: ENOENT: no such file or directory, open '/home/user/dotfiles/.git/refs/remotes/origin/main'
2025-09-07 18:01:52.407 [info] > git rev-parse refs/remotes/origin/main [1ms]
2025-09-07 18:01:52.413 [info] > git for-each-ref --sort -committerdate --format %(refname)%00%(objectname)%00%(*objectname) [1ms]
2025-09-07 18:01:52.417 [info] > git status -z -uall [8ms]
2025-09-07 18:01:53.519 [info] > git ls-files --stage -- README.md [1ms]
2025-09-07 18:01:53.524 [info] > git cat-file -s fc73cb5a23daf9fd75cc4ff5b7dc61da4682154c [1ms]
2025-09-07 18:01:53.529 [info] > git show --textconv :README.md [1ms]
2025-09-07 18:01:55.634 [info] > git log --format=%H%n%aN%n%aE%n%at%n%ct%n%P%n%D%n%B -z --shortstat --diff-merges=first-parent -n50 --skip=0 --topo-order --decorate=full --stdin [33ms]
2025-09-07 18:01:57.600 [info] > git diff-tree -r --name-status -z --diff-filter=ADMR --find-renames=50% 3143d3d17ddbd22be0f8bd8e174a702717b1af00 e05589ea82d0635bb31cb1b8b1fa84c788b39850 [1ms]
2025-09-07 18:01:58.111 [info] > git check-ignore -v -z --stdin [1ms]
2025-09-07 18:01:58.553 [info] > git show --textconv 3143d3d17ddbd22be0f8bd8e174a702717b1af00:README.md [10ms]
2025-09-07 18:01:58.553 [info] > git show --textconv e05589ea82d0635bb31cb1b8b1fa84c788b39850:README.md [7ms]
2025-09-07 18:01:58.553 [info] > git ls-tree -l 3143d3d17ddbd22be0f8bd8e174a702717b1af00 -- README.md [4ms]
2025-09-07 18:01:58.554 [info] > git ls-tree -l e05589ea82d0635bb31cb1b8b1fa84c788b39850 -- README.md [2ms]
2025-09-07 18:01:59.058 [info] > git check-ignore -v -z --stdin [1ms]
2025-09-07 18:01:59.375 [info] > git diff-tree -r --name-status -z --diff-filter=ADMR --find-renames=50% 8592b0571d8cd0a7f3d370af45b531072190aaee 3143d3d17ddbd22be0f8bd8e174a702717b1af00 [6ms]
2025-09-07 18:01:59.994 [info] > git check-ignore -v -z --stdin [1ms]
2025-09-07 18:02:00.222 [info] > git show --textconv 3143d3d17ddbd22be0f8bd8e174a702717b1af00:.config/.gsd-keyboard.settings-ported [3ms]
2025-09-07 18:02:00.223 [info] > git ls-tree -l 3143d3d17ddbd22be0f8bd8e174a702717b1af00 -- .config/.gsd-keyboard.settings-ported [2ms]
2025-09-07 18:02:00.727 [info] > git check-ignore -v -z --stdin [1ms]
2025-09-07 18:02:52.602 [info] > git push origin main:main [141236ms]
2025-09-07 18:02:52.602 [info] remote: warning: See https://gh.io/lfs for more information.        
remote: warning: File e4289accf0280477c52e64193160f002a2c343e9 is 59.68 MB; this is larger than GitHub's recommended maximum file size of 50.00 MB        
remote: warning: File d0ac66d87ab7b1d2ef220b54b7ac057aa4355257 is 75.51 MB; this is larger than GitHub's recommended maximum file size of 50.00 MB        
remote: warning: GH001: Large files detected. You may want to try Git Large File Storage - https://git-lfs.github.com.        
To https://github.com/sakuyma/dotfiles
 ! [remote rejected] main -> main (cannot lock ref 'refs/heads/main': is at 3143d3d17ddbd22be0f8bd8e174a702717b1af00 but expected 8592b0571d8cd0a7f3d370af45b531072190aaee)
error: failed to push some refs to 'https://github.com/sakuyma/dotfiles'
2025-09-07 18:02:52.609 [info] > git config --get commit.template [3ms]
2025-09-07 18:02:52.609 [info] > git for-each-ref --format=%(refname)%00%(upstream:short)%00%(objectname)%00%(upstream:track)%00%(upstream:remotename)%00%(upstream:remoteref) refs/heads/main refs/remotes/main [1ms]
2025-09-07 18:02:52.612 [warning] [Git][revParse] Unable to read file: ENOENT: no such file or directory, open '/home/user/dotfiles/.git/refs/remotes/origin/main'
2025-09-07 18:02:52.612 [info] > git rev-parse refs/remotes/origin/main [0ms]
2025-09-07 18:02:52.618 [info] > git for-each-ref --sort -committerdate --format %(refname)%00%(objectname)%00%(*objectname) [1ms]
2025-09-07 18:02:52.622 [info] > git status -z -uall [7ms]
2025-09-07 18:02:56.639 [info] > git ls-tree -l 3143d3d17ddbd22be0f8bd8e174a702717b1af00 -- .config/.gsd-keyboard.settings-ported [1ms]
2025-09-07 18:02:58.895 [info] > git for-each-ref --format=%(refname)%00%(upstream:short)%00%(objectname)%00%(upstream:track)%00%(upstream:remotename)%00%(upstream:remoteref) refs/remotes/origin/main [1ms]
2025-09-07 18:02:58.901 [info] > git log --oneline --cherry main...main@{upstream} -- [1ms]
2025-09-07 18:02:59.404 [info] > git pull --tags origin main [500ms]
2025-09-07 18:02:59.404 [info] From https://github.com/sakuyma/dotfiles
 * branch            main       -> FETCH_HEAD
   8592b05..3143d3d  main       -> origin/main
2025-09-07 18:02:59.411 [info] > git config --get commit.template [4ms]
2025-09-07 18:02:59.412 [info] > git for-each-ref --format=%(refname)%00%(upstream:short)%00%(objectname)%00%(upstream:track)%00%(upstream:remotename)%00%(upstream:remoteref) refs/heads/main refs/remotes/main [1ms]
2025-09-07 18:02:59.419 [info] > git for-each-ref --sort -committerdate --format %(refname)%00%(objectname)%00%(*objectname) [1ms]
2025-09-07 18:02:59.422 [info] > git status -z -uall [7ms]
2025-09-07 18:02:59.461 [info] > git log --format=%H%n%aN%n%aE%n%at%n%ct%n%P%n%D%n%B -z --shortstat --diff-merges=first-parent -n50 --skip=0 --topo-order --decorate=full --stdin [34ms]
2025-09-07 18:02:59.469 [info] > git diff-tree -r --name-status -z --diff-filter=ADMR --find-renames=50% 3143d3d17ddbd22be0f8bd8e174a702717b1af00 e05589ea82d0635bb31cb1b8b1fa84c788b39850 [4ms]
2025-09-07 18:02:59.473 [info] > git diff-tree -r --name-status -z --diff-filter=ADMR --find-renames=50% 8592b0571d8cd0a7f3d370af45b531072190aaee 3143d3d17ddbd22be0f8bd8e174a702717b1af00 [5ms]
2025-09-07 18:03:00.587 [info] > git config --get commit.template [3ms]
2025-09-07 18:03:00.588 [info] > git for-each-ref --format=%(refname)%00%(upstream:short)%00%(objectname)%00%(upstream:track)%00%(upstream:remotename)%00%(upstream:remoteref) refs/heads/main refs/remotes/main [1ms]
2025-09-07 18:03:00.596 [info] > git for-each-ref --sort -committerdate --format %(refname)%00%(objectname)%00%(*objectname) [1ms]
2025-09-07 18:03:00.600 [info] > git status -z -uall [8ms]
2025-09-07 18:03:00.685 [info] > git ls-tree -l 3143d3d17ddbd22be0f8bd8e174a702717b1af00 -- .config/.gsd-keyboard.settings-ported [1ms]
2025-09-07 18:03:00.690 [info] > git show --textconv 3143d3d17ddbd22be0f8bd8e174a702717b1af00:.config/.gsd-keyboard.settings-ported [1ms]
2025-09-07 18:03:04.189 [info] > git fetch [734ms]
2025-09-07 18:03:04.196 [info] > git config --get commit.template [3ms]
2025-09-07 18:03:04.197 [info] > git for-each-ref --format=%(refname)%00%(upstream:short)%00%(objectname)%00%(upstream:track)%00%(upstream:remotename)%00%(upstream:remoteref) refs/heads/main refs/remotes/main [1ms]
2025-09-07 18:03:04.204 [info] > git for-each-ref --sort -committerdate --format %(refname)%00%(objectname)%00%(*objectname) [1ms]
2025-09-07 18:03:04.210 [info] > git status -z -uall [10ms]
2025-09-07 18:03:05.369 [info] > git ls-tree -l 3143d3d17ddbd22be0f8bd8e174a702717b1af00 -- .config/.gsd-keyboard.settings-ported [1ms]
2025-09-07 18:03:05.374 [info] > git show --textconv 3143d3d17ddbd22be0f8bd8e174a702717b1af00:.config/.gsd-keyboard.settings-ported [1ms]
2025-09-07 18:03:06.102 [info] > git push origin main:main [1628ms]
2025-09-07 18:03:06.102 [info] To https://github.com/sakuyma/dotfiles
   3143d3d..e05589e  main -> main
2025-09-07 18:03:06.109 [info] > git config --get commit.template [3ms]
2025-09-07 18:03:06.110 [info] > git for-each-ref --format=%(refname)%00%(upstream:short)%00%(objectname)%00%(upstream:track)%00%(upstream:remotename)%00%(upstream:remoteref) refs/heads/main refs/remotes/main [1ms]
2025-09-07 18:03:06.118 [info] > git for-each-ref --sort -committerdate --format %(refname)%00%(objectname)%00%(*objectname) [1ms]
2025-09-07 18:03:06.123 [info] > git status -z -uall [9ms]
2025-09-07 18:03:06.133 [info] > git config --get commit.template [4ms]
2025-09-07 18:03:06.138 [info] > git for-each-ref --format=%(refname)%00%(upstream:short)%00%(objectname)%00%(upstream:track)%00%(upstream:remotename)%00%(upstream:remoteref) refs/heads/main refs/remotes/main [2ms]
2025-09-07 18:03:06.145 [info] > git for-each-ref --sort -committerdate --format %(refname)%00%(objectname)%00%(*objectname) [1ms]
2025-09-07 18:03:06.149 [info] > git status -z -uall [8ms]
2025-09-07 18:03:06.168 [info] > git log --format=%H%n%aN%n%aE%n%at%n%ct%n%P%n%D%n%B -z --shortstat --diff-merges=first-parent -n50 --skip=0 --topo-order --decorate=full --stdin [35ms]
2025-09-07 18:03:06.176 [info] > git diff-tree -r --name-status -z --diff-filter=ADMR --find-renames=50% 3143d3d17ddbd22be0f8bd8e174a702717b1af00 e05589ea82d0635bb31cb1b8b1fa84c788b39850 [2ms]
2025-09-07 18:03:07.282 [info] > git ls-tree -l 3143d3d17ddbd22be0f8bd8e174a702717b1af00 -- .config/.gsd-keyboard.settings-ported [1ms]
2025-09-07 18:03:07.287 [info] > git show --textconv 3143d3d17ddbd22be0f8bd8e174a702717b1af00:.config/.gsd-keyboard.settings-ported [1ms]
2025-09-07 18:14:17.436 [info] > git config --get commit.template [4ms]
2025-09-07 18:14:17.440 [info] > git ls-tree -l 3143d3d17ddbd22be0f8bd8e174a702717b1af00 -- .config/.gsd-keyboard.settings-ported [4ms]
2025-09-07 18:14:17.441 [info] > git for-each-ref --format=%(refname)%00%(upstream:short)%00%(objectname)%00%(upstream:track)%00%(upstream:remotename)%00%(upstream:remoteref) refs/heads/main refs/remotes/main [1ms]
2025-09-07 18:14:17.449 [info] > git for-each-ref --sort -committerdate --format %(refname)%00%(objectname)%00%(*objectname) [1ms]
2025-09-07 18:14:17.452 [info] > git status -z -uall [8ms]
2025-09-07 18:14:17.896 [info] > git fetch [467ms]
2025-09-07 18:14:17.902 [info] > git config --get commit.template [3ms]
2025-09-07 18:14:17.902 [info] > git for-each-ref --format=%(refname)%00%(upstream:short)%00%(objectname)%00%(upstream:track)%00%(upstream:remotename)%00%(upstream:remoteref) refs/heads/main refs/remotes/main [1ms]
2025-09-07 18:14:17.908 [info] > git for-each-ref --sort -committerdate --format %(refname)%00%(objectname)%00%(*objectname) [1ms]
2025-09-07 18:14:17.913 [info] > git status -z -uall [8ms]
2025-09-07 18:14:40.312 [info] > git config --get commit.template [4ms]
2025-09-07 18:14:40.316 [info] > git ls-tree -l 3143d3d17ddbd22be0f8bd8e174a702717b1af00 -- .config/.gsd-keyboard.settings-ported [4ms]
2025-09-07 18:14:40.316 [info] > git for-each-ref --format=%(refname)%00%(upstream:short)%00%(objectname)%00%(upstream:track)%00%(upstream:remotename)%00%(upstream:remoteref) refs/heads/main refs/remotes/main [1ms]
2025-09-07 18:14:40.325 [info] > git for-each-ref --sort -committerdate --format %(refname)%00%(objectname)%00%(*objectname) [4ms]
2025-09-07 18:14:40.326 [info] > git show --textconv 3143d3d17ddbd22be0f8bd8e174a702717b1af00:.config/.gsd-keyboard.settings-ported [1ms]
2025-09-07 18:14:40.329 [info] > git status -z -uall [10ms]
2025-09-07 18:14:40.947 [info] > git check-ignore -v -z --stdin [1ms]
2025-09-07 18:14:45.340 [info] > git config --get commit.template [3ms]
2025-09-07 18:14:45.341 [info] > git for-each-ref --format=%(refname)%00%(upstream:short)%00%(objectname)%00%(upstream:track)%00%(upstream:remotename)%00%(upstream:remoteref) refs/heads/main refs/remotes/main [1ms]
2025-09-07 18:14:45.348 [info] > git for-each-ref --sort -committerdate --format %(refname)%00%(objectname)%00%(*objectname) [1ms]
2025-09-07 18:14:45.351 [info] > git status -z -uall [7ms]
2025-09-07 18:14:55.640 [info] > git add -A -- . [11ms]
2025-09-07 18:14:55.649 [info] > git -c user.useConfigOnly=true commit --quiet --allow-empty-message --file - [6ms]
2025-09-07 18:14:55.652 [info] > git config --get commit.template [0ms]
2025-09-07 18:14:55.656 [info] > git config --get commit.template [0ms]
2025-09-07 18:14:55.660 [info] > git for-each-ref --format=%(refname)%00%(upstream:short)%00%(objectname)%00%(upstream:track)%00%(upstream:remotename)%00%(upstream:remoteref) refs/heads/main refs/remotes/main [1ms]
2025-09-07 18:14:55.667 [info] > git for-each-ref --sort -committerdate --format %(refname)%00%(objectname)%00%(*objectname) [1ms]
2025-09-07 18:14:55.670 [info] > git status -z -uall [7ms]
2025-09-07 18:14:55.689 [info] > git config --get commit.template [1ms]
2025-09-07 18:14:55.693 [info] > git for-each-ref --format=%(refname)%00%(upstream:short)%00%(objectname)%00%(upstream:track)%00%(upstream:remotename)%00%(upstream:remoteref) refs/heads/main refs/remotes/main [1ms]
2025-09-07 18:14:55.699 [info] > git for-each-ref --sort -committerdate --format %(refname)%00%(objectname)%00%(*objectname) [0ms]
2025-09-07 18:14:55.703 [info] > git status -z -uall [7ms]
2025-09-07 18:14:55.712 [info] > git log --format=%H%n%aN%n%aE%n%at%n%ct%n%P%n%D%n%B -z --shortstat --diff-merges=first-parent -n50 --skip=0 --topo-order --decorate=full --stdin [34ms]
2025-09-07 18:14:55.717 [info] > git diff-tree -r --name-status -z --diff-filter=ADMR --find-renames=50% 3143d3d17ddbd22be0f8bd8e174a702717b1af00 e05589ea82d0635bb31cb1b8b1fa84c788b39850 [1ms]
2025-09-07 18:14:56.713 [info] > git config --get commit.template [1ms]
2025-09-07 18:14:56.717 [info] > git for-each-ref --format=%(refname)%00%(upstream:short)%00%(objectname)%00%(upstream:track)%00%(upstream:remotename)%00%(upstream:remoteref) refs/heads/main refs/remotes/main [1ms]
2025-09-07 18:14:56.723 [info] > git for-each-ref --sort -committerdate --format %(refname)%00%(objectname)%00%(*objectname) [0ms]
2025-09-07 18:14:56.727 [info] > git status -z -uall [7ms]
2025-09-07 18:14:56.814 [info] > git ls-tree -l 3143d3d17ddbd22be0f8bd8e174a702717b1af00 -- .config/.gsd-keyboard.settings-ported [1ms]
2025-09-07 18:14:56.819 [info] > git show --textconv 3143d3d17ddbd22be0f8bd8e174a702717b1af00:.config/.gsd-keyboard.settings-ported [2ms]
2025-09-07 18:14:58.551 [info] > git push origin main:main [1451ms]
2025-09-07 18:14:58.551 [info] To https://github.com/sakuyma/dotfiles
   e05589e..d8fa796  main -> main
2025-09-07 18:14:58.557 [info] > git config --get commit.template [3ms]
2025-09-07 18:14:58.558 [info] > git for-each-ref --format=%(refname)%00%(upstream:short)%00%(objectname)%00%(upstream:track)%00%(upstream:remotename)%00%(upstream:remoteref) refs/heads/main refs/remotes/main [1ms]
2025-09-07 18:14:58.565 [info] > git for-each-ref --sort -committerdate --format %(refname)%00%(objectname)%00%(*objectname) [1ms]
2025-09-07 18:14:58.571 [info] > git status -z -uall [10ms]
2025-09-07 18:14:58.609 [info] > git log --format=%H%n%aN%n%aE%n%at%n%ct%n%P%n%D%n%B -z --shortstat --diff-merges=first-parent -n50 --skip=0 --topo-order --decorate=full --stdin [33ms]
2025-09-07 18:14:58.614 [info] > git diff-tree -r --name-status -z --diff-filter=ADMR --find-renames=50% 3143d3d17ddbd22be0f8bd8e174a702717b1af00 e05589ea82d0635bb31cb1b8b1fa84c788b39850 [1ms]
2025-09-07 18:14:59.730 [info] > git ls-tree -l 3143d3d17ddbd22be0f8bd8e174a702717b1af00 -- .config/.gsd-keyboard.settings-ported [1ms]
2025-09-07 18:14:59.734 [info] > git show --textconv 3143d3d17ddbd22be0f8bd8e174a702717b1af00:.config/.gsd-keyboard.settings-ported [1ms]
2025-09-07 18:15:01.736 [info] > git config --get commit.template [3ms]
2025-09-07 18:15:01.736 [info] > git for-each-ref --format=%(refname)%00%(upstream:short)%00%(objectname)%00%(upstream:track)%00%(upstream:remotename)%00%(upstream:remoteref) refs/heads/main refs/remotes/main [0ms]
2025-09-07 18:15:01.744 [info] > git for-each-ref --sort -committerdate --format %(refname)%00%(objectname)%00%(*objectname) [1ms]
2025-09-07 18:15:01.747 [info] > git status -z -uall [7ms]
2025-09-07 18:58:31.810 [info] > git ls-tree -l 3143d3d17ddbd22be0f8bd8e174a702717b1af00 -- .config/.gsd-keyboard.settings-ported [1ms]
2025-09-07 18:58:31.814 [info] > git fetch [8ms]
2025-09-07 18:58:31.814 [info] fatal: unable to access 'https://github.com/sakuyma/dotfiles/': Could not resolve host: github.com
2025-09-07 18:58:31.821 [info] > git config --get commit.template [3ms]
2025-09-07 18:58:31.822 [info] > git for-each-ref --format=%(refname)%00%(upstream:short)%00%(objectname)%00%(upstream:track)%00%(upstream:remotename)%00%(upstream:remoteref) refs/heads/main refs/remotes/main [1ms]
2025-09-07 18:58:31.831 [info] > git for-each-ref --sort -committerdate --format %(refname)%00%(objectname)%00%(*objectname) [1ms]
2025-09-07 18:58:31.835 [info] > git status -z -uall [9ms]
2025-09-07 18:58:32.892 [info] > git config --get commit.template [4ms]
2025-09-07 18:58:32.892 [info] > git for-each-ref --format=%(refname)%00%(upstream:short)%00%(objectname)%00%(upstream:track)%00%(upstream:remotename)%00%(upstream:remoteref) refs/heads/main refs/remotes/main [1ms]
2025-09-07 18:58:32.898 [info] > git for-each-ref --sort -committerdate --format %(refname)%00%(objectname)%00%(*objectname) [1ms]
2025-09-07 18:58:32.903 [info] > git status -z -uall [8ms]
2025-09-07 18:59:36.941 [info] > git config --get commit.template [5ms]
2025-09-07 18:59:36.944 [info] > git ls-tree -l 3143d3d17ddbd22be0f8bd8e174a702717b1af00 -- .config/.gsd-keyboard.settings-ported [4ms]
2025-09-07 18:59:36.945 [info] > git for-each-ref --format=%(refname)%00%(upstream:short)%00%(objectname)%00%(upstream:track)%00%(upstream:remotename)%00%(upstream:remoteref) refs/heads/main refs/remotes/main [1ms]
2025-09-07 18:59:36.955 [info] > git show --textconv 3143d3d17ddbd22be0f8bd8e174a702717b1af00:.config/.gsd-keyboard.settings-ported [7ms]
2025-09-07 18:59:36.956 [info] > git for-each-ref --sort -committerdate --format %(refname)%00%(objectname)%00%(*objectname) [1ms]
2025-09-07 18:59:36.960 [info] > git status -z -uall [9ms]
