2025-09-07 19:01:49.603 [info] [main] Log level: Info
2025-09-07 19:01:49.603 [info] [main] Validating found git in: "git"
2025-09-07 19:01:49.603 [info] [main] Using git "2.51.0" from "git"
2025-09-07 19:01:49.603 [info] [Model][doInitialScan] Initial repository scan started
2025-09-07 19:01:49.603 [info] > git rev-parse --show-toplevel [3ms]
2025-09-07 19:01:49.603 [info] > git rev-parse --git-dir --git-common-dir --show-superproject-working-tree [3ms]
2025-09-07 19:01:49.603 [info] [Model][openRepository] Opened repository (path): /home/user/dotfiles
2025-09-07 19:01:49.603 [info] [Model][openRepository] Opened repository (real path): /home/user/dotfiles
2025-09-07 19:01:49.603 [info] [Model][openRepository] Opened repository (kind): repository
2025-09-07 19:01:49.621 [info] > git rev-parse --show-toplevel [12ms]
2025-09-07 19:01:49.621 [info] [Model][doInitialScan] Initial repository scan completed - repositories (1), closed repositories (0), parent repositories (0), unsafe repositories (0)
2025-09-07 19:01:49.628 [info] > git config --get commit.template [22ms]
2025-09-07 19:01:49.642 [info] > git show --textconv 3143d3d17ddbd22be0f8bd8e174a702717b1af00:.config/.gsd-keyboard.settings-ported [17ms]
2025-09-07 19:01:49.642 [info] > git ls-tree -l 3143d3d17ddbd22be0f8bd8e174a702717b1af00 -- .config/.gsd-keyboard.settings-ported [15ms]
2025-09-07 19:01:49.659 [info] > git for-each-ref --format=%(refname)%00%(upstream:short)%00%(objectname)%00%(upstream:track)%00%(upstream:remotename)%00%(upstream:remoteref) refs/heads/main refs/remotes/main [5ms]
2025-09-07 19:01:49.665 [info] > git ls-tree -l 3143d3d17ddbd22be0f8bd8e174a702717b1af00 -- .config/.gsd-keyboard.settings-ported [7ms]
2025-09-07 19:01:49.699 [info] > git for-each-ref --sort -committerdate --format %(refname)%00%(objectname)%00%(*objectname) [1ms]
2025-09-07 19:01:49.701 [info] > git status -z -uall [6ms]
2025-09-07 19:01:49.716 [info] > git for-each-ref --format=%(refname)%00%(upstream:short)%00%(objectname)%00%(upstream:track)%00%(upstream:remotename)%00%(upstream:remoteref) refs/heads/main refs/remotes/main [4ms]
2025-09-07 19:01:49.719 [info] > git config --get commit.template [4ms]
2025-09-07 19:01:49.723 [info] > git config --get --local branch.main.vscode-merge-base [3ms]
2025-09-07 19:01:49.733 [info] > git for-each-ref --format=%(refname)%00%(upstream:short)%00%(objectname)%00%(upstream:track)%00%(upstream:remotename)%00%(upstream:remoteref) refs/heads/origin/main refs/remotes/origin/main [7ms]
2025-09-07 19:01:49.733 [info] > git for-each-ref --format=%(refname)%00%(upstream:short)%00%(objectname)%00%(upstream:track)%00%(upstream:remotename)%00%(upstream:remoteref) refs/heads/main refs/remotes/main [11ms]
2025-09-07 19:01:49.742 [info] > git for-each-ref --sort -committerdate --format %(refname)%00%(objectname)%00%(*objectname) [1ms]
2025-09-07 19:01:49.748 [info] > git status -z -uall [11ms]
2025-09-07 19:01:50.108 [info] > git check-ignore -v -z --stdin [1ms]
2025-09-07 19:01:50.114 [info] > git fetch [513ms]
2025-09-07 19:01:50.119 [info] > git config --get commit.template [2ms]
2025-09-07 19:01:50.120 [info] > git for-each-ref --format=%(refname)%00%(upstream:short)%00%(objectname)%00%(upstream:track)%00%(upstream:remotename)%00%(upstream:remoteref) refs/heads/main refs/remotes/main [1ms]
2025-09-07 19:01:50.125 [info] > git for-each-ref --sort -committerdate --format %(refname)%00%(objectname)%00%(*objectname) [1ms]
2025-09-07 19:01:50.130 [info] > git status -z -uall [8ms]
2025-09-07 19:01:50.959 [info] > git check-ignore -v -z --stdin [2ms]
2025-09-07 19:01:51.197 [info] > git config --get commit.template [3ms]
2025-09-07 19:01:51.198 [info] > git for-each-ref --format=%(refname)%00%(upstream:short)%00%(objectname)%00%(upstream:track)%00%(upstream:remotename)%00%(upstream:remoteref) refs/heads/main refs/remotes/main [1ms]
2025-09-07 19:01:51.204 [info] > git for-each-ref --sort -committerdate --format %(refname)%00%(objectname)%00%(*objectname) [1ms]
2025-09-07 19:01:51.209 [info] > git status -z -uall [8ms]
2025-09-07 19:01:51.295 [info] > git ls-tree -l 3143d3d17ddbd22be0f8bd8e174a702717b1af00 -- .config/.gsd-keyboard.settings-ported [1ms]
2025-09-07 19:01:51.300 [info] > git show --textconv 3143d3d17ddbd22be0f8bd8e174a702717b1af00:.config/.gsd-keyboard.settings-ported [1ms]
2025-09-07 19:01:51.457 [info] > git log --format=%H%n%aN%n%aE%n%at%n%ct%n%P%n%D%n%B -z --shortstat --diff-merges=first-parent -n50 --skip=0 --topo-order --decorate=full --stdin [33ms]
2025-09-07 19:01:52.572 [info] > git show --textconv HEAD:.config/fastfetch [4ms]
2025-09-07 19:01:52.576 [info] > git ls-tree -l HEAD -- .config/fastfetch [4ms]
2025-09-07 19:01:52.576 [info] > git hash-object -t tree /dev/null [1ms]
2025-09-07 19:01:52.576 [warning] [GitFileSystemProvider][readFile] File not found - git:/home/user/dotfiles/.config/fastfetch?%7B%22path%22%3A%22%2Fhome%2Fuser%2Fdotfiles%2F.config%2Ffastfetch%22%2C%22ref%22%3A%22~%22%7D
2025-09-07 19:01:56.219 [info] > git config --get commit.template [2ms]
2025-09-07 19:01:56.219 [info] > git for-each-ref --format=%(refname)%00%(upstream:short)%00%(objectname)%00%(upstream:track)%00%(upstream:remotename)%00%(upstream:remoteref) refs/heads/main refs/remotes/main [1ms]
2025-09-07 19:01:56.225 [info] > git for-each-ref --sort -committerdate --format %(refname)%00%(objectname)%00%(*objectname) [1ms]
2025-09-07 19:01:56.231 [info] > git status -z -uall [9ms]
2025-09-07 19:01:57.301 [info] > git check-ignore -v -z --stdin [1ms]
2025-09-07 19:01:59.854 [info] > git show --textconv :.config/fastfetch/config1.txt [3ms]
2025-09-07 19:01:59.854 [warning] [GitFileSystemProvider][readFile] File not found - git:/home/user/dotfiles/.config/fastfetch/config1.txt.git?%7B%22path%22%3A%22%2Fhome%2Fuser%2Fdotfiles%2F.config%2Ffastfetch%2Fconfig1.txt%22%2C%22ref%22%3A%22%22%7D
2025-09-07 19:01:59.855 [info] > git ls-files --stage -- .config/fastfetch/config1.txt [1ms]
2025-09-07 19:01:59.855 [warning] [GitFileSystemProvider][stat] File not found - git:/home/user/dotfiles/.config/fastfetch/config1.txt.git?%7B%22path%22%3A%22%2Fhome%2Fuser%2Fdotfiles%2F.config%2Ffastfetch%2Fconfig1.txt%22%2C%22ref%22%3A%22%22%7D
2025-09-07 19:02:02.225 [info] > git show --textconv :README.md [3ms]
2025-09-07 19:02:02.227 [info] > git ls-files --stage -- README.md [2ms]
2025-09-07 19:02:02.231 [info] > git cat-file -s fc73cb5a23daf9fd75cc4ff5b7dc61da4682154c [1ms]
2025-09-07 19:02:02.248 [info] > git blame --root --incremental d8fa7963cccc2bf8fdb63a3ba8da9bd8a98c3e85 -- README.md [9ms]
2025-09-07 19:02:02.532 [info] > git check-ignore -v -z --stdin [2ms]
2025-09-07 19:02:03.108 [info] > git config --get commit.template [3ms]
2025-09-07 19:02:03.109 [info] > git for-each-ref --format=%(refname)%00%(upstream:short)%00%(objectname)%00%(upstream:track)%00%(upstream:remotename)%00%(upstream:remoteref) refs/heads/main refs/remotes/main [0ms]
2025-09-07 19:02:03.115 [info] > git for-each-ref --sort -committerdate --format %(refname)%00%(objectname)%00%(*objectname) [1ms]
2025-09-07 19:02:03.118 [info] > git status -z -uall [7ms]
2025-09-07 19:02:05.830 [info] > git check-ignore -v -z --stdin [2ms]
2025-09-07 19:02:06.496 [info] > git check-ignore -v -z --stdin [2ms]
2025-09-07 19:02:08.405 [info] > git log --format=%H%n%aN%n%aE%n%at%n%ct%n%P%n%D%n%B -z --shortstat --diff-merges=first-parent -n50 --skip=0 --topo-order --decorate=full --stdin [32ms]
2025-09-07 19:02:17.888 [info] > git log --format=%H%n%aN%n%aE%n%at%n%ct%n%P%n%D%n%B -z --shortstat --diff-merges=first-parent -n50 --skip=0 --topo-order --decorate=full --stdin [32ms]
2025-09-07 19:02:24.807 [info] > git log --format=%H%n%aN%n%aE%n%at%n%ct%n%P%n%D%n%B -z --shortstat --diff-merges=first-parent -n50 --skip=0 --topo-order --decorate=full --stdin [34ms]
2025-09-07 19:02:27.749 [info] > git add -A -- . [8ms]
2025-09-07 19:02:27.764 [info] > git -c user.useConfigOnly=true commit --quiet --allow-empty-message --file - [12ms]
2025-09-07 19:02:27.768 [info] > git config --get-all user.name [1ms]
2025-09-07 19:02:27.771 [info] > git config --get-all user.email [1ms]
2025-09-07 19:02:27.777 [info] > git config --get commit.template [3ms]
2025-09-07 19:02:27.777 [info] > git for-each-ref --format=%(refname)%00%(upstream:short)%00%(objectname)%00%(upstream:track)%00%(upstream:remotename)%00%(upstream:remoteref) refs/heads/main refs/remotes/main [1ms]
2025-09-07 19:02:27.784 [info] > git for-each-ref --sort -committerdate --format %(refname)%00%(objectname)%00%(*objectname) [1ms]
2025-09-07 19:02:27.789 [info] > git status -z -uall [9ms]
2025-09-07 19:02:29.284 [info] > git config --get commit.template [1ms]
2025-09-07 19:02:29.290 [info] > git ls-files --stage -- README.md [3ms]
2025-09-07 19:02:29.293 [info] > git for-each-ref --format=%(refname)%00%(upstream:short)%00%(objectname)%00%(upstream:track)%00%(upstream:remotename)%00%(upstream:remoteref) refs/heads/main refs/remotes/main [4ms]
2025-09-07 19:02:29.300 [info] > git cat-file -s fc73cb5a23daf9fd75cc4ff5b7dc61da4682154c [7ms]
2025-09-07 19:02:29.303 [info] > git for-each-ref --sort -committerdate --format %(refname)%00%(objectname)%00%(*objectname) [3ms]
2025-09-07 19:02:29.304 [info] > git status -z -uall [8ms]
2025-09-07 19:02:29.304 [info] > git show --textconv :README.md [1ms]
2025-09-07 19:02:31.121 [info] > git show --textconv HEAD:.config/fastfetch [5ms]
2025-09-07 19:02:31.121 [warning] [GitFileSystemProvider][readFile] File not found - git:/home/user/dotfiles/.config/fastfetch?%7B%22path%22%3A%22%2Fhome%2Fuser%2Fdotfiles%2F.config%2Ffastfetch%22%2C%22ref%22%3A%22~%22%7D
2025-09-07 19:02:31.122 [info] > git ls-tree -l HEAD -- .config/fastfetch [2ms]
2025-09-07 19:02:36.989 [info] > git log --format=%H%n%aN%n%aE%n%at%n%ct%n%P%n%D%n%B -z --shortstat --diff-merges=first-parent -n50 --skip=0 --topo-order --decorate=full --stdin [32ms]
2025-09-07 19:02:38.884 [info] > git push origin main:main [779ms]
2025-09-07 19:02:38.884 [info] Everything up-to-date
2025-09-07 19:02:38.891 [info] > git config --get commit.template [3ms]
2025-09-07 19:02:38.896 [info] > git for-each-ref --format=%(refname)%00%(upstream:short)%00%(objectname)%00%(upstream:track)%00%(upstream:remotename)%00%(upstream:remoteref) refs/heads/main refs/remotes/main [2ms]
2025-09-07 19:02:38.905 [info] > git for-each-ref --sort -committerdate --format %(refname)%00%(objectname)%00%(*objectname) [2ms]
2025-09-07 19:02:38.917 [info] > git status -z -uall [17ms]
2025-09-07 19:02:42.711 [info] > git add -A -- . [8ms]
2025-09-07 19:02:42.723 [info] > git -c user.useConfigOnly=true commit --quiet --allow-empty-message --file - [9ms]
2025-09-07 19:02:42.726 [info] > git config --get-all user.name [1ms]
2025-09-07 19:02:42.730 [info] > git config --get-all user.email [1ms]
2025-09-07 19:02:42.736 [info] > git config --get commit.template [3ms]
2025-09-07 19:02:42.737 [info] > git for-each-ref --format=%(refname)%00%(upstream:short)%00%(objectname)%00%(upstream:track)%00%(upstream:remotename)%00%(upstream:remoteref) refs/heads/main refs/remotes/main [1ms]
2025-09-07 19:02:42.744 [info] > git for-each-ref --sort -committerdate --format %(refname)%00%(objectname)%00%(*objectname) [1ms]
2025-09-07 19:02:42.748 [info] > git status -z -uall [7ms]
2025-09-07 19:02:44.058 [info] > git config --get commit.template [4ms]
2025-09-07 19:02:44.058 [info] > git for-each-ref --format=%(refname)%00%(upstream:short)%00%(objectname)%00%(upstream:track)%00%(upstream:remotename)%00%(upstream:remoteref) refs/heads/main refs/remotes/main [1ms]
2025-09-07 19:02:44.065 [info] > git for-each-ref --sort -committerdate --format %(refname)%00%(objectname)%00%(*objectname) [1ms]
2025-09-07 19:02:44.069 [info] > git status -z -uall [8ms]
