2025-09-08 16:42:13.950 [info] Extension host with pid 4761 started
2025-09-08 16:42:13.951 [info] Skipping acquiring lock for /home/user/.config/VSCodium/User/workspaceStorage/e929f75503b065961d4d35c8b7e734fc.
2025-09-08 16:42:14.049 [info] ExtensionService#_doActivateExtension vscode.emmet, startup: false, activationEvent: 'onLanguage'
2025-09-08 16:42:14.112 [info] ExtensionService#_doActivateExtension vscode.configuration-editing, startup: false, activationEvent: 'onLanguage:jsonc'
2025-09-08 16:42:14.139 [info] ExtensionService#_doActivateExtension vscode.json-language-features, startup: false, activationEvent: 'onLanguage:jsonc'
2025-09-08 16:42:14.332 [info] ExtensionService#_doActivateExtension vscode.typescript-language-features, startup: false, activationEvent: 'onLanguage:jsonc'
2025-09-08 16:42:15.013 [info] ExtensionService#_doActivateExtension vscode.git-base, startup: true, activationEvent: '*', root cause: vscode.git
2025-09-08 16:42:15.019 [info] ExtensionService#_doActivateExtension wayou.vscode-todo-highlight, startup: true, activationEvent: '*'
2025-09-08 16:42:15.044 [info] ExtensionService#_doActivateExtension vscode.git, startup: true, activationEvent: '*'
2025-09-08 16:42:15.189 [info] ExtensionService#_doActivateExtension vscode.github, startup: true, activationEvent: '*'
2025-09-08 16:42:15.564 [info] Eager extensions activated
2025-09-08 16:42:15.592 [info] ExtensionService#_doActivateExtension vscode.debug-auto-launch, startup: false, activationEvent: 'onStartupFinished'
2025-09-08 16:42:15.599 [info] ExtensionService#_doActivateExtension vscode.merge-conflict, startup: false, activationEvent: 'onStartupFinished'
2025-09-08 16:42:15.659 [info] ExtensionService#_doActivateExtension PKief.material-icon-theme, startup: false, activationEvent: 'onStartupFinished'
2025-09-08 16:42:16.277 [info] ExtensionService#_doActivateExtension vscode.github-authentication, startup: false, activationEvent: 'onAuthenticationRequest:github'
2025-09-08 16:42:18.967 [info] Extension host terminating: renderer closed the MessagePort
2025-09-08 16:42:19.005 [info] Extension host with pid 4761 exiting with code 0
2025-09-08 16:42:21.668 [info] Extension host with pid 4902 started
2025-09-08 16:42:21.735 [info] ExtensionService#_doActivateExtension vscode.git-base, startup: true, activationEvent: '*', root cause: vscode.git
2025-09-08 16:42:21.758 [info] ExtensionService#_doActivateExtension wayou.vscode-todo-highlight, startup: true, activationEvent: '*'
2025-09-08 16:42:21.785 [info] ExtensionService#_doActivateExtension vscode.git, startup: true, activationEvent: '*'
2025-09-08 16:42:21.926 [info] ExtensionService#_doActivateExtension vscode.github, startup: true, activationEvent: '*'
2025-09-08 16:42:22.262 [info] Eager extensions activated
2025-09-08 16:42:22.268 [info] ExtensionService#_doActivateExtension vscode.debug-auto-launch, startup: false, activationEvent: 'onStartupFinished'
2025-09-08 16:42:22.279 [info] ExtensionService#_doActivateExtension vscode.merge-conflict, startup: false, activationEvent: 'onStartupFinished'
2025-09-08 16:42:22.372 [info] ExtensionService#_doActivateExtension PKief.material-icon-theme, startup: false, activationEvent: 'onStartupFinished'
2025-09-08 16:42:44.887 [info] ExtensionService#_doActivateExtension vscode.emmet, startup: false, activationEvent: 'onLanguage'
2025-09-08 16:42:49.453 [info] Extension host terminating: renderer closed the MessagePort
2025-09-08 16:42:49.480 [info] Extension host with pid 4902 exiting with code 0
2025-09-08 16:42:51.138 [info] Extension host with pid 5001 started
2025-09-08 16:42:51.188 [info] ExtensionService#_doActivateExtension vscode.git-base, startup: false, activationEvent: 'onCommand:git.clone', root cause: vscode.git
2025-09-08 16:42:51.210 [info] ExtensionService#_doActivateExtension vscode.emmet, startup: false, activationEvent: 'onLanguage'
2025-09-08 16:42:51.317 [info] ExtensionService#_doActivateExtension vscode.git, startup: false, activationEvent: 'onCommand:git.clone'
2025-09-08 16:42:51.568 [info] ExtensionService#_doActivateExtension vscode.github, startup: true, activationEvent: '*'
2025-09-08 16:42:51.570 [info] ExtensionService#_doActivateExtension wayou.vscode-todo-highlight, startup: true, activationEvent: '*'
2025-09-08 16:42:51.830 [info] Eager extensions activated
2025-09-08 16:42:51.835 [info] ExtensionService#_doActivateExtension vscode.debug-auto-launch, startup: false, activationEvent: 'onStartupFinished'
2025-09-08 16:42:51.844 [info] ExtensionService#_doActivateExtension vscode.merge-conflict, startup: false, activationEvent: 'onStartupFinished'
2025-09-08 16:42:51.940 [info] ExtensionService#_doActivateExtension PKief.material-icon-theme, startup: false, activationEvent: 'onStartupFinished'
2025-09-08 16:43:00.245 [info] Extension host terminating: renderer closed the MessagePort
2025-09-08 16:43:00.267 [info] Extension host with pid 5001 exiting with code 0
2025-09-08 16:43:03.612 [info] Extension host with pid 5026 started
2025-09-08 16:43:03.612 [info] Skipping acquiring lock for /home/user/.config/VSCodium/User/workspaceStorage/0a4bfa1a3033128efeddba78eabf7124.
2025-09-08 16:43:04.193 [info] ExtensionService#_doActivateExtension vscode.git-base, startup: false, activationEvent: 'onFileSystem:git', root cause: vscode.git
2025-09-08 16:43:04.998 [info] ExtensionService#_doActivateExtension wayou.vscode-todo-highlight, startup: true, activationEvent: '*'
2025-09-08 16:43:05.060 [info] ExtensionService#_doActivateExtension vscode.git, startup: false, activationEvent: 'onFileSystem:git'
2025-09-08 16:43:05.229 [info] ExtensionService#_doActivateExtension vscode.github, startup: true, activationEvent: '*'
2025-09-08 16:43:05.589 [info] ExtensionService#_doActivateExtension vscode.terminal-suggest, startup: false, activationEvent: 'onTerminalShellIntegration:*'
2025-09-08 16:43:05.845 [info] Eager extensions activated
2025-09-08 16:43:05.888 [info] ExtensionService#_doActivateExtension vscode.emmet, startup: false, activationEvent: 'onLanguage'
2025-09-08 16:43:05.962 [info] ExtensionService#_doActivateExtension vscode.debug-auto-launch, startup: false, activationEvent: 'onStartupFinished'
2025-09-08 16:43:05.967 [info] ExtensionService#_doActivateExtension vscode.merge-conflict, startup: false, activationEvent: 'onStartupFinished'
2025-09-08 16:43:06.035 [info] ExtensionService#_doActivateExtension PKief.material-icon-theme, startup: false, activationEvent: 'onStartupFinished'
2025-09-08 16:43:06.508 [info] ExtensionService#_doActivateExtension vscode.github-authentication, startup: false, activationEvent: 'onAuthenticationRequest:github'
2025-09-08 16:44:11.090 [info] Extension host terminating: renderer closed the MessagePort
2025-09-08 16:44:11.117 [info] Extension host with pid 5026 exiting with code 0
