2025-09-12 19:24:59.183 [info] [main] Log level: Info
2025-09-12 19:24:59.183 [info] [main] Validating found git in: "git"
2025-09-12 19:24:59.183 [info] [main] Using git "2.51.0" from "git"
2025-09-12 19:24:59.183 [info] [Model][doInitialScan] Initial repository scan started
2025-09-12 19:24:59.183 [info] > git rev-parse --show-toplevel [6ms]
2025-09-12 19:24:59.183 [info] > git rev-parse --git-dir --git-common-dir --show-superproject-working-tree [4ms]
2025-09-12 19:24:59.190 [info] [Model][openRepository] Opened repository (path): /home/user/arch-copy
2025-09-12 19:24:59.190 [info] [Model][openRepository] Opened repository (real path): /home/user/arch-copy
2025-09-12 19:24:59.190 [info] [Model][openRepository] Opened repository (kind): repository
2025-09-12 19:24:59.214 [info] > git rev-parse --show-toplevel [11ms]
2025-09-12 19:24:59.215 [info] [Model][doInitialScan] Initial repository scan completed - repositories (1), closed repositories (0), parent repositories (0), unsafe repositories (0)
2025-09-12 19:24:59.221 [info] > git config --get commit.template [22ms]
2025-09-12 19:24:59.222 [info] > git show --textconv 12277f1136db6b9df226657968dab88344ef7497:aur_packages.txt [4ms]
2025-09-12 19:24:59.223 [info] > git ls-tree -l 12277f1136db6b9df226657968dab88344ef7497 -- aur_packages.txt [2ms]
2025-09-12 19:24:59.260 [info] > git ls-tree -l 12277f1136db6b9df226657968dab88344ef7497 -- aur_packages.txt [11ms]
2025-09-12 19:24:59.261 [info] > git for-each-ref --format=%(refname)%00%(upstream:short)%00%(objectname)%00%(upstream:track)%00%(upstream:remotename)%00%(upstream:remoteref) refs/heads/main refs/remotes/main [20ms]
2025-09-12 19:24:59.264 [warning] [Git][revParse] Unable to read file: ENOENT: no such file or directory, open '/home/user/arch-copy/.git/refs/remotes/origin/main'
2025-09-12 19:24:59.270 [info] > git rev-parse refs/remotes/origin/main [6ms]
2025-09-12 19:24:59.277 [info] > git for-each-ref --sort -committerdate --format %(refname)%00%(objectname)%00%(*objectname) [2ms]
2025-09-12 19:24:59.508 [info] > git status -z -uall [236ms]
2025-09-12 19:24:59.530 [info] > git for-each-ref --format=%(refname)%00%(upstream:short)%00%(objectname)%00%(upstream:track)%00%(upstream:remotename)%00%(upstream:remoteref) refs/heads/main refs/remotes/main [5ms]
2025-09-12 19:24:59.535 [info] > git config --get --local branch.main.vscode-merge-base [2ms]
2025-09-12 19:24:59.538 [info] > git config --get commit.template [9ms]
2025-09-12 19:24:59.541 [info] > git for-each-ref --format=%(refname)%00%(upstream:short)%00%(objectname)%00%(upstream:track)%00%(upstream:remotename)%00%(upstream:remoteref) refs/heads/origin/main refs/remotes/origin/main [3ms]
2025-09-12 19:24:59.542 [info] > git for-each-ref --format=%(refname)%00%(upstream:short)%00%(objectname)%00%(upstream:track)%00%(upstream:remotename)%00%(upstream:remoteref) refs/heads/main refs/remotes/main [1ms]
2025-09-12 19:24:59.544 [warning] [Git][revParse] Unable to read file: ENOENT: no such file or directory, open '/home/user/arch-copy/.git/refs/remotes/origin/main'
2025-09-12 19:24:59.545 [info] > git rev-parse refs/remotes/origin/main [1ms]
2025-09-12 19:24:59.553 [info] > git for-each-ref --sort -committerdate --format %(refname)%00%(objectname)%00%(*objectname) [1ms]
2025-09-12 19:24:59.605 [info] > git status -z -uall [57ms]
2025-09-12 19:24:59.853 [info] > git check-ignore -v -z --stdin [3ms]
2025-09-12 19:25:01.554 [info] > git ls-tree -l 12277f1136db6b9df226657968dab88344ef7497 -- aur_packages.txt [1ms]
2025-09-12 19:25:02.067 [info] > git fetch [517ms]
2025-09-12 19:25:02.075 [info] > git config --get commit.template [4ms]
2025-09-12 19:25:02.076 [info] > git for-each-ref --format=%(refname)%00%(upstream:short)%00%(objectname)%00%(upstream:track)%00%(upstream:remotename)%00%(upstream:remoteref) refs/heads/main refs/remotes/main [2ms]
2025-09-12 19:25:02.078 [warning] [Git][revParse] Unable to read file: ENOENT: no such file or directory, open '/home/user/arch-copy/.git/refs/remotes/origin/main'
2025-09-12 19:25:02.079 [info] > git rev-parse refs/remotes/origin/main [1ms]
2025-09-12 19:25:02.087 [info] > git for-each-ref --sort -committerdate --format %(refname)%00%(objectname)%00%(*objectname) [3ms]
2025-09-12 19:25:02.123 [info] > git status -z -uall [42ms]
2025-09-12 19:25:02.131 [info] > git config --get commit.template [1ms]
2025-09-12 19:25:02.135 [info] > git for-each-ref --format=%(refname)%00%(upstream:short)%00%(objectname)%00%(upstream:track)%00%(upstream:remotename)%00%(upstream:remoteref) refs/heads/main refs/remotes/main [1ms]
2025-09-12 19:25:02.138 [warning] [Git][revParse] Unable to read file: ENOENT: no such file or directory, open '/home/user/arch-copy/.git/refs/remotes/origin/main'
2025-09-12 19:25:02.138 [info] > git rev-parse refs/remotes/origin/main [0ms]
2025-09-12 19:25:02.146 [info] > git for-each-ref --sort -committerdate --format %(refname)%00%(objectname)%00%(*objectname) [2ms]
2025-09-12 19:25:02.183 [info] > git status -z -uall [42ms]
2025-09-12 19:25:03.995 [info] > git ls-tree -l 12277f1136db6b9df226657968dab88344ef7497 -- aur_packages.txt [5ms]
2025-09-12 19:25:04.000 [info] > git ls-tree -l 12277f1136db6b9df226657968dab88344ef7497 -- aur_packages.txt [6ms]
2025-09-12 19:25:04.004 [info] > git show --textconv 12277f1136db6b9df226657968dab88344ef7497:aur_packages.txt [5ms]
2025-09-12 19:25:04.006 [info] > git show --textconv 12277f1136db6b9df226657968dab88344ef7497:aur_packages.txt [1ms]
2025-09-12 19:25:05.680 [info] > git ls-tree -l 12277f1136db6b9df226657968dab88344ef7497 -- aur_packages.txt [1ms]
2025-09-12 19:25:07.191 [info] > git config --get commit.template [3ms]
2025-09-12 19:25:07.192 [info] > git for-each-ref --format=%(refname)%00%(upstream:short)%00%(objectname)%00%(upstream:track)%00%(upstream:remotename)%00%(upstream:remoteref) refs/heads/main refs/remotes/main [1ms]
2025-09-12 19:25:07.195 [warning] [Git][revParse] Unable to read file: ENOENT: no such file or directory, open '/home/user/arch-copy/.git/refs/remotes/origin/main'
2025-09-12 19:25:07.195 [info] > git rev-parse refs/remotes/origin/main [0ms]
2025-09-12 19:25:07.202 [info] > git for-each-ref --sort -committerdate --format %(refname)%00%(objectname)%00%(*objectname) [1ms]
2025-09-12 19:25:07.243 [info] > git status -z -uall [45ms]
2025-09-12 19:25:07.777 [info] > git check-ignore -v -z --stdin [1ms]
2025-09-12 19:25:08.299 [info] > git log --format=%H%n%aN%n%aE%n%at%n%ct%n%P%n%D%n%B -z --shortstat --diff-merges=first-parent -n50 --skip=0 --topo-order --decorate=full --stdin [1079ms]
2025-09-12 19:25:11.130 [info] > git diff-tree -r --name-status -z --diff-filter=ADMR --find-renames=50% c35c79d89bf03513882a6be59aae0039990bbe08 12277f1136db6b9df226657968dab88344ef7497 [12ms]
2025-09-12 19:25:11.968 [info] > git check-ignore -v -z --stdin [3ms]
2025-09-12 19:26:14.242 [info] > git ls-tree -l 12277f1136db6b9df226657968dab88344ef7497 -- aur_packages.txt [2ms]
2025-09-12 19:26:24.014 [info] > git show --textconv HEAD:aur_packages.txt [3ms]
2025-09-12 19:26:24.014 [info] > git ls-tree -l HEAD -- aur_packages.txt [0ms]
2025-09-12 19:26:24.066 [info] > git blame --root --incremental 12277f1136db6b9df226657968dab88344ef7497 -- aur_packages.txt [11ms]
2025-09-12 19:26:33.600 [info] > git ls-tree -l HEAD -- aur_packages.txt [1ms]
2025-09-12 19:26:38.178 [info] > git ls-tree -l HEAD -- aur_packages.txt [2ms]
2025-09-12 19:26:46.931 [info] > git add -A -- . [50ms]
2025-09-12 19:26:46.951 [info] > git -c user.useConfigOnly=true commit --quiet --allow-empty-message --file - [15ms]
2025-09-12 19:26:46.955 [info] > git config --get commit.template [1ms]
2025-09-12 19:26:46.961 [info] > git config --get commit.template [1ms]
2025-09-12 19:26:46.966 [info] > git for-each-ref --format=%(refname)%00%(upstream:short)%00%(objectname)%00%(upstream:track)%00%(upstream:remotename)%00%(upstream:remoteref) refs/heads/main refs/remotes/main [1ms]
2025-09-12 19:26:46.970 [warning] [Git][revParse] Unable to read file: ENOENT: no such file or directory, open '/home/user/arch-copy/.git/refs/remotes/origin/main'
2025-09-12 19:26:46.971 [info] > git rev-parse refs/remotes/origin/main [1ms]
2025-09-12 19:26:46.985 [info] > git for-each-ref --sort -committerdate --format %(refname)%00%(objectname)%00%(*objectname) [6ms]
2025-09-12 19:26:47.007 [info] > git status -z -uall [32ms]
2025-09-12 19:26:47.024 [info] > git blame --root --incremental 5a28a9433964c4ad99e8658d5671186cb2bf3f63 -- aur_packages.txt [13ms]
2025-09-12 19:26:47.033 [info] > git config --get commit.template [4ms]
2025-09-12 19:26:47.033 [info] > git for-each-ref --format=%(refname)%00%(upstream:short)%00%(objectname)%00%(upstream:track)%00%(upstream:remotename)%00%(upstream:remoteref) refs/heads/main refs/remotes/main [1ms]
2025-09-12 19:26:47.036 [warning] [Git][revParse] Unable to read file: ENOENT: no such file or directory, open '/home/user/arch-copy/.git/refs/remotes/origin/main'
2025-09-12 19:26:47.037 [info] > git rev-parse refs/remotes/origin/main [1ms]
2025-09-12 19:26:47.044 [info] > git for-each-ref --sort -committerdate --format %(refname)%00%(objectname)%00%(*objectname) [1ms]
2025-09-12 19:26:47.065 [info] > git status -z -uall [25ms]
2025-09-12 19:26:47.156 [info] > git log --format=%H%n%aN%n%aE%n%at%n%ct%n%P%n%D%n%B -z --shortstat --diff-merges=first-parent -n50 --skip=0 --topo-order --decorate=full --stdin [139ms]
2025-09-12 19:26:47.173 [info] > git diff-tree -r --name-status -z --diff-filter=ADMR --find-renames=50% c35c79d89bf03513882a6be59aae0039990bbe08 12277f1136db6b9df226657968dab88344ef7497 [12ms]
2025-09-12 19:26:48.086 [info] > git config --get commit.template [4ms]
2025-09-12 19:26:48.087 [info] > git for-each-ref --format=%(refname)%00%(upstream:short)%00%(objectname)%00%(upstream:track)%00%(upstream:remotename)%00%(upstream:remoteref) refs/heads/main refs/remotes/main [2ms]
2025-09-12 19:26:48.089 [warning] [Git][revParse] Unable to read file: ENOENT: no such file or directory, open '/home/user/arch-copy/.git/refs/remotes/origin/main'
2025-09-12 19:26:48.090 [info] > git rev-parse refs/remotes/origin/main [1ms]
2025-09-12 19:26:48.098 [info] > git for-each-ref --sort -committerdate --format %(refname)%00%(objectname)%00%(*objectname) [2ms]
2025-09-12 19:26:48.118 [info] > git status -z -uall [25ms]
2025-09-12 19:26:48.183 [info] > git ls-tree -l HEAD -- aur_packages.txt [1ms]
2025-09-12 19:26:48.188 [info] > git show --textconv HEAD:aur_packages.txt [1ms]
2025-09-12 19:26:49.455 [info] > git push origin main:main [1164ms]
2025-09-12 19:26:49.455 [info] To https://github.com/sakuyma/arch-copy
   12277f1..5a28a94  main -> main
2025-09-12 19:26:49.462 [info] > git config --get commit.template [3ms]
2025-09-12 19:26:49.463 [info] > git for-each-ref --format=%(refname)%00%(upstream:short)%00%(objectname)%00%(upstream:track)%00%(upstream:remotename)%00%(upstream:remoteref) refs/heads/main refs/remotes/main [1ms]
2025-09-12 19:26:49.471 [info] > git for-each-ref --sort -committerdate --format %(refname)%00%(objectname)%00%(*objectname) [1ms]
2025-09-12 19:26:49.491 [info] > git status -z -uall [25ms]
2025-09-12 19:26:49.632 [info] > git log --format=%H%n%aN%n%aE%n%at%n%ct%n%P%n%D%n%B -z --shortstat --diff-merges=first-parent -n50 --skip=0 --topo-order --decorate=full --stdin [135ms]
2025-09-12 19:26:49.649 [info] > git diff-tree -r --name-status -z --diff-filter=ADMR --find-renames=50% c35c79d89bf03513882a6be59aae0039990bbe08 12277f1136db6b9df226657968dab88344ef7497 [11ms]
2025-09-12 19:26:50.635 [info] > git ls-tree -l HEAD -- aur_packages.txt [1ms]
2025-09-12 19:26:50.640 [info] > git show --textconv HEAD:aur_packages.txt [1ms]
2025-09-12 19:31:58.223 [info] > git config --get commit.template [5ms]
2025-09-12 19:31:58.224 [info] > git ls-tree -l HEAD -- aur_packages.txt [2ms]
2025-09-12 19:31:58.229 [info] > git for-each-ref --format=%(refname)%00%(upstream:short)%00%(objectname)%00%(upstream:track)%00%(upstream:remotename)%00%(upstream:remoteref) refs/heads/main refs/remotes/main [1ms]
2025-09-12 19:31:58.238 [info] > git for-each-ref --sort -committerdate --format %(refname)%00%(objectname)%00%(*objectname) [2ms]
2025-09-12 19:31:58.261 [info] > git status -z -uall [27ms]
2025-09-12 19:31:58.921 [info] > git fetch [707ms]
2025-09-12 19:31:58.921 [info] From https://github.com/sakuyma/arch-copy
   5a28a94..b36d09c  main       -> origin/main
2025-09-12 19:31:58.928 [info] > git config --get commit.template [3ms]
2025-09-12 19:31:58.928 [info] > git for-each-ref --format=%(refname)%00%(upstream:short)%00%(objectname)%00%(upstream:track)%00%(upstream:remotename)%00%(upstream:remoteref) refs/heads/main refs/remotes/main [1ms]
2025-09-12 19:31:58.935 [info] > git for-each-ref --sort -committerdate --format %(refname)%00%(objectname)%00%(*objectname) [1ms]
2025-09-12 19:31:58.955 [info] > git status -z -uall [24ms]
2025-09-12 19:31:59.096 [info] > git log --format=%H%n%aN%n%aE%n%at%n%ct%n%P%n%D%n%B -z --shortstat --diff-merges=first-parent -n50 --skip=0 --topo-order --decorate=full --stdin [135ms]
2025-09-12 19:31:59.114 [info] > git diff-tree -r --name-status -z --diff-filter=ADMR --find-renames=50% c35c79d89bf03513882a6be59aae0039990bbe08 12277f1136db6b9df226657968dab88344ef7497 [13ms]
2025-09-12 19:32:00.102 [info] > git ls-tree -l HEAD -- aur_packages.txt [1ms]
2025-09-12 19:32:00.107 [info] > git show --textconv HEAD:aur_packages.txt [0ms]
2025-09-12 19:32:02.036 [info] > git diff-tree -r --name-status -z --diff-filter=ADMR --find-renames=50% 5a28a9433964c4ad99e8658d5671186cb2bf3f63 b36d09c9d5a9398efc412e6a6d32027f8c2862b2 [3ms]
2025-09-12 19:32:02.548 [info] > git check-ignore -v -z --stdin [1ms]
2025-09-12 19:32:03.271 [info] > git config --get commit.template [4ms]
2025-09-12 19:32:03.271 [info] > git for-each-ref --format=%(refname)%00%(upstream:short)%00%(objectname)%00%(upstream:track)%00%(upstream:remotename)%00%(upstream:remoteref) refs/heads/main refs/remotes/main [1ms]
2025-09-12 19:32:03.279 [info] > git for-each-ref --sort -committerdate --format %(refname)%00%(objectname)%00%(*objectname) [1ms]
2025-09-12 19:32:03.301 [info] > git status -z -uall [26ms]
2025-09-12 19:32:05.374 [info] > git for-each-ref --format=%(refname)%00%(upstream:short)%00%(objectname)%00%(upstream:track)%00%(upstream:remotename)%00%(upstream:remoteref) refs/remotes/origin/main [0ms]
2025-09-12 19:32:05.380 [info] > git log --oneline --cherry main...main@{upstream} -- [1ms]
2025-09-12 19:32:05.899 [info] > git pull --tags origin main [515ms]
2025-09-12 19:32:05.899 [info] From https://github.com/sakuyma/arch-copy
 * branch            main       -> FETCH_HEAD
2025-09-12 19:32:05.906 [info] > git config --get commit.template [3ms]
2025-09-12 19:32:05.907 [info] > git for-each-ref --format=%(refname)%00%(upstream:short)%00%(objectname)%00%(upstream:track)%00%(upstream:remotename)%00%(upstream:remoteref) refs/heads/main refs/remotes/main [1ms]
2025-09-12 19:32:05.915 [info] > git for-each-ref --sort -committerdate --format %(refname)%00%(objectname)%00%(*objectname) [1ms]
2025-09-12 19:32:05.937 [info] > git status -z -uall [26ms]
2025-09-12 19:32:05.954 [info] > git blame --root --incremental b36d09c9d5a9398efc412e6a6d32027f8c2862b2 -- aur_packages.txt [11ms]
2025-09-12 19:32:06.080 [info] > git log --format=%H%n%aN%n%aE%n%at%n%ct%n%P%n%D%n%B -z --shortstat --diff-merges=first-parent -n50 --skip=0 --topo-order --decorate=full --stdin [131ms]
2025-09-12 19:32:06.098 [info] > git diff-tree -r --name-status -z --diff-filter=ADMR --find-renames=50% c35c79d89bf03513882a6be59aae0039990bbe08 12277f1136db6b9df226657968dab88344ef7497 [13ms]
2025-09-12 19:32:07.072 [info] > git ls-tree -l HEAD -- aur_packages.txt [1ms]
2025-09-12 19:32:07.076 [info] > git show --textconv HEAD:aur_packages.txt [1ms]
