2025-09-12 19:24:59.058 [info] Extension host with pid 40178 started
2025-09-12 19:24:59.058 [info] Skipping acquiring lock for /home/user/.config/VSCodium/User/workspaceStorage/4d9b99ab5795ebd1f48d4d7a23786850.
2025-09-12 19:24:59.080 [info] ExtensionService#_doActivateExtension vscode.git-base, startup: false, activationEvent: 'onFileSystem:git', root cause: vscode.git
2025-09-12 19:24:59.099 [info] ExtensionService#_doActivateExtension vscode.git, startup: false, activationEvent: 'onFileSystem:git'
2025-09-12 19:24:59.180 [info] ExtensionService#_doActivateExtension vscode.github, startup: true, activationEvent: '*'
2025-09-12 19:24:59.181 [info] ExtensionService#_doActivateExtension wayou.vscode-todo-highlight, startup: true, activationEvent: '*'
2025-09-12 19:24:59.224 [info] ExtensionService#_doActivateExtension vscode.emmet, startup: false, activationEvent: 'onLanguage'
2025-09-12 19:24:59.269 [info] Eager extensions activated
2025-09-12 19:24:59.311 [info] ExtensionService#_doActivateExtension vscode.debug-auto-launch, startup: false, activationEvent: 'onStartupFinished'
2025-09-12 19:24:59.313 [info] ExtensionService#_doActivateExtension vscode.merge-conflict, startup: false, activationEvent: 'onStartupFinished'
2025-09-12 19:24:59.329 [info] ExtensionService#_doActivateExtension PKief.material-icon-theme, startup: false, activationEvent: 'onStartupFinished'
2025-09-12 19:24:59.388 [info] ExtensionService#_doActivateExtension vscode.terminal-suggest, startup: false, activationEvent: 'onTerminalShellIntegration:*'
2025-09-12 19:24:59.638 [info] ExtensionService#_doActivateExtension vscode.github-authentication, startup: false, activationEvent: 'onAuthenticationRequest:github'
2025-09-12 19:25:11.206 [warning] [Decorations] CAPPING events from decorations provider vscode.git 12726
2025-09-12 19:26:18.450 [info] ExtensionService#_doActivateExtension vscode.npm, startup: false, activationEvent: 'onTerminalQuickFixRequest:ms-vscode.npm-command'
2025-09-12 19:26:23.509 [info] ExtensionService#_doActivateExtension vscode.configuration-editing, startup: false, activationEvent: 'onLanguage:json'
2025-09-12 19:26:23.516 [info] ExtensionService#_doActivateExtension vscode.extension-editing, startup: false, activationEvent: 'onLanguage:json'
2025-09-12 19:26:23.525 [info] ExtensionService#_doActivateExtension vscode.json-language-features, startup: false, activationEvent: 'onLanguage:json'
2025-09-12 19:26:47.242 [warning] [Decorations] CAPPING events from decorations provider vscode.git 12726
2025-09-12 19:26:49.707 [warning] [Decorations] CAPPING events from decorations provider vscode.git 12726
2025-09-12 19:31:59.181 [warning] [Decorations] CAPPING events from decorations provider vscode.git 12726
2025-09-12 19:32:06.162 [warning] [Decorations] CAPPING events from decorations provider vscode.git 12726
2025-09-12 19:32:07.394 [info] Extension host terminating: renderer closed the MessagePort
2025-09-12 19:32:07.400 [info] Extension host with pid 40178 exiting with code 0
