2025-09-07 17:58:15.713 [info] Extension host with pid 13221 started
2025-09-07 17:58:15.771 [info] ExtensionService#_doActivateExtension vscode.emmet, startup: false, activationEvent: 'onLanguage'
2025-09-07 17:58:15.789 [info] ExtensionService#_doActivateExtension vscode.configuration-editing, startup: false, activationEvent: 'onLanguage:jsonc'
2025-09-07 17:58:15.796 [info] ExtensionService#_doActivateExtension vscode.json-language-features, startup: false, activationEvent: 'onLanguage:jsonc'
2025-09-07 17:58:15.840 [info] ExtensionService#_doActivateExtension vscode.typescript-language-features, startup: false, activationEvent: 'onLanguage:jsonc'
2025-09-07 17:58:16.026 [info] ExtensionService#_doActivateExtension vscode.git-base, startup: true, activationEvent: '*', root cause: vscode.git
2025-09-07 17:58:16.029 [info] ExtensionService#_doActivateExtension wayou.vscode-todo-highlight, startup: true, activationEvent: '*'
2025-09-07 17:58:16.031 [info] ExtensionService#_doActivateExtension vscode.git, startup: true, activationEvent: '*'
2025-09-07 17:58:16.059 [info] ExtensionService#_doActivateExtension vscode.github, startup: true, activationEvent: '*'
2025-09-07 17:58:16.106 [info] Eager extensions activated
2025-09-07 17:58:16.108 [info] ExtensionService#_doActivateExtension vscode.debug-auto-launch, startup: false, activationEvent: 'onStartupFinished'
2025-09-07 17:58:16.110 [info] ExtensionService#_doActivateExtension vscode.merge-conflict, startup: false, activationEvent: 'onStartupFinished'
2025-09-07 17:58:16.122 [info] ExtensionService#_doActivateExtension PKief.material-icon-theme, startup: false, activationEvent: 'onStartupFinished'
2025-09-07 17:58:22.928 [info] Extension host terminating: renderer closed the MessagePort
2025-09-07 17:58:22.935 [info] Extension host with pid 13221 exiting with code 0
2025-09-07 17:58:23.594 [info] Extension host with pid 13304 started
2025-09-07 17:58:23.594 [info] Skipping acquiring lock for /home/user/.config/VSCodium/User/workspaceStorage/0a4bfa1a3033128efeddba78eabf7124.
2025-09-07 17:58:23.625 [info] ExtensionService#_doActivateExtension vscode.git-base, startup: true, activationEvent: '*'
2025-09-07 17:58:23.633 [info] ExtensionService#_doActivateExtension vscode.github, startup: true, activationEvent: '*'
2025-09-07 17:58:23.685 [info] Eager extensions activated
2025-09-07 17:58:23.685 [info] ExtensionService#_doActivateExtension vscode.debug-auto-launch, startup: false, activationEvent: 'onStartupFinished'
2025-09-07 17:58:23.687 [info] ExtensionService#_doActivateExtension vscode.merge-conflict, startup: false, activationEvent: 'onStartupFinished'
2025-09-07 17:58:23.701 [info] ExtensionService#_doActivateExtension PKief.material-icon-theme, startup: false, activationEvent: 'onStartupFinished'
2025-09-07 17:58:33.275 [info] ExtensionService#_doActivateExtension vscode.git, startup: false, activationEvent: 'api', root cause: vscode.github
2025-09-07 17:58:33.351 [info] ExtensionService#_doActivateExtension wayou.vscode-todo-highlight, startup: false, activationEvent: '*'
2025-09-07 17:58:33.460 [info] ExtensionService#_doActivateExtension vscode.emmet, startup: false, activationEvent: 'onLanguage'
2025-09-07 17:58:33.499 [info] ExtensionService#_doActivateExtension vscode.github-authentication, startup: false, activationEvent: 'onAuthenticationRequest:github'
2025-09-07 18:00:15.698 [info] ExtensionService#_doActivateExtension vscode.configuration-editing, startup: false, activationEvent: 'onLanguage:jsonc'
2025-09-07 18:00:15.705 [info] ExtensionService#_doActivateExtension vscode.json-language-features, startup: false, activationEvent: 'onLanguage:jsonc'
2025-09-07 18:00:15.755 [info] ExtensionService#_doActivateExtension vscode.typescript-language-features, startup: false, activationEvent: 'onLanguage:jsonc'
2025-09-07 18:00:23.324 [warning] [Decorations] CAPPING events from decorations provider vscode.git 3244
2025-09-07 18:00:25.194 [info] Extension host terminating: renderer closed the MessagePort
2025-09-07 18:00:25.201 [info] Extension host with pid 13304 exiting with code 0
