2025-09-12 19:53:21.033 [info] [main] Log level: Info
2025-09-12 19:53:21.033 [info] [main] Validating found git in: "git"
2025-09-12 19:53:21.033 [info] [main] Using git "2.51.0" from "git"
2025-09-12 19:53:21.033 [info] [Model][doInitialScan] Initial repository scan started
2025-09-12 19:53:21.033 [info] > git rev-parse --show-toplevel [42ms]
2025-09-12 19:53:21.033 [info] > git rev-parse --git-dir --git-common-dir --show-superproject-working-tree [5ms]
2025-09-12 19:53:21.033 [info] [Model][openRepository] Opened repository (path): /home/user/arch-copy
2025-09-12 19:53:21.033 [info] [Model][openRepository] Opened repository (real path): /home/user/arch-copy
2025-09-12 19:53:21.033 [info] [Model][openRepository] Opened repository (kind): repository
2025-09-12 19:53:21.034 [info] > git rev-parse --show-toplevel [27ms]
2025-09-12 19:53:21.034 [info] fatal: this operation must be run in a work tree
2025-09-12 19:53:21.034 [info] > git config --get commit.template [29ms]
2025-09-12 19:53:21.046 [info] > git rev-parse --show-toplevel [5ms]
2025-09-12 19:53:21.050 [info] > git for-each-ref --format=%(refname)%00%(upstream:short)%00%(objectname)%00%(upstream:track)%00%(upstream:remotename)%00%(upstream:remoteref) refs/heads/main refs/remotes/main [5ms]
2025-09-12 19:53:21.057 [info] > git rev-parse --show-toplevel [8ms]
2025-09-12 19:53:21.057 [info] [Model][doInitialScan] Initial repository scan completed - repositories (1), closed repositories (0), parent repositories (0), unsafe repositories (0)
2025-09-12 19:53:21.069 [info] > git for-each-ref --sort -committerdate --format %(refname)%00%(objectname)%00%(*objectname) [0ms]
2025-09-12 19:53:21.094 [info] > git status -z -uall [30ms]
2025-09-12 19:53:21.110 [info] > git for-each-ref --format=%(refname)%00%(upstream:short)%00%(objectname)%00%(upstream:track)%00%(upstream:remotename)%00%(upstream:remoteref) refs/heads/main refs/remotes/main [4ms]
2025-09-12 19:53:21.114 [info] > git config --get commit.template [4ms]
2025-09-12 19:53:21.115 [info] > git config --get --local branch.main.vscode-merge-base [1ms]
2025-09-12 19:53:21.120 [info] > git for-each-ref --format=%(refname)%00%(upstream:short)%00%(objectname)%00%(upstream:track)%00%(upstream:remotename)%00%(upstream:remoteref) refs/heads/origin/main refs/remotes/origin/main [3ms]
2025-09-12 19:53:21.122 [info] > git for-each-ref --format=%(refname)%00%(upstream:short)%00%(objectname)%00%(upstream:track)%00%(upstream:remotename)%00%(upstream:remoteref) refs/heads/main refs/remotes/main [2ms]
2025-09-12 19:53:21.130 [info] > git for-each-ref --sort -committerdate --format %(refname)%00%(objectname)%00%(*objectname) [1ms]
2025-09-12 19:53:21.165 [info] > git status -z -uall [41ms]
2025-09-12 19:53:21.492 [info] > git show --textconv :.git/COMMIT_EDITMSG [3ms]
2025-09-12 19:53:21.497 [info] > git ls-files --stage -- .git/COMMIT_EDITMSG [5ms]
2025-09-12 19:53:21.500 [info] > git hash-object -t tree /dev/null [4ms]
2025-09-12 19:53:21.501 [warning] [GitFileSystemProvider][readFile] File not found - git:/home/user/arch-copy/.git/COMMIT_EDITMSG.git?%7B%22path%22%3A%22%2Fhome%2Fuser%2Farch-copy%2F.git%2FCOMMIT_EDITMSG%22%2C%22ref%22%3A%22%22%7D
2025-09-12 19:53:21.502 [info] > git hash-object -t tree /dev/null [2ms]
2025-09-12 19:53:21.502 [warning] [GitFileSystemProvider][stat] File not found - git:/home/user/arch-copy/.git/COMMIT_EDITMSG.git?%7B%22path%22%3A%22%2Fhome%2Fuser%2Farch-copy%2F.git%2FCOMMIT_EDITMSG%22%2C%22ref%22%3A%22%22%7D
2025-09-12 19:53:21.508 [info] > git fetch [507ms]
2025-09-12 19:53:21.513 [info] > git config --get commit.template [2ms]
2025-09-12 19:53:21.515 [info] > git for-each-ref --format=%(refname)%00%(upstream:short)%00%(objectname)%00%(upstream:track)%00%(upstream:remotename)%00%(upstream:remoteref) refs/heads/main refs/remotes/main [1ms]
2025-09-12 19:53:21.522 [info] > git for-each-ref --sort -committerdate --format %(refname)%00%(objectname)%00%(*objectname) [1ms]
2025-09-12 19:53:21.548 [info] > git status -z -uall [31ms]
2025-09-12 19:53:21.805 [info] > git check-ignore -v -z --stdin [3ms]
2025-09-12 19:53:21.895 [info] > git log --format=%H%n%aN%n%aE%n%at%n%ct%n%P%n%D%n%B -z --shortstat --diff-merges=first-parent -n50 --skip=0 --topo-order --decorate=full --stdin [761ms]
2025-09-12 19:53:32.013 [info] > git -c user.useConfigOnly=true commit --quiet --allow-empty-message --file - [16ms]
2025-09-12 19:53:32.017 [info] > git config --get commit.template [1ms]
2025-09-12 19:53:32.022 [info] > git config --get commit.template [1ms]
2025-09-12 19:53:32.026 [info] > git for-each-ref --format=%(refname)%00%(upstream:short)%00%(objectname)%00%(upstream:track)%00%(upstream:remotename)%00%(upstream:remoteref) refs/heads/main refs/remotes/main [1ms]
2025-09-12 19:53:32.035 [info] > git for-each-ref --sort -committerdate --format %(refname)%00%(objectname)%00%(*objectname) [2ms]
2025-09-12 19:53:32.057 [info] > git status -z -uall [27ms]
2025-09-12 19:53:32.082 [info] > git config --get commit.template [2ms]
2025-09-12 19:53:32.083 [info] > git for-each-ref --format=%(refname)%00%(upstream:short)%00%(objectname)%00%(upstream:track)%00%(upstream:remotename)%00%(upstream:remoteref) refs/heads/main refs/remotes/main [2ms]
2025-09-12 19:53:32.092 [info] > git for-each-ref --sort -committerdate --format %(refname)%00%(objectname)%00%(*objectname) [1ms]
2025-09-12 19:53:32.112 [info] > git status -z -uall [26ms]
2025-09-12 19:53:33.376 [info] > git log --format=%H%n%aN%n%aE%n%at%n%ct%n%P%n%D%n%B -z --shortstat --diff-merges=first-parent -n50 --skip=0 --topo-order --decorate=full --stdin [1312ms]
