2025-09-08 16:42:16.384 [info] Reading sessions from keychain...
2025-09-08 16:42:16.384 [info] Getting sessions for all scopes...
2025-09-08 16:42:16.391 [info] Got stored sessions!
2025-09-08 16:42:16.392 [info] Got 1 verified sessions.
2025-09-08 16:42:16.392 [info] Got 1 sessions for ...
2025-09-08 16:42:16.392 [info] Getting sessions for all scopes...
2025-09-08 16:42:16.392 [info] Got 1 sessions for ...
2025-09-08 16:42:16.392 [info] Getting sessions for all scopes...
2025-09-08 16:42:16.392 [info] Got 1 sessions for ...
2025-09-08 16:42:16.392 [info] Getting sessions for read:user,repo,user:email,workflow...
2025-09-08 16:42:16.393 [info] Got 1 sessions for read:user,repo,user:email,workflow...
2025-09-08 16:42:16.404 [info] Getting sessions for all scopes...
2025-09-08 16:42:16.405 [info] Got 1 sessions for ...
2025-09-08 16:42:16.427 [info] Getting sessions for all scopes...
2025-09-08 16:42:16.427 [info] Got 1 sessions for ...
2025-09-08 16:43:06.647 [info] Reading sessions from keychain...
2025-09-08 16:43:06.647 [info] Getting sessions for all scopes...
2025-09-08 16:43:06.647 [info] Got stored sessions!
2025-09-08 16:43:06.647 [info] Got 1 verified sessions.
2025-09-08 16:43:06.647 [info] Got 1 sessions for ...
2025-09-08 16:43:06.647 [info] Getting sessions for read:user,repo,user:email,workflow...
2025-09-08 16:43:06.647 [info] Got 1 sessions for read:user,repo,user:email,workflow...
2025-09-08 16:43:08.351 [info] Getting sessions for all scopes...
2025-09-08 16:43:08.351 [info] Got 1 sessions for ...
2025-09-08 16:43:08.351 [info] Getting sessions for all scopes...
2025-09-08 16:43:08.351 [info] Got 1 sessions for ...
2025-09-08 16:43:08.363 [info] Getting sessions for all scopes...
2025-09-08 16:43:08.363 [info] Got 1 sessions for ...
