2025-09-12 19:50:14.368 [info] [main] Log level: Info
2025-09-12 19:50:14.368 [info] [main] Validating found git in: "git"
2025-09-12 19:50:14.368 [info] [main] Using git "2.51.0" from "git"
2025-09-12 19:50:14.368 [info] [Model][doInitialScan] Initial repository scan started
2025-09-12 19:50:14.368 [info] > git rev-parse --show-toplevel [10ms]
2025-09-12 19:50:14.368 [info] > git rev-parse --git-dir --git-common-dir --show-superproject-working-tree [11ms]
2025-09-12 19:50:14.368 [info] [Model][openRepository] Opened repository (path): /home/user/arch-copy
2025-09-12 19:50:14.368 [info] [Model][openRepository] Opened repository (real path): /home/user/arch-copy
2025-09-12 19:50:14.368 [info] [Model][openRepository] Opened repository (kind): repository
2025-09-12 19:50:14.368 [info] > git config --get commit.template [4ms]
2025-09-12 19:50:14.368 [info] > git rev-parse --show-toplevel [2ms]
2025-09-12 19:50:14.374 [info] > git for-each-ref --format=%(refname)%00%(upstream:short)%00%(objectname)%00%(upstream:track)%00%(upstream:remotename)%00%(upstream:remoteref) refs/heads/main refs/remotes/main [3ms]
2025-09-12 19:50:14.375 [info] > git rev-parse --show-toplevel [1ms]
2025-09-12 19:50:14.375 [info] [Model][doInitialScan] Initial repository scan completed - repositories (1), closed repositories (0), parent repositories (0), unsafe repositories (0)
2025-09-12 19:50:14.381 [info] > git show --textconv HEAD:aur_packages.txt [3ms]
2025-09-12 19:50:14.388 [info] > git ls-tree -l HEAD -- aur_packages.txt [7ms]
2025-09-12 19:50:14.390 [info] > git for-each-ref --sort -committerdate --format %(refname)%00%(objectname)%00%(*objectname) [2ms]
2025-09-12 19:50:14.413 [info] > git status -z -uall [29ms]
2025-09-12 19:50:14.434 [info] > git for-each-ref --format=%(refname)%00%(upstream:short)%00%(objectname)%00%(upstream:track)%00%(upstream:remotename)%00%(upstream:remoteref) refs/heads/main refs/remotes/main [5ms]
2025-09-12 19:50:14.437 [info] > git ls-tree -l HEAD -- aur_packages.txt [25ms]
2025-09-12 19:50:14.462 [info] > git config --get --local branch.main.vscode-merge-base [25ms]
2025-09-12 19:50:14.466 [info] > git config --get commit.template [32ms]
2025-09-12 19:50:14.473 [info] > git for-each-ref --format=%(refname)%00%(upstream:short)%00%(objectname)%00%(upstream:track)%00%(upstream:remotename)%00%(upstream:remoteref) refs/heads/origin/main refs/remotes/origin/main [8ms]
2025-09-12 19:50:14.478 [info] > git for-each-ref --format=%(refname)%00%(upstream:short)%00%(objectname)%00%(upstream:track)%00%(upstream:remotename)%00%(upstream:remoteref) refs/heads/main refs/remotes/main [1ms]
2025-09-12 19:50:14.485 [info] > git for-each-ref --sort -committerdate --format %(refname)%00%(objectname)%00%(*objectname) [1ms]
2025-09-12 19:50:14.507 [info] > git status -z -uall [26ms]
2025-09-12 19:50:14.571 [info] > git blame --root --incremental b36d09c9d5a9398efc412e6a6d32027f8c2862b2 -- aur_packages.txt [18ms]
2025-09-12 19:50:14.851 [info] > git fetch [492ms]
2025-09-12 19:50:14.856 [info] > git config --get commit.template [2ms]
2025-09-12 19:50:14.857 [info] > git for-each-ref --format=%(refname)%00%(upstream:short)%00%(objectname)%00%(upstream:track)%00%(upstream:remotename)%00%(upstream:remoteref) refs/heads/main refs/remotes/main [1ms]
2025-09-12 19:50:14.863 [info] > git for-each-ref --sort -committerdate --format %(refname)%00%(objectname)%00%(*objectname) [0ms]
2025-09-12 19:50:14.885 [info] > git status -z -uall [26ms]
2025-09-12 19:50:14.975 [info] > git check-ignore -v -z --stdin [3ms]
2025-09-12 19:50:15.607 [info] > git log --format=%H%n%aN%n%aE%n%at%n%ct%n%P%n%D%n%B -z --shortstat --diff-merges=first-parent -n50 --skip=0 --topo-order --decorate=full --stdin [143ms]
2025-09-12 19:50:16.019 [info] > git check-ignore -v -z --stdin [2ms]
2025-09-12 19:50:16.779 [info] > git config --get commit.template [3ms]
2025-09-12 19:50:16.780 [info] > git for-each-ref --format=%(refname)%00%(upstream:short)%00%(objectname)%00%(upstream:track)%00%(upstream:remotename)%00%(upstream:remoteref) refs/heads/main refs/remotes/main [0ms]
2025-09-12 19:50:16.787 [info] > git for-each-ref --sort -committerdate --format %(refname)%00%(objectname)%00%(*objectname) [2ms]
2025-09-12 19:50:16.807 [info] > git status -z -uall [25ms]
2025-09-12 19:50:16.878 [info] > git ls-tree -l HEAD -- aur_packages.txt [1ms]
2025-09-12 19:50:16.883 [info] > git show --textconv HEAD:aur_packages.txt [1ms]
2025-09-12 19:50:23.600 [info] > git add -A -- . [2646ms]
2025-09-12 19:50:23.617 [info] > git -c user.useConfigOnly=true commit --quiet --allow-empty-message --file - [14ms]
2025-09-12 19:50:23.621 [info] > git config --get commit.template [1ms]
2025-09-12 19:50:23.625 [info] > git config --get commit.template [0ms]
2025-09-12 19:50:23.629 [info] > git for-each-ref --format=%(refname)%00%(upstream:short)%00%(objectname)%00%(upstream:track)%00%(upstream:remotename)%00%(upstream:remoteref) refs/heads/main refs/remotes/main [1ms]
2025-09-12 19:50:23.637 [info] > git for-each-ref --sort -committerdate --format %(refname)%00%(objectname)%00%(*objectname) [2ms]
2025-09-12 19:50:23.659 [info] > git status -z -uall [27ms]
2025-09-12 19:50:23.672 [info] > git config --get commit.template [4ms]
2025-09-12 19:50:23.676 [info] > git blame --root --incremental 6c93cb7921257bf052221efbb1cd926631aac8d1 -- aur_packages.txt [13ms]
2025-09-12 19:50:23.680 [info] > git for-each-ref --format=%(refname)%00%(upstream:short)%00%(objectname)%00%(upstream:track)%00%(upstream:remotename)%00%(upstream:remoteref) refs/heads/main refs/remotes/main [5ms]
2025-09-12 19:50:23.681 [info] > git config --get commit.template [1ms]
2025-09-12 19:50:23.685 [info] > git for-each-ref --format=%(refname)%00%(upstream:short)%00%(objectname)%00%(upstream:track)%00%(upstream:remotename)%00%(upstream:remoteref) refs/heads/main refs/remotes/main [2ms]
2025-09-12 19:50:23.693 [info] > git for-each-ref --sort -committerdate --format %(refname)%00%(objectname)%00%(*objectname) [1ms]
2025-09-12 19:50:23.714 [info] > git status -z -uall [26ms]
2025-09-12 19:50:24.375 [info] > git log --format=%H%n%aN%n%aE%n%at%n%ct%n%P%n%D%n%B -z --shortstat --diff-merges=first-parent -n50 --skip=0 --topo-order --decorate=full --stdin [703ms]
2025-09-12 19:50:24.787 [info] > git ls-tree -l HEAD -- aur_packages.txt [2ms]
2025-09-12 19:50:24.791 [info] > git show --textconv HEAD:aur_packages.txt [1ms]
2025-09-12 19:50:28.691 [info] > git config --get commit.template [3ms]
2025-09-12 19:50:28.692 [info] > git for-each-ref --format=%(refname)%00%(upstream:short)%00%(objectname)%00%(upstream:track)%00%(upstream:remotename)%00%(upstream:remoteref) refs/heads/main refs/remotes/main [1ms]
2025-09-12 19:50:28.699 [info] > git for-each-ref --sort -committerdate --format %(refname)%00%(objectname)%00%(*objectname) [2ms]
2025-09-12 19:50:28.720 [info] > git status -z -uall [26ms]
2025-09-12 19:50:33.728 [info] > git config --get commit.template [3ms]
2025-09-12 19:50:33.729 [info] > git for-each-ref --format=%(refname)%00%(upstream:short)%00%(objectname)%00%(upstream:track)%00%(upstream:remotename)%00%(upstream:remoteref) refs/heads/main refs/remotes/main [2ms]
2025-09-12 19:50:33.737 [info] > git for-each-ref --sort -committerdate --format %(refname)%00%(objectname)%00%(*objectname) [2ms]
2025-09-12 19:50:33.758 [info] > git status -z -uall [25ms]
2025-09-12 19:50:38.765 [info] > git config --get commit.template [2ms]
2025-09-12 19:50:38.767 [info] > git for-each-ref --format=%(refname)%00%(upstream:short)%00%(objectname)%00%(upstream:track)%00%(upstream:remotename)%00%(upstream:remoteref) refs/heads/main refs/remotes/main [2ms]
2025-09-12 19:50:38.775 [info] > git for-each-ref --sort -committerdate --format %(refname)%00%(objectname)%00%(*objectname) [2ms]
2025-09-12 19:50:38.797 [info] > git status -z -uall [27ms]
2025-09-12 19:51:01.502 [info] > git add -A -- . [31ms]
2025-09-12 19:51:01.520 [info] > git -c user.useConfigOnly=true commit --quiet --allow-empty-message --file - [15ms]
2025-09-12 19:51:01.523 [info] > git config --get commit.template [1ms]
2025-09-12 19:51:01.530 [info] > git config --get commit.template [3ms]
2025-09-12 19:51:01.531 [info] > git for-each-ref --format=%(refname)%00%(upstream:short)%00%(objectname)%00%(upstream:track)%00%(upstream:remotename)%00%(upstream:remoteref) refs/heads/main refs/remotes/main [1ms]
2025-09-12 19:51:01.539 [info] > git for-each-ref --sort -committerdate --format %(refname)%00%(objectname)%00%(*objectname) [2ms]
2025-09-12 19:51:01.566 [info] > git status -z -uall [32ms]
2025-09-12 19:51:01.582 [info] > git blame --root --incremental 27e96ded05d81c6a13da6d33a39eb48a53533260 -- aur_packages.txt [11ms]
2025-09-12 19:51:01.599 [info] > git config --get commit.template [2ms]
2025-09-12 19:51:01.600 [info] > git for-each-ref --format=%(refname)%00%(upstream:short)%00%(objectname)%00%(upstream:track)%00%(upstream:remotename)%00%(upstream:remoteref) refs/heads/main refs/remotes/main [1ms]
2025-09-12 19:51:01.608 [info] > git for-each-ref --sort -committerdate --format %(refname)%00%(objectname)%00%(*objectname) [1ms]
2025-09-12 19:51:01.629 [info] > git status -z -uall [26ms]
2025-09-12 19:51:02.293 [info] > git log --format=%H%n%aN%n%aE%n%at%n%ct%n%P%n%D%n%B -z --shortstat --diff-merges=first-parent -n50 --skip=0 --topo-order --decorate=full --stdin [716ms]
2025-09-12 19:51:02.653 [info] > git config --get commit.template [3ms]
2025-09-12 19:51:02.653 [info] > git for-each-ref --format=%(refname)%00%(upstream:short)%00%(objectname)%00%(upstream:track)%00%(upstream:remotename)%00%(upstream:remoteref) refs/heads/main refs/remotes/main [1ms]
2025-09-12 19:51:02.660 [info] > git for-each-ref --sort -committerdate --format %(refname)%00%(objectname)%00%(*objectname) [1ms]
2025-09-12 19:51:02.682 [info] > git status -z -uall [26ms]
2025-09-12 19:51:02.750 [info] > git ls-tree -l HEAD -- aur_packages.txt [1ms]
2025-09-12 19:51:02.754 [info] > git show --textconv HEAD:aur_packages.txt [0ms]
2025-09-12 19:51:10.616 [info] > git diff-tree -r --name-status -z --diff-filter=ADMR --find-renames=50% 6c93cb7921257bf052221efbb1cd926631aac8d1 27e96ded05d81c6a13da6d33a39eb48a53533260 [2ms]
2025-09-12 19:51:11.128 [info] > git check-ignore -v -z --stdin [3ms]
2025-09-12 19:51:21.058 [info] > git ls-tree -l HEAD -- aur_packages.txt [1ms]
2025-09-12 19:51:23.830 [info] > git push origin main:main [19073ms]
2025-09-12 19:51:23.830 [info] remote: error: Trace: df3c6bfa22517d2ba160e16c61d92086f0f5635f19822a34863af6e566df5437        
remote: error: See https://gh.io/lfs for more information.        
remote: error: File bin/AyuGram is 360.19 MB; this exceeds GitHub's file size limit of 100.00 MB        
remote: error: GH001: Large files detected. You may want to try Git Large File Storage - https://git-lfs.github.com.        
To https://github.com/sakuyma/arch-copy
 ! [remote rejected] main -> main (pre-receive hook declined)
error: failed to push some refs to 'https://github.com/sakuyma/arch-copy'
2025-09-12 19:51:23.836 [info] > git config --get commit.template [3ms]
2025-09-12 19:51:23.837 [info] > git for-each-ref --format=%(refname)%00%(upstream:short)%00%(objectname)%00%(upstream:track)%00%(upstream:remotename)%00%(upstream:remoteref) refs/heads/main refs/remotes/main [1ms]
2025-09-12 19:51:23.844 [info] > git for-each-ref --sort -committerdate --format %(refname)%00%(objectname)%00%(*objectname) [1ms]
2025-09-12 19:51:23.865 [info] > git status -z -uall [25ms]
2025-09-12 19:51:23.875 [info] > git config --get commit.template [3ms]
2025-09-12 19:51:23.875 [info] > git for-each-ref --format=%(refname)%00%(upstream:short)%00%(objectname)%00%(upstream:track)%00%(upstream:remotename)%00%(upstream:remoteref) refs/heads/main refs/remotes/main [1ms]
2025-09-12 19:51:23.884 [info] > git for-each-ref --sort -committerdate --format %(refname)%00%(objectname)%00%(*objectname) [1ms]
2025-09-12 19:51:23.900 [info] > git ls-tree -l HEAD -- aur_packages.txt [1ms]
2025-09-12 19:51:23.906 [info] > git status -z -uall [27ms]
2025-09-12 19:51:24.751 [info] > git ls-tree -l HEAD -- aur_packages.txt [1ms]
2025-09-12 19:51:27.344 [info] > git ls-tree -l HEAD -- aur_packages.txt [1ms]
2025-09-12 19:51:28.657 [info] > git for-each-ref --format=%(refname)%00%(upstream:short)%00%(objectname)%00%(upstream:track)%00%(upstream:remotename)%00%(upstream:remoteref) refs/remotes/origin/main [1ms]
2025-09-12 19:51:28.662 [info] > git log --oneline --cherry main...main@{upstream} -- [1ms]
2025-09-12 19:51:29.159 [info] > git pull --tags origin main [494ms]
2025-09-12 19:51:29.159 [info] From https://github.com/sakuyma/arch-copy
 * branch            main       -> FETCH_HEAD
2025-09-12 19:51:29.165 [info] > git config --get commit.template [3ms]
2025-09-12 19:51:29.165 [info] > git for-each-ref --format=%(refname)%00%(upstream:short)%00%(objectname)%00%(upstream:track)%00%(upstream:remotename)%00%(upstream:remoteref) refs/heads/main refs/remotes/main [1ms]
2025-09-12 19:51:29.173 [info] > git for-each-ref --sort -committerdate --format %(refname)%00%(objectname)%00%(*objectname) [1ms]
2025-09-12 19:51:29.193 [info] > git status -z -uall [25ms]
2025-09-12 19:51:30.292 [info] > git config --get commit.template [3ms]
2025-09-12 19:51:30.293 [info] > git for-each-ref --format=%(refname)%00%(upstream:short)%00%(objectname)%00%(upstream:track)%00%(upstream:remotename)%00%(upstream:remoteref) refs/heads/main refs/remotes/main [1ms]
2025-09-12 19:51:30.303 [info] > git for-each-ref --sort -committerdate --format %(refname)%00%(objectname)%00%(*objectname) [1ms]
2025-09-12 19:51:30.323 [info] > git status -z -uall [26ms]
2025-09-12 19:51:30.389 [info] > git ls-tree -l HEAD -- aur_packages.txt [1ms]
2025-09-12 19:51:30.399 [info] > git show --textconv HEAD:aur_packages.txt [1ms]
2025-09-12 19:51:31.500 [info] > git for-each-ref --format=%(refname)%00%(upstream:short)%00%(objectname)%00%(upstream:track)%00%(upstream:remotename)%00%(upstream:remoteref) refs/remotes/origin/main [1ms]
2025-09-12 19:51:31.506 [info] > git log --oneline --cherry main...main@{upstream} -- [2ms]
2025-09-12 19:51:31.990 [info] > git pull --tags origin main [481ms]
2025-09-12 19:51:31.990 [info] From https://github.com/sakuyma/arch-copy
 * branch            main       -> FETCH_HEAD
2025-09-12 19:51:31.997 [info] > git config --get commit.template [4ms]
2025-09-12 19:51:31.998 [info] > git for-each-ref --format=%(refname)%00%(upstream:short)%00%(objectname)%00%(upstream:track)%00%(upstream:remotename)%00%(upstream:remoteref) refs/heads/main refs/remotes/main [2ms]
2025-09-12 19:51:32.006 [info] > git for-each-ref --sort -committerdate --format %(refname)%00%(objectname)%00%(*objectname) [1ms]
2025-09-12 19:51:32.028 [info] > git status -z -uall [27ms]
2025-09-12 19:51:33.222 [info] > git ls-tree -l HEAD -- aur_packages.txt [1ms]
2025-09-12 19:51:33.227 [info] > git show --textconv HEAD:aur_packages.txt [1ms]
2025-09-12 19:51:42.213 [info] > git ls-tree -l HEAD -- aur_packages.txt [2ms]
2025-09-12 19:52:06.016 [info] > git push origin main:main [33112ms]
2025-09-12 19:52:06.016 [info] remote: error: Trace: 1a8fd2e5d7ca2074e8f5c6af6126553dd8ac30800f1691e4e5ebabc2c4c133e0        
remote: error: See https://gh.io/lfs for more information.        
remote: error: File bin/AyuGram is 360.19 MB; this exceeds GitHub's file size limit of 100.00 MB        
remote: error: GH001: Large files detected. You may want to try Git Large File Storage - https://git-lfs.github.com.        
To https://github.com/sakuyma/arch-copy
 ! [remote rejected] main -> main (pre-receive hook declined)
error: failed to push some refs to 'https://github.com/sakuyma/arch-copy'
2025-09-12 19:52:06.022 [info] > git config --get commit.template [2ms]
2025-09-12 19:52:06.023 [info] > git for-each-ref --format=%(refname)%00%(upstream:short)%00%(objectname)%00%(upstream:track)%00%(upstream:remotename)%00%(upstream:remoteref) refs/heads/main refs/remotes/main [1ms]
2025-09-12 19:52:06.032 [info] > git for-each-ref --sort -committerdate --format %(refname)%00%(objectname)%00%(*objectname) [1ms]
2025-09-12 19:52:06.054 [info] > git status -z -uall [27ms]
2025-09-12 19:52:06.060 [info] > git config --get commit.template [1ms]
2025-09-12 19:52:06.065 [info] > git for-each-ref --format=%(refname)%00%(upstream:short)%00%(objectname)%00%(upstream:track)%00%(upstream:remotename)%00%(upstream:remoteref) refs/heads/main refs/remotes/main [2ms]
2025-09-12 19:52:06.073 [info] > git for-each-ref --sort -committerdate --format %(refname)%00%(objectname)%00%(*objectname) [1ms]
2025-09-12 19:52:06.094 [info] > git status -z -uall [26ms]
2025-09-12 19:52:08.508 [info] > git ls-tree -l HEAD -- aur_packages.txt [1ms]
2025-09-12 19:52:09.257 [info] > git ls-tree -l HEAD -- aur_packages.txt [1ms]
2025-09-12 19:52:43.286 [info] > git check-ignore -v -z --stdin [3ms]
2025-09-12 19:52:52.460 [info] > git ls-tree -l HEAD -- aur_packages.txt [2ms]
2025-09-12 19:52:53.527 [info] > git config --get commit.template [3ms]
2025-09-12 19:52:53.528 [info] > git for-each-ref --format=%(refname)%00%(upstream:short)%00%(objectname)%00%(upstream:track)%00%(upstream:remotename)%00%(upstream:remoteref) refs/heads/main refs/remotes/main [1ms]
2025-09-12 19:52:53.536 [info] > git for-each-ref --sort -committerdate --format %(refname)%00%(objectname)%00%(*objectname) [2ms]
2025-09-12 19:52:53.554 [info] > git status -z -uall [23ms]
2025-09-12 19:52:54.418 [info] > git add -A -- . [32ms]
2025-09-12 19:52:54.505 [info] > git log --format=%H%n%aN%n%aE%n%at%n%ct%n%P%n%D%n%B -z --shortstat --diff-merges=first-parent -n50 --skip=0 --topo-order --decorate=full --stdin [722ms]
2025-09-12 19:52:54.512 [info] > git diff-tree -r --name-status -z --diff-filter=ADMR --find-renames=50% 6c93cb7921257bf052221efbb1cd926631aac8d1 27e96ded05d81c6a13da6d33a39eb48a53533260 [2ms]
2025-09-12 19:52:54.769 [info] > git show --textconv :.git/COMMIT_EDITMSG [4ms]
2025-09-12 19:52:54.772 [info] > git ls-files --stage -- .git/COMMIT_EDITMSG [4ms]
2025-09-12 19:52:54.776 [info] > git hash-object -t tree /dev/null [4ms]
2025-09-12 19:52:54.776 [warning] [GitFileSystemProvider][readFile] File not found - git:/home/user/arch-copy/.git/COMMIT_EDITMSG.git?%7B%22path%22%3A%22%2Fhome%2Fuser%2Farch-copy%2F.git%2FCOMMIT_EDITMSG%22%2C%22ref%22%3A%22%22%7D
2025-09-12 19:52:54.777 [info] > git hash-object -t tree /dev/null [2ms]
2025-09-12 19:52:54.777 [warning] [GitFileSystemProvider][stat] File not found - git:/home/user/arch-copy/.git/COMMIT_EDITMSG.git?%7B%22path%22%3A%22%2Fhome%2Fuser%2Farch-copy%2F.git%2FCOMMIT_EDITMSG%22%2C%22ref%22%3A%22%22%7D
2025-09-12 19:52:55.084 [info] > git check-ignore -v -z --stdin [2ms]
2025-09-12 19:52:55.696 [info] > git ls-tree -l HEAD -- aur_packages.txt [1ms]
2025-09-12 19:52:55.701 [info] > git show --textconv HEAD:aur_packages.txt [1ms]
