00:00:00.127857 VirtualBox GUI VM Selector Window 7.2.0 r170228 linux.amd64 (Sep  2 2025 09:40:52) release log
00:00:00.127858 Log opened 2025-09-07T21:05:40.328451000Z
00:00:00.127858 Build Type: release
00:00:00.127860 OS Product: Linux
00:00:00.127860 OS Release: 6.16.5-arch1-1
00:00:00.127860 OS Version: #1 SMP PREEMPT_DYNAMIC Thu, 04 Sep 2025 23:18:13 +0000
00:00:00.127879 DMI Product Name: Katana 17 B12UCR
00:00:00.127882 DMI Product Version: REV:1.0
00:00:00.127885 Firmware type: UEFI
00:00:00.128056 Secure Boot: Disabled
00:00:00.128083 Host RAM: 15690MB (15.3GB) total, 11473MB (11.2GB) available
00:00:00.128085 Executable: /usr/lib/virtualbox/VirtualBox
00:00:00.128085 Process ID: 23396
00:00:00.128085 Package type: LINUX_64BITS_GENERIC (OSE)
00:00:00.128108 Qt version: 6.9.2
00:00:00.128485 GUI: UIMediumEnumerator: Initial medium-enumeration finished!
00:00:00.130558 GUI: UIMediumEnumerator: Medium-enumeration started...
00:00:00.130571 GUI: UIMediumEnumerator: Medium-enumeration finished!
00:00:05.262208 GUI: UIInvisibleWindow::sltFallback: Move event missing. Screen: 0, work area: 959x539 x 800x800
00:00:05.262225 GUI: UIDesktopWidgetWatchdog::sltHandleHostScreenAvailableGeometryCalculated: Screen 0 work area is actually resized to: 959x539 x 800x800
00:00:21.981925 GUI: UICommon: Handling aboutToQuit request..
00:00:22.996907 GUI: UICommon: aboutToQuit request handled!
