2025-09-07 18:00:27.677 [info] Extension host with pid 14854 started
2025-09-07 18:00:27.677 [info] Skipping acquiring lock for /home/user/.config/VSCodium/User/workspaceStorage/0a4bfa1a3033128efeddba78eabf7124.
2025-09-07 18:00:27.693 [info] ExtensionService#_doActivateExtension vscode.git-base, startup: true, activationEvent: '*', root cause: vscode.git
2025-09-07 18:00:27.698 [info] ExtensionService#_doActivateExtension wayou.vscode-todo-highlight, startup: true, activationEvent: '*'
2025-09-07 18:00:27.711 [info] ExtensionService#_doActivateExtension vscode.git, startup: true, activationEvent: '*'
2025-09-07 18:00:27.743 [info] ExtensionService#_doActivateExtension vscode.github, startup: true, activationEvent: '*'
2025-09-07 18:00:27.814 [info] Eager extensions activated
2025-09-07 18:00:27.815 [info] ExtensionService#_doActivateExtension vscode.emmet, startup: false, activationEvent: 'onLanguage'
2025-09-07 18:00:27.832 [info] ExtensionService#_doActivateExtension vscode.debug-auto-launch, startup: false, activationEvent: 'onStartupFinished'
2025-09-07 18:00:27.834 [info] ExtensionService#_doActivateExtension vscode.merge-conflict, startup: false, activationEvent: 'onStartupFinished'
2025-09-07 18:00:27.847 [info] ExtensionService#_doActivateExtension PKief.material-icon-theme, startup: false, activationEvent: 'onStartupFinished'
2025-09-07 18:00:27.932 [info] ExtensionService#_doActivateExtension vscode.github-authentication, startup: false, activationEvent: 'onAuthenticationRequest:github'
2025-09-07 18:01:29.485 [info] ExtensionService#_doActivateExtension vscode.configuration-editing, startup: false, activationEvent: 'onLanguage:jsonc'
2025-09-07 18:01:29.492 [info] ExtensionService#_doActivateExtension vscode.json-language-features, startup: false, activationEvent: 'onLanguage:jsonc'
2025-09-07 18:01:29.538 [info] ExtensionService#_doActivateExtension vscode.typescript-language-features, startup: false, activationEvent: 'onLanguage:jsonc'
2025-09-07 18:01:46.647 [info] ExtensionService#_doActivateExtension vscode.extension-editing, startup: false, activationEvent: 'onLanguage:markdown'
2025-09-07 18:01:46.657 [info] ExtensionService#_doActivateExtension vscode.markdown-language-features, startup: false, activationEvent: 'onLanguage:markdown'
2025-09-07 18:01:46.915 [info] ExtensionService#_doActivateExtension vscode.markdown-math, startup: false, activationEvent: 'api', root cause: vscode.markdown-language-features
2025-09-07 18:01:59.400 [warning] [Decorations] CAPPING events from decorations provider vscode.git 3244
2025-09-07 18:02:59.490 [warning] [Decorations] CAPPING events from decorations provider vscode.git 3244
2025-09-07 18:59:38.036 [info] Extension host terminating: renderer closed the MessagePort
2025-09-07 18:59:38.044 [info] Extension host with pid 14854 exiting with code 0
