2025-09-07 19:02:49.449 [info] [main] Log level: Info
2025-09-07 19:02:49.450 [info] [main] Validating found git in: "git"
2025-09-07 19:02:49.450 [info] [main] Using git "2.51.0" from "git"
2025-09-07 19:02:49.450 [info] [Model][doInitialScan] Initial repository scan started
2025-09-07 19:02:49.450 [info] > git rev-parse --show-toplevel [8ms]
2025-09-07 19:02:49.450 [info] > git rev-parse --git-dir --git-common-dir --show-superproject-working-tree [11ms]
2025-09-07 19:02:49.450 [info] [Model][openRepository] Opened repository (path): /home/user/dotfiles
2025-09-07 19:02:49.450 [info] [Model][openRepository] Opened repository (real path): /home/user/dotfiles
2025-09-07 19:02:49.450 [info] [Model][openRepository] Opened repository (kind): repository
2025-09-07 19:02:49.450 [info] > git rev-parse --show-toplevel [6ms]
2025-09-07 19:02:49.450 [info] [Model][doInitialScan] Initial repository scan completed - repositories (1), closed repositories (0), parent repositories (0), unsafe repositories (0)
2025-09-07 19:02:49.457 [info] > git config --get commit.template [15ms]
2025-09-07 19:02:49.460 [info] > git show --textconv HEAD:.config/fastfetch [6ms]
2025-09-07 19:02:49.460 [info] > git ls-tree -l HEAD -- .config/fastfetch [4ms]
2025-09-07 19:02:49.468 [info] > git for-each-ref --format=%(refname)%00%(upstream:short)%00%(objectname)%00%(upstream:track)%00%(upstream:remotename)%00%(upstream:remoteref) refs/heads/main refs/remotes/main [1ms]
2025-09-07 19:02:49.469 [info] > git hash-object -t tree /dev/null [5ms]
2025-09-07 19:02:49.469 [warning] [GitFileSystemProvider][readFile] File not found - git:/home/user/dotfiles/.config/fastfetch?%7B%22path%22%3A%22%2Fhome%2Fuser%2Fdotfiles%2F.config%2Ffastfetch%22%2C%22ref%22%3A%22~%22%7D
2025-09-07 19:02:49.478 [info] > git for-each-ref --sort -committerdate --format %(refname)%00%(objectname)%00%(*objectname) [1ms]
2025-09-07 19:02:49.482 [info] > git status -z -uall [9ms]
2025-09-07 19:02:49.495 [info] > git for-each-ref --format=%(refname)%00%(upstream:short)%00%(objectname)%00%(upstream:track)%00%(upstream:remotename)%00%(upstream:remoteref) refs/heads/main refs/remotes/main [1ms]
2025-09-07 19:02:49.508 [info] > git config --get --local branch.main.vscode-merge-base [10ms]
2025-09-07 19:02:49.512 [info] > git config --get commit.template [5ms]
2025-09-07 19:02:49.537 [info] > git for-each-ref --format=%(refname)%00%(upstream:short)%00%(objectname)%00%(upstream:track)%00%(upstream:remotename)%00%(upstream:remoteref) refs/heads/origin/main refs/remotes/origin/main [26ms]
2025-09-07 19:02:49.551 [info] > git for-each-ref --format=%(refname)%00%(upstream:short)%00%(objectname)%00%(upstream:track)%00%(upstream:remotename)%00%(upstream:remoteref) refs/heads/main refs/remotes/main [2ms]
2025-09-07 19:02:49.559 [info] > git for-each-ref --sort -committerdate --format %(refname)%00%(objectname)%00%(*objectname) [1ms]
2025-09-07 19:02:49.564 [info] > git status -z -uall [10ms]
2025-09-07 19:02:49.812 [info] > git log --format=%H%n%aN%n%aE%n%at%n%ct%n%P%n%D%n%B -z --shortstat --diff-merges=first-parent -n50 --skip=0 --topo-order --decorate=full --stdin [33ms]
2025-09-07 19:02:49.905 [info] > git fetch [471ms]
2025-09-07 19:02:49.911 [info] > git config --get commit.template [1ms]
2025-09-07 19:02:49.916 [info] > git for-each-ref --format=%(refname)%00%(upstream:short)%00%(objectname)%00%(upstream:track)%00%(upstream:remotename)%00%(upstream:remoteref) refs/heads/main refs/remotes/main [2ms]
2025-09-07 19:02:49.923 [info] > git for-each-ref --sort -committerdate --format %(refname)%00%(objectname)%00%(*objectname) [0ms]
2025-09-07 19:02:49.927 [info] > git status -z -uall [9ms]
2025-09-07 19:02:50.044 [info] > git check-ignore -v -z --stdin [1ms]
2025-09-07 19:02:50.614 [info] > git add -A -- . [7ms]
2025-09-07 19:02:50.626 [info] > git -c user.useConfigOnly=true commit --quiet --allow-empty-message --file - [9ms]
2025-09-07 19:02:50.631 [info] > git config --get-all user.name [1ms]
2025-09-07 19:02:50.635 [info] > git config --get-all user.email [0ms]
2025-09-07 19:02:50.641 [info] > git config --get commit.template [3ms]
2025-09-07 19:02:50.646 [info] > git for-each-ref --format=%(refname)%00%(upstream:short)%00%(objectname)%00%(upstream:track)%00%(upstream:remotename)%00%(upstream:remoteref) refs/heads/main refs/remotes/main [1ms]
2025-09-07 19:02:50.655 [info] > git for-each-ref --sort -committerdate --format %(refname)%00%(objectname)%00%(*objectname) [1ms]
2025-09-07 19:02:50.663 [info] > git status -z -uall [13ms]
2025-09-07 19:02:51.699 [info] > git config --get commit.template [3ms]
2025-09-07 19:02:51.699 [info] > git for-each-ref --format=%(refname)%00%(upstream:short)%00%(objectname)%00%(upstream:track)%00%(upstream:remotename)%00%(upstream:remoteref) refs/heads/main refs/remotes/main [1ms]
2025-09-07 19:02:51.706 [info] > git for-each-ref --sort -committerdate --format %(refname)%00%(objectname)%00%(*objectname) [1ms]
2025-09-07 19:02:51.710 [info] > git status -z -uall [8ms]
2025-09-07 19:02:56.722 [info] > git config --get commit.template [3ms]
2025-09-07 19:02:56.722 [info] > git for-each-ref --format=%(refname)%00%(upstream:short)%00%(objectname)%00%(upstream:track)%00%(upstream:remotename)%00%(upstream:remoteref) refs/heads/main refs/remotes/main [1ms]
2025-09-07 19:02:56.729 [info] > git for-each-ref --sort -committerdate --format %(refname)%00%(objectname)%00%(*objectname) [1ms]
2025-09-07 19:02:56.734 [info] > git status -z -uall [8ms]
2025-09-07 19:03:07.266 [info] > git config --get commit.template [4ms]
2025-09-07 19:03:07.266 [info] > git for-each-ref --format=%(refname)%00%(upstream:short)%00%(objectname)%00%(upstream:track)%00%(upstream:remotename)%00%(upstream:remoteref) refs/heads/main refs/remotes/main [1ms]
2025-09-07 19:03:07.274 [info] > git for-each-ref --sort -committerdate --format %(refname)%00%(objectname)%00%(*objectname) [1ms]
2025-09-07 19:03:07.279 [info] > git status -z -uall [10ms]
2025-09-07 19:03:12.289 [info] > git config --get commit.template [3ms]
2025-09-07 19:03:12.290 [info] > git for-each-ref --format=%(refname)%00%(upstream:short)%00%(objectname)%00%(upstream:track)%00%(upstream:remotename)%00%(upstream:remoteref) refs/heads/main refs/remotes/main [1ms]
2025-09-07 19:03:12.297 [info] > git for-each-ref --sort -committerdate --format %(refname)%00%(objectname)%00%(*objectname) [1ms]
2025-09-07 19:03:12.301 [info] > git status -z -uall [8ms]
2025-09-07 19:03:45.284 [info] > git config --get commit.template [4ms]
2025-09-07 19:03:45.284 [info] > git for-each-ref --format=%(refname)%00%(upstream:short)%00%(objectname)%00%(upstream:track)%00%(upstream:remotename)%00%(upstream:remoteref) refs/heads/main refs/remotes/main [1ms]
2025-09-07 19:03:45.292 [info] > git for-each-ref --sort -committerdate --format %(refname)%00%(objectname)%00%(*objectname) [1ms]
2025-09-07 19:03:45.295 [info] > git status -z -uall [7ms]
2025-09-07 19:03:50.303 [info] > git config --get commit.template [3ms]
2025-09-07 19:03:50.304 [info] > git for-each-ref --format=%(refname)%00%(upstream:short)%00%(objectname)%00%(upstream:track)%00%(upstream:remotename)%00%(upstream:remoteref) refs/heads/main refs/remotes/main [1ms]
2025-09-07 19:03:50.311 [info] > git for-each-ref --sort -committerdate --format %(refname)%00%(objectname)%00%(*objectname) [1ms]
2025-09-07 19:03:50.317 [info] > git status -z -uall [10ms]
2025-09-07 19:04:08.056 [info] > git config --get commit.template [3ms]
2025-09-07 19:04:08.057 [info] > git for-each-ref --format=%(refname)%00%(upstream:short)%00%(objectname)%00%(upstream:track)%00%(upstream:remotename)%00%(upstream:remoteref) refs/heads/main refs/remotes/main [1ms]
2025-09-07 19:04:08.063 [info] > git for-each-ref --sort -committerdate --format %(refname)%00%(objectname)%00%(*objectname) [1ms]
2025-09-07 19:04:08.070 [info] > git status -z -uall [10ms]
2025-09-07 19:04:13.079 [info] > git config --get commit.template [4ms]
2025-09-07 19:04:13.079 [info] > git for-each-ref --format=%(refname)%00%(upstream:short)%00%(objectname)%00%(upstream:track)%00%(upstream:remotename)%00%(upstream:remoteref) refs/heads/main refs/remotes/main [1ms]
2025-09-07 19:04:13.086 [info] > git for-each-ref --sort -committerdate --format %(refname)%00%(objectname)%00%(*objectname) [1ms]
2025-09-07 19:04:13.092 [info] > git status -z -uall [9ms]
2025-09-07 19:04:18.104 [info] > git config --get commit.template [4ms]
2025-09-07 19:04:18.105 [info] > git for-each-ref --format=%(refname)%00%(upstream:short)%00%(objectname)%00%(upstream:track)%00%(upstream:remotename)%00%(upstream:remoteref) refs/heads/main refs/remotes/main [1ms]
2025-09-07 19:04:18.112 [info] > git for-each-ref --sort -committerdate --format %(refname)%00%(objectname)%00%(*objectname) [1ms]
2025-09-07 19:04:18.115 [info] > git status -z -uall [7ms]
2025-09-07 19:05:10.829 [info] [main] Log level: Info
2025-09-07 19:05:10.829 [info] [main] Validating found git in: "git"
2025-09-07 19:05:10.829 [info] [main] Using git "2.51.0" from "git"
2025-09-07 19:05:10.829 [info] [Model][doInitialScan] Initial repository scan started
2025-09-07 19:05:10.829 [info] [Model][doInitialScan] Initial repository scan completed - repositories (0), closed repositories (0), parent repositories (0), unsafe repositories (0)
2025-09-07 19:05:18.298 [info] > git clone https://github.com/sakuyma/fastfetch /home/user/fastfetch-1 --progress [641ms]
2025-09-07 19:05:18.298 [info] Cloning into '/home/user/fastfetch-1'...
remote: Enumerating objects: 3, done.        
remote: Counting objects:  33% (1/3)        remote: Counting objects:  66% (2/3)        remote: Counting objects: 100% (3/3)        remote: Counting objects: 100% (3/3), done.        
remote: Total 3 (delta 0), reused 0 (delta 0), pack-reused 0 (from 0)        
Receiving objects:  33% (1/3)Receiving objects:  66% (2/3)Receiving objects: 100% (3/3)Receiving objects: 100% (3/3), done.
2025-09-07 19:07:44.580 [info] [main] Log level: Info
2025-09-07 19:07:44.580 [info] [main] Validating found git in: "git"
2025-09-07 19:07:44.580 [info] [main] Using git "2.51.0" from "git"
2025-09-07 19:07:44.580 [info] [Model][doInitialScan] Initial repository scan started
2025-09-07 19:07:44.580 [info] [Model][doInitialScan] Initial repository scan completed - repositories (0), closed repositories (0), parent repositories (0), unsafe repositories (0)
2025-09-07 19:07:58.411 [info] [main] Log level: Info
2025-09-07 19:07:58.411 [info] [main] Validating found git in: "git"
2025-09-07 19:07:58.411 [info] [main] Using git "2.51.0" from "git"
2025-09-07 19:07:58.411 [info] [Model][doInitialScan] Initial repository scan started
2025-09-07 19:07:58.411 [info] > git rev-parse --show-toplevel [12ms]
2025-09-07 19:07:58.411 [info] fatal: detected dubious ownership in repository at '/home/user/fastfetch'
To add an exception for this directory, call:

	git config --global --add safe.directory /home/user/fastfetch
2025-09-07 19:07:58.412 [info] > git rev-parse --show-toplevel [1ms]
2025-09-07 19:07:58.412 [info] fatal: detected dubious ownership in repository at '/home/user/fastfetch'
To add an exception for this directory, call:

	git config --global --add safe.directory /home/user/fastfetch
2025-09-07 19:07:58.416 [info] > git rev-parse --show-toplevel [1ms]
2025-09-07 19:07:58.416 [info] fatal: detected dubious ownership in repository at '/home/user/fastfetch/fastfetch'
To add an exception for this directory, call:

	git config --global --add safe.directory /home/user/fastfetch/fastfetch
2025-09-07 19:07:58.420 [info] > git rev-parse --show-toplevel [1ms]
2025-09-07 19:07:58.420 [info] fatal: detected dubious ownership in repository at '/home/user/fastfetch'
To add an exception for this directory, call:

	git config --global --add safe.directory /home/user/fastfetch
2025-09-07 19:07:58.420 [info] [Model][doInitialScan] Initial repository scan completed - repositories (0), closed repositories (0), parent repositories (0), unsafe repositories (2)
2025-09-07 19:08:05.988 [info] > git config --global --add safe.directory /home/user/fastfetch [1ms]
2025-09-07 19:08:05.991 [info] > git rev-parse --show-toplevel [1ms]
2025-09-07 19:08:05.995 [info] > git rev-parse --git-dir --git-common-dir --show-superproject-working-tree [2ms]
2025-09-07 19:08:06.006 [info] [Model][openRepository] Opened repository (path): /home/user/fastfetch
2025-09-07 19:08:06.006 [info] [Model][openRepository] Opened repository (real path): /home/user/fastfetch
2025-09-07 19:08:06.006 [info] [Model][openRepository] Opened repository (kind): repository
2025-09-07 19:08:06.011 [info] > git config --get commit.template [1ms]
2025-09-07 19:08:06.011 [info] > git fetch [6ms]
2025-09-07 19:08:06.011 [info] error: cannot open '.git/FETCH_HEAD': Permission denied
2025-09-07 19:08:06.017 [info] > git config --get commit.template [3ms]
2025-09-07 19:08:06.020 [info] > git for-each-ref --format=%(refname)%00%(upstream:short)%00%(objectname)%00%(upstream:track)%00%(upstream:remotename)%00%(upstream:remoteref) refs/heads/master refs/remotes/master [4ms]
2025-09-07 19:08:06.022 [warning] [Git][revParse] Unable to read file: ENOENT: no such file or directory, open '/home/user/fastfetch/.git/refs/remotes/origin/master'
2025-09-07 19:08:06.023 [info] > git for-each-ref --format=%(refname)%00%(upstream:short)%00%(objectname)%00%(upstream:track)%00%(upstream:remotename)%00%(upstream:remoteref) refs/heads/master refs/remotes/master [4ms]
2025-09-07 19:08:06.025 [warning] [Git][revParse] Unable to read file: ENOENT: no such file or directory, open '/home/user/fastfetch/.git/refs/remotes/origin/master'
2025-09-07 19:08:06.029 [info] > git rev-parse refs/remotes/origin/master [4ms]
2025-09-07 19:08:06.035 [info] > git rev-parse refs/remotes/origin/master [13ms]
2025-09-07 19:08:06.040 [info] > git for-each-ref --sort -committerdate --format %(refname)%00%(objectname)%00%(*objectname) [5ms] (cancelled)
2025-09-07 19:08:06.045 [info] > git status -z -uall [13ms] (cancelled)
2025-09-07 19:08:06.045 [info] > git for-each-ref --format=%(refname)%00%(upstream:short)%00%(objectname)%00%(upstream:track)%00%(upstream:remotename)%00%(upstream:remoteref) refs/heads/master refs/remotes/master [6ms]
2025-09-07 19:08:06.048 [info] > git config --get commit.template [4ms]
2025-09-07 19:08:06.048 [info] > git config --get --local branch.master.vscode-merge-base [1ms]
2025-09-07 19:08:06.048 [warning] [Git][config] git config failed: Failed to execute git
2025-09-07 19:08:06.054 [info] > git reflog master --grep-reflog=branch: Created from *. [3ms]
2025-09-07 19:08:06.056 [info] > git for-each-ref --format=%(refname)%00%(upstream:short)%00%(objectname)%00%(upstream:track)%00%(upstream:remotename)%00%(upstream:remoteref) refs/heads/master refs/remotes/master [3ms]
2025-09-07 19:08:06.070 [warning] [Git][revParse] Unable to read file: ENOENT: no such file or directory, open '/home/user/fastfetch/.git/refs/remotes/origin/master'
2025-09-07 19:08:06.070 [info] > git symbolic-ref --short refs/remotes/origin/HEAD [14ms]
2025-09-07 19:08:06.083 [info] > git for-each-ref --format=%(refname)%00%(upstream:short)%00%(objectname)%00%(upstream:track)%00%(upstream:remotename)%00%(upstream:remoteref) refs/heads/origin/master refs/remotes/origin/master [10ms]
2025-09-07 19:08:06.087 [info] > git rev-parse refs/remotes/origin/master [17ms]
2025-09-07 19:08:06.115 [info] > git status -z -uall [24ms]
2025-09-07 19:08:06.115 [info] > git for-each-ref --sort -committerdate --format %(refname)%00%(objectname)%00%(*objectname) [20ms]
2025-09-07 19:08:06.118 [info] > git config --add --local branch.master.vscode-merge-base origin/master [31ms]
2025-09-07 19:08:06.118 [info] error: could not lock config file .git/config: Permission denied
2025-09-07 19:08:06.118 [warning] [Git][config] git config failed: Failed to execute git
2025-09-07 19:08:06.127 [info] > git config --get commit.template [3ms]
2025-09-07 19:08:06.128 [info] > git for-each-ref --format=%(refname)%00%(upstream:short)%00%(objectname)%00%(upstream:track)%00%(upstream:remotename)%00%(upstream:remoteref) refs/heads/master refs/remotes/master [2ms]
2025-09-07 19:08:06.130 [warning] [Git][revParse] Unable to read file: ENOENT: no such file or directory, open '/home/user/fastfetch/.git/refs/remotes/origin/master'
2025-09-07 19:08:06.131 [info] > git rev-parse refs/remotes/origin/master [1ms]
2025-09-07 19:08:06.136 [info] > git status -z -uall [3ms]
2025-09-07 19:08:06.137 [info] > git for-each-ref --sort -committerdate --format %(refname)%00%(objectname)%00%(*objectname) [1ms]
2025-09-07 19:08:06.154 [info] > git log --format=%H%n%aN%n%aE%n%at%n%ct%n%P%n%D%n%B -z --shortstat --diff-merges=first-parent -n50 --skip=0 --topo-order --decorate=full --stdin [4ms]
2025-09-07 19:08:06.648 [info] > git check-ignore -v -z --stdin [1ms]
2025-09-07 19:08:15.364 [info] > git check-ignore -v -z --stdin [0ms]
2025-09-07 19:09:01.724 [info] > git log --format=%H%n%aN%n%aE%n%at%n%ct%n%P%n%D%n%B -z --shortstat --diff-merges=first-parent -n50 --skip=0 --topo-order --decorate=full --stdin [1ms]
2025-09-07 19:09:01.724 [info] fatal: not a git repository (or any parent up to mount point /)
Stopping at filesystem boundary (GIT_DISCOVERY_ACROSS_FILESYSTEM not set).
2025-09-07 19:09:01.725 [error] [GitHistoryProvider][provideHistoryItems] Failed to get history items with options '{"historyItemRefs":["3bbeb97501d612baea498a2b57d7826ed1f72a68","3bbeb97501d612baea498a2b57d7826ed1f72a68"],"limit":50,"skip":0}': Failed to execute git {
  "exitCode": 128,
  "gitErrorCode": "NotAGitRepository",
  "gitCommand": "log",
  "stdout": "",
  "stderr": "fatal: not a git repository (or any parent up to mount point /)\nStopping at filesystem boundary (GIT_DISCOVERY_ACROSS_FILESYSTEM not set).\n"
}
2025-09-07 19:09:04.320 [info] > git config --global --add safe.directory /home/user/fastfetch/fastfetch [2ms]
2025-09-07 19:09:04.324 [info] > git rev-parse --show-toplevel [1ms]
2025-09-07 19:09:04.328 [info] > git rev-parse --git-dir --git-common-dir --show-superproject-working-tree [1ms]
2025-09-07 19:09:04.334 [info] [Model][openRepository] Opened repository (path): /home/user/fastfetch/fastfetch
2025-09-07 19:09:04.334 [info] [Model][openRepository] Opened repository (real path): /home/user/fastfetch/fastfetch
2025-09-07 19:09:04.334 [info] [Model][openRepository] Opened repository (kind): repository
2025-09-07 19:09:04.338 [info] > git config --get commit.template [1ms]
2025-09-07 19:09:04.338 [info] > git fetch [4ms]
2025-09-07 19:09:04.338 [info] error: cannot open '.git/FETCH_HEAD': Permission denied
2025-09-07 19:09:04.344 [info] > git config --get commit.template [3ms]
2025-09-07 19:09:04.347 [info] > git for-each-ref --format=%(refname)%00%(upstream:short)%00%(objectname)%00%(upstream:track)%00%(upstream:remotename)%00%(upstream:remoteref) refs/heads/master refs/remotes/master [3ms]
2025-09-07 19:09:04.350 [warning] [Git][revParse] Unable to read file: ENOENT: no such file or directory, open '/home/user/fastfetch/fastfetch/.git/refs/remotes/origin/master'
2025-09-07 19:09:04.350 [info] > git for-each-ref --format=%(refname)%00%(upstream:short)%00%(objectname)%00%(upstream:track)%00%(upstream:remotename)%00%(upstream:remoteref) refs/heads/master refs/remotes/master [3ms]
2025-09-07 19:09:04.352 [warning] [Git][revParse] Unable to read file: ENOENT: no such file or directory, open '/home/user/fastfetch/fastfetch/.git/refs/remotes/origin/master'
2025-09-07 19:09:04.359 [info] > git rev-parse refs/remotes/origin/master [7ms]
2025-09-07 19:09:04.364 [info] > git rev-parse refs/remotes/origin/master [14ms]
2025-09-07 19:09:04.369 [info] > git for-each-ref --sort -committerdate --format %(refname)%00%(objectname)%00%(*objectname) [5ms] (cancelled)
2025-09-07 19:09:04.385 [info] > git status -z -uall [24ms] (cancelled)
2025-09-07 19:09:04.385 [info] > git for-each-ref --format=%(refname)%00%(upstream:short)%00%(objectname)%00%(upstream:track)%00%(upstream:remotename)%00%(upstream:remoteref) refs/heads/master refs/remotes/master [18ms]
2025-09-07 19:09:04.388 [info] > git rev-parse --show-toplevel [30ms]
2025-09-07 19:09:04.388 [info] fatal: not a git repository (or any parent up to mount point /)
Stopping at filesystem boundary (GIT_DISCOVERY_ACROSS_FILESYSTEM not set).
2025-09-07 19:09:04.389 [info] > git config --get --local branch.master.vscode-merge-base [1ms]
2025-09-07 19:09:04.390 [warning] [Git][config] git config failed: Failed to execute git
2025-09-07 19:09:04.393 [info] > git config --get commit.template [9ms]
2025-09-07 19:09:04.396 [info] > git reflog master --grep-reflog=branch: Created from *. [3ms]
2025-09-07 19:09:04.399 [info] > git for-each-ref --format=%(refname)%00%(upstream:short)%00%(objectname)%00%(upstream:track)%00%(upstream:remotename)%00%(upstream:remoteref) refs/heads/master refs/remotes/master [3ms]
2025-09-07 19:09:04.401 [warning] [Git][revParse] Unable to read file: ENOENT: no such file or directory, open '/home/user/fastfetch/fastfetch/.git/refs/remotes/origin/master'
2025-09-07 19:09:04.402 [info] > git symbolic-ref --short refs/remotes/origin/HEAD [3ms]
2025-09-07 19:09:04.405 [info] > git rev-parse refs/remotes/origin/master [4ms]
2025-09-07 19:09:04.411 [info] > git status -z -uall [4ms]
2025-09-07 19:09:04.411 [info] > git for-each-ref --format=%(refname)%00%(upstream:short)%00%(objectname)%00%(upstream:track)%00%(upstream:remotename)%00%(upstream:remoteref) refs/heads/origin/master refs/remotes/origin/master [7ms]
2025-09-07 19:09:04.414 [info] > git for-each-ref --sort -committerdate --format %(refname)%00%(objectname)%00%(*objectname) [4ms]
2025-09-07 19:09:04.416 [info] > git config --add --local branch.master.vscode-merge-base origin/master [2ms]
2025-09-07 19:09:04.416 [info] error: could not lock config file .git/config: Permission denied
2025-09-07 19:09:04.416 [warning] [Git][config] git config failed: Failed to execute git
2025-09-07 19:09:04.422 [info] > git config --get commit.template [2ms]
2025-09-07 19:09:04.426 [info] > git for-each-ref --format=%(refname)%00%(upstream:short)%00%(objectname)%00%(upstream:track)%00%(upstream:remotename)%00%(upstream:remoteref) refs/heads/master refs/remotes/master [1ms]
2025-09-07 19:09:04.428 [warning] [Git][revParse] Unable to read file: ENOENT: no such file or directory, open '/home/user/fastfetch/fastfetch/.git/refs/remotes/origin/master'
2025-09-07 19:09:04.430 [info] > git rev-parse refs/remotes/origin/master [2ms]
2025-09-07 19:09:04.436 [info] > git status -z -uall [3ms]
2025-09-07 19:09:04.437 [info] > git for-each-ref --sort -committerdate --format %(refname)%00%(objectname)%00%(*objectname) [1ms]
2025-09-07 19:09:04.454 [info] > git log --format=%H%n%aN%n%aE%n%at%n%ct%n%P%n%D%n%B -z --shortstat --diff-merges=first-parent -n50 --skip=0 --topo-order --decorate=full --stdin [5ms]
2025-09-07 19:09:04.946 [info] > git check-ignore -v -z --stdin [1ms]
2025-09-07 19:09:11.016 [info] > git check-ignore -v -z --stdin [0ms]
2025-09-07 19:09:56.195 [warning] [Git][getHEAD] Failed to parse HEAD file: ENOENT: no such file or directory, open '/home/user/fastfetch/fastfetch/.git/HEAD'
2025-09-07 19:09:56.201 [warning] [Git][getRemotes] Error: ENOENT: no such file or directory, open '/home/user/fastfetch/fastfetch/.git/config'
2025-09-07 19:09:56.208 [warning] [Git][getHEAD] Failed to parse HEAD file: ENOENT: no such file or directory, open '/home/user/fastfetch/fastfetch/.git/HEAD'
2025-09-07 19:09:56.214 [warning] [Git][getRemotes] Error: ENOENT: no such file or directory, open '/home/user/fastfetch/fastfetch/.git/config'
2025-09-07 19:10:05.804 [info] [main] Log level: Info
2025-09-07 19:10:05.804 [info] [main] Validating found git in: "git"
2025-09-07 19:10:05.805 [info] [main] Using git "2.51.0" from "git"
2025-09-07 19:10:05.805 [info] [Model][doInitialScan] Initial repository scan started
2025-09-07 19:10:05.805 [info] [Model][doInitialScan] Initial repository scan completed - repositories (0), closed repositories (0), parent repositories (0), unsafe repositories (0)
2025-09-07 19:10:13.794 [info] > git clone https://github.com/sakuyma/fastfetch /home/user/fastfetch --progress [647ms]
2025-09-07 19:10:13.794 [info] Cloning into '/home/user/fastfetch'...
remote: Enumerating objects: 3, done.        
remote: Counting objects:  33% (1/3)        remote: Counting objects:  66% (2/3)        remote: Counting objects: 100% (3/3)        remote: Counting objects: 100% (3/3), done.        
remote: Total 3 (delta 0), reused 0 (delta 0), pack-reused 0 (from 0)        
Receiving objects:  33% (1/3)Receiving objects:  66% (2/3)Receiving objects: 100% (3/3)Receiving objects: 100% (3/3), done.
2025-09-07 19:10:18.492 [info] [main] Log level: Info
2025-09-07 19:10:18.492 [info] [main] Validating found git in: "git"
2025-09-07 19:10:18.492 [info] [main] Using git "2.51.0" from "git"
2025-09-07 19:10:18.492 [info] [Model][doInitialScan] Initial repository scan started
2025-09-07 19:10:18.492 [info] > git rev-parse --show-toplevel [4ms]
2025-09-07 19:10:18.492 [info] > git rev-parse --git-dir --git-common-dir --show-superproject-working-tree [1ms]
2025-09-07 19:10:18.492 [info] [Model][openRepository] Opened repository (path): /home/user/fastfetch
2025-09-07 19:10:18.492 [info] [Model][openRepository] Opened repository (real path): /home/user/fastfetch
2025-09-07 19:10:18.492 [info] [Model][openRepository] Opened repository (kind): repository
2025-09-07 19:10:18.492 [info] [Model][doInitialScan] Initial repository scan completed - repositories (1), closed repositories (0), parent repositories (0), unsafe repositories (0)
2025-09-07 19:10:18.492 [info] > git config --get commit.template [5ms]
2025-09-07 19:10:18.501 [info] > git for-each-ref --format=%(refname)%00%(upstream:short)%00%(objectname)%00%(upstream:track)%00%(upstream:remotename)%00%(upstream:remoteref) refs/heads/main refs/remotes/main [9ms]
2025-09-07 19:10:18.504 [warning] [Git][revParse] Unable to read file: ENOENT: no such file or directory, open '/home/user/fastfetch/.git/refs/remotes/origin/main'
2025-09-07 19:10:18.505 [info] > git rev-parse refs/remotes/origin/main [1ms]
2025-09-07 19:10:18.511 [info] > git status -z -uall [3ms]
2025-09-07 19:10:18.512 [info] > git for-each-ref --sort -committerdate --format %(refname)%00%(objectname)%00%(*objectname) [1ms]
2025-09-07 19:10:18.528 [info] > git for-each-ref --format=%(refname)%00%(upstream:short)%00%(objectname)%00%(upstream:track)%00%(upstream:remotename)%00%(upstream:remoteref) refs/heads/main refs/remotes/main [5ms]
2025-09-07 19:10:18.531 [info] > git config --get --local branch.main.vscode-merge-base [1ms]
2025-09-07 19:10:18.532 [warning] [Git][config] git config failed: Failed to execute git
2025-09-07 19:10:18.534 [info] > git config --get commit.template [7ms]
2025-09-07 19:10:18.536 [info] > git reflog main --grep-reflog=branch: Created from *. [2ms]
2025-09-07 19:10:18.539 [info] > git for-each-ref --format=%(refname)%00%(upstream:short)%00%(objectname)%00%(upstream:track)%00%(upstream:remotename)%00%(upstream:remoteref) refs/heads/main refs/remotes/main [3ms]
2025-09-07 19:10:18.542 [warning] [Git][revParse] Unable to read file: ENOENT: no such file or directory, open '/home/user/fastfetch/.git/refs/remotes/origin/main'
2025-09-07 19:10:18.542 [info] > git symbolic-ref --short refs/remotes/origin/HEAD [3ms]
2025-09-07 19:10:18.545 [info] > git rev-parse refs/remotes/origin/main [3ms]
2025-09-07 19:10:18.550 [info] > git status -z -uall [3ms]
2025-09-07 19:10:18.551 [info] > git for-each-ref --format=%(refname)%00%(upstream:short)%00%(objectname)%00%(upstream:track)%00%(upstream:remotename)%00%(upstream:remoteref) refs/heads/origin/main refs/remotes/origin/main [6ms]
2025-09-07 19:10:18.553 [info] > git for-each-ref --sort -committerdate --format %(refname)%00%(objectname)%00%(*objectname) [3ms]
2025-09-07 19:10:18.555 [info] > git config --add --local branch.main.vscode-merge-base origin/main [2ms]
2025-09-07 19:10:18.559 [info] > git config --get commit.template [1ms]
2025-09-07 19:10:18.578 [info] > git for-each-ref --format=%(refname)%00%(upstream:short)%00%(objectname)%00%(upstream:track)%00%(upstream:remotename)%00%(upstream:remoteref) refs/heads/main refs/remotes/main [2ms]
2025-09-07 19:10:18.581 [warning] [Git][revParse] Unable to read file: ENOENT: no such file or directory, open '/home/user/fastfetch/.git/refs/remotes/origin/main'
2025-09-07 19:10:18.582 [info] > git rev-parse refs/remotes/origin/main [1ms]
2025-09-07 19:10:18.588 [info] > git status -z -uall [3ms]
2025-09-07 19:10:18.588 [info] > git for-each-ref --sort -committerdate --format %(refname)%00%(objectname)%00%(*objectname) [1ms]
2025-09-07 19:10:18.898 [info] > git fetch [463ms]
2025-09-07 19:10:18.904 [info] > git config --get commit.template [3ms]
2025-09-07 19:10:18.905 [info] > git for-each-ref --format=%(refname)%00%(upstream:short)%00%(objectname)%00%(upstream:track)%00%(upstream:remotename)%00%(upstream:remoteref) refs/heads/main refs/remotes/main [1ms]
2025-09-07 19:10:18.907 [warning] [Git][revParse] Unable to read file: ENOENT: no such file or directory, open '/home/user/fastfetch/.git/refs/remotes/origin/main'
2025-09-07 19:10:18.907 [info] > git rev-parse refs/remotes/origin/main [0ms]
2025-09-07 19:10:18.912 [info] > git status -z -uall [2ms]
2025-09-07 19:10:18.913 [info] > git for-each-ref --sort -committerdate --format %(refname)%00%(objectname)%00%(*objectname) [1ms]
2025-09-07 19:10:19.054 [info] > git check-ignore -v -z --stdin [16ms]
2025-09-07 19:10:19.548 [info] > git log --format=%H%n%aN%n%aE%n%at%n%ct%n%P%n%D%n%B -z --shortstat --diff-merges=first-parent -n50 --skip=0 --topo-order --decorate=full --stdin [2ms]
2025-09-07 19:10:20.030 [info] > git config --get commit.template [3ms]
2025-09-07 19:10:20.031 [info] > git for-each-ref --format=%(refname)%00%(upstream:short)%00%(objectname)%00%(upstream:track)%00%(upstream:remotename)%00%(upstream:remoteref) refs/heads/main refs/remotes/main [1ms]
2025-09-07 19:10:20.034 [warning] [Git][revParse] Unable to read file: ENOENT: no such file or directory, open '/home/user/fastfetch/.git/refs/remotes/origin/main'
2025-09-07 19:10:20.035 [info] > git rev-parse refs/remotes/origin/main [1ms]
2025-09-07 19:10:20.041 [info] > git status -z -uall [3ms]
2025-09-07 19:10:20.041 [info] > git for-each-ref --sort -committerdate --format %(refname)%00%(objectname)%00%(*objectname) [1ms]
2025-09-07 19:10:46.623 [info] > git check-ignore -v -z --stdin [0ms]
2025-09-07 19:10:48.062 [info] > git config --get commit.template [3ms]
2025-09-07 19:10:48.062 [info] > git for-each-ref --format=%(refname)%00%(upstream:short)%00%(objectname)%00%(upstream:track)%00%(upstream:remotename)%00%(upstream:remoteref) refs/heads/main refs/remotes/main [0ms]
2025-09-07 19:10:48.065 [warning] [Git][revParse] Unable to read file: ENOENT: no such file or directory, open '/home/user/fastfetch/.git/refs/remotes/origin/main'
2025-09-07 19:10:48.066 [info] > git rev-parse refs/remotes/origin/main [1ms]
2025-09-07 19:10:48.072 [info] > git status -z -uall [4ms]
2025-09-07 19:10:48.073 [info] > git for-each-ref --sort -committerdate --format %(refname)%00%(objectname)%00%(*objectname) [1ms]
2025-09-07 19:10:49.785 [info] > git check-ignore -v -z --stdin [1ms]
2025-09-07 19:11:14.071 [info] > git check-ignore -v -z --stdin [1ms]
2025-09-07 19:11:20.512 [info] > git check-ignore -v -z --stdin [1ms]
2025-09-07 19:11:32.428 [info] > git check-ignore -v -z --stdin [1ms]
2025-09-07 19:11:42.554 [info] > git check-ignore -v -z --stdin [1ms]
2025-09-07 19:11:43.810 [info] > git config --get commit.template [3ms]
2025-09-07 19:11:43.815 [info] > git for-each-ref --format=%(refname)%00%(upstream:short)%00%(objectname)%00%(upstream:track)%00%(upstream:remotename)%00%(upstream:remoteref) refs/heads/main refs/remotes/main [1ms]
2025-09-07 19:11:43.818 [warning] [Git][revParse] Unable to read file: ENOENT: no such file or directory, open '/home/user/fastfetch/.git/refs/remotes/origin/main'
2025-09-07 19:11:43.819 [info] > git rev-parse refs/remotes/origin/main [1ms]
2025-09-07 19:11:43.826 [info] > git status -z -uall [4ms]
2025-09-07 19:11:43.827 [info] > git for-each-ref --sort -committerdate --format %(refname)%00%(objectname)%00%(*objectname) [2ms]
2025-09-07 19:11:49.087 [info] > git config --get commit.template [4ms]
2025-09-07 19:11:49.088 [info] > git for-each-ref --format=%(refname)%00%(upstream:short)%00%(objectname)%00%(upstream:track)%00%(upstream:remotename)%00%(upstream:remoteref) refs/heads/main refs/remotes/main [1ms]
2025-09-07 19:11:49.091 [warning] [Git][revParse] Unable to read file: ENOENT: no such file or directory, open '/home/user/fastfetch/.git/refs/remotes/origin/main'
2025-09-07 19:11:49.092 [info] > git rev-parse refs/remotes/origin/main [1ms]
2025-09-07 19:11:49.098 [info] > git status -z -uall [3ms]
2025-09-07 19:11:49.099 [info] > git for-each-ref --sort -committerdate --format %(refname)%00%(objectname)%00%(*objectname) [1ms]
2025-09-07 19:11:54.852 [info] > git show --textconv :fastfetch/config1.txt [4ms]
2025-09-07 19:11:54.855 [info] > git ls-files --stage -- fastfetch/config1.txt [4ms]
2025-09-07 19:11:54.858 [info] > git hash-object -t tree /dev/null [3ms]
2025-09-07 19:11:54.858 [warning] [GitFileSystemProvider][readFile] File not found - git:/home/user/fastfetch/fastfetch/config1.txt.git?%7B%22path%22%3A%22%2Fhome%2Fuser%2Ffastfetch%2Ffastfetch%2Fconfig1.txt%22%2C%22ref%22%3A%22%22%7D
2025-09-07 19:11:54.859 [info] > git hash-object -t tree /dev/null [2ms]
2025-09-07 19:11:54.859 [warning] [GitFileSystemProvider][stat] File not found - git:/home/user/fastfetch/fastfetch/config1.txt.git?%7B%22path%22%3A%22%2Fhome%2Fuser%2Ffastfetch%2Ffastfetch%2Fconfig1.txt%22%2C%22ref%22%3A%22%22%7D
2025-09-07 19:11:55.583 [info] > git check-ignore -v -z --stdin [1ms]
2025-09-07 19:12:01.443 [info] > git show --textconv :fastfetch/config1.txt [3ms]
2025-09-07 19:12:01.443 [warning] [GitFileSystemProvider][readFile] File not found - git:/home/user/fastfetch/fastfetch/config1.txt.git?%7B%22path%22%3A%22%2Fhome%2Fuser%2Ffastfetch%2Ffastfetch%2Fconfig1.txt%22%2C%22ref%22%3A%22%22%7D
2025-09-07 19:12:01.443 [info] > git ls-files --stage -- fastfetch/config1.txt [1ms]
2025-09-07 19:12:01.444 [warning] [GitFileSystemProvider][stat] File not found - git:/home/user/fastfetch/fastfetch/config1.txt.git?%7B%22path%22%3A%22%2Fhome%2Fuser%2Ffastfetch%2Ffastfetch%2Fconfig1.txt%22%2C%22ref%22%3A%22%22%7D
2025-09-07 19:12:16.656 [info] > git check-ignore -v -z --stdin [0ms]
2025-09-07 19:12:18.995 [info] > git config --get commit.template [4ms]
2025-09-07 19:12:18.996 [info] > git for-each-ref --format=%(refname)%00%(upstream:short)%00%(objectname)%00%(upstream:track)%00%(upstream:remotename)%00%(upstream:remoteref) refs/heads/main refs/remotes/main [1ms]
2025-09-07 19:12:18.998 [warning] [Git][revParse] Unable to read file: ENOENT: no such file or directory, open '/home/user/fastfetch/.git/refs/remotes/origin/main'
2025-09-07 19:12:18.999 [info] > git rev-parse refs/remotes/origin/main [1ms]
2025-09-07 19:12:19.006 [info] > git status -z -uall [3ms]
2025-09-07 19:12:19.007 [info] > git for-each-ref --sort -committerdate --format %(refname)%00%(objectname)%00%(*objectname) [1ms]
2025-09-07 19:13:03.570 [info] > git config --get commit.template [3ms]
2025-09-07 19:13:03.570 [info] > git for-each-ref --format=%(refname)%00%(upstream:short)%00%(objectname)%00%(upstream:track)%00%(upstream:remotename)%00%(upstream:remoteref) refs/heads/main refs/remotes/main [0ms]
2025-09-07 19:13:03.573 [warning] [Git][revParse] Unable to read file: ENOENT: no such file or directory, open '/home/user/fastfetch/.git/refs/remotes/origin/main'
2025-09-07 19:13:03.574 [info] > git rev-parse refs/remotes/origin/main [1ms]
2025-09-07 19:13:03.579 [info] > git status -z -uall [3ms]
2025-09-07 19:13:03.580 [info] > git for-each-ref --sort -committerdate --format %(refname)%00%(objectname)%00%(*objectname) [1ms]
2025-09-07 19:13:04.856 [info] > git log --format=%H%n%aN%n%aE%n%at%n%ct%n%P%n%D%n%B -z --shortstat --diff-merges=first-parent -n50 --skip=0 --topo-order --decorate=full --stdin [1ms]
2025-09-07 19:13:05.381 [info] > git check-ignore -v -z --stdin [0ms]
2025-09-07 19:13:08.441 [info] > git add -A -- . [14ms]
2025-09-07 19:13:08.448 [info] > git -c user.useConfigOnly=true commit --quiet --allow-empty-message --file - [3ms]
2025-09-07 19:13:08.453 [info] > git config --get commit.template [1ms]
2025-09-07 19:13:08.457 [info] > git config --get commit.template [1ms]
2025-09-07 19:13:08.462 [info] > git for-each-ref --format=%(refname)%00%(upstream:short)%00%(objectname)%00%(upstream:track)%00%(upstream:remotename)%00%(upstream:remoteref) refs/heads/main refs/remotes/main [2ms]
2025-09-07 19:13:08.467 [warning] [Git][revParse] Unable to read file: ENOENT: no such file or directory, open '/home/user/fastfetch/.git/refs/remotes/origin/main'
2025-09-07 19:13:08.468 [info] > git rev-parse refs/remotes/origin/main [1ms]
2025-09-07 19:13:08.477 [info] > git status -z -uall [5ms]
2025-09-07 19:13:08.478 [info] > git for-each-ref --sort -committerdate --format %(refname)%00%(objectname)%00%(*objectname) [2ms]
2025-09-07 19:13:08.501 [info] > git log --format=%H%n%aN%n%aE%n%at%n%ct%n%P%n%D%n%B -z --shortstat --diff-merges=first-parent -n50 --skip=0 --topo-order --decorate=full --stdin [5ms]
2025-09-07 19:13:08.512 [info] > git config --get commit.template [4ms]
2025-09-07 19:13:08.512 [info] > git for-each-ref --format=%(refname)%00%(upstream:short)%00%(objectname)%00%(upstream:track)%00%(upstream:remotename)%00%(upstream:remoteref) refs/heads/main refs/remotes/main [1ms]
2025-09-07 19:13:08.515 [warning] [Git][revParse] Unable to read file: ENOENT: no such file or directory, open '/home/user/fastfetch/.git/refs/remotes/origin/main'
2025-09-07 19:13:08.516 [info] > git rev-parse refs/remotes/origin/main [1ms]
2025-09-07 19:13:08.523 [info] > git status -z -uall [4ms]
2025-09-07 19:13:08.524 [info] > git for-each-ref --sort -committerdate --format %(refname)%00%(objectname)%00%(*objectname) [1ms]
2025-09-07 19:13:08.588 [info] > git config --get commit.template [3ms]
2025-09-07 19:13:08.589 [info] > git for-each-ref --format=%(refname)%00%(upstream:short)%00%(objectname)%00%(upstream:track)%00%(upstream:remotename)%00%(upstream:remoteref) refs/heads/main refs/remotes/main [1ms]
2025-09-07 19:13:08.592 [warning] [Git][revParse] Unable to read file: ENOENT: no such file or directory, open '/home/user/fastfetch/.git/refs/remotes/origin/main'
2025-09-07 19:13:08.593 [info] > git rev-parse refs/remotes/origin/main [1ms]
2025-09-07 19:13:08.598 [info] > git status -z -uall [3ms]
2025-09-07 19:13:08.599 [info] > git for-each-ref --sort -committerdate --format %(refname)%00%(objectname)%00%(*objectname) [1ms]
2025-09-07 19:13:08.908 [info] > git show --textconv :config.jsonc [3ms]
2025-09-07 19:13:08.909 [info] > git ls-files --stage -- config.jsonc [1ms]
2025-09-07 19:13:08.913 [info] > git cat-file -s 0583c8877c90c851280e60dc656465b9551105df [1ms]
2025-09-07 19:13:09.617 [info] > git ls-files --stage -- config.jsonc [1ms]
2025-09-07 19:13:09.621 [info] > git cat-file -s 0583c8877c90c851280e60dc656465b9551105df [1ms]
2025-09-07 19:13:09.625 [info] > git show --textconv :config.jsonc [1ms]
2025-09-07 19:13:13.537 [info] > git log --oneline --cherry main...main@{upstream} -- [2ms]
2025-09-07 19:13:14.018 [info] > git pull --tags origin main [478ms]
2025-09-07 19:13:14.018 [info] From https://github.com/sakuyma/fastfetch
 * branch            main       -> FETCH_HEAD
2025-09-07 19:13:15.250 [info] > git ls-files --stage -- config.jsonc [0ms]
2025-09-07 19:13:15.254 [info] > git cat-file -s 0583c8877c90c851280e60dc656465b9551105df [1ms]
2025-09-07 19:13:15.258 [info] > git show --textconv :config.jsonc [1ms]
2025-09-07 19:13:15.940 [info] > git push origin main:main [1919ms]
2025-09-07 19:13:15.940 [info] To https://github.com/sakuyma/fastfetch
   6225612..912b7cf  main -> main
2025-09-07 19:13:15.947 [info] > git config --get commit.template [3ms]
2025-09-07 19:13:15.947 [info] > git for-each-ref --format=%(refname)%00%(upstream:short)%00%(objectname)%00%(upstream:track)%00%(upstream:remotename)%00%(upstream:remoteref) refs/heads/main refs/remotes/main [0ms]
2025-09-07 19:13:15.954 [info] > git status -z -uall [3ms]
2025-09-07 19:13:15.955 [info] > git for-each-ref --sort -committerdate --format %(refname)%00%(objectname)%00%(*objectname) [1ms]
2025-09-07 19:13:15.966 [info] > git log --format=%H%n%aN%n%aE%n%at%n%ct%n%P%n%D%n%B -z --shortstat --diff-merges=first-parent -n50 --skip=0 --topo-order --decorate=full --stdin [4ms]
2025-09-07 19:13:17.021 [info] > git config --get commit.template [1ms]
2025-09-07 19:13:17.026 [info] > git for-each-ref --format=%(refname)%00%(upstream:short)%00%(objectname)%00%(upstream:track)%00%(upstream:remotename)%00%(upstream:remoteref) refs/heads/main refs/remotes/main [2ms]
2025-09-07 19:13:17.032 [info] > git status -z -uall [2ms]
2025-09-07 19:13:17.032 [info] > git for-each-ref --sort -committerdate --format %(refname)%00%(objectname)%00%(*objectname) [1ms]
2025-09-07 19:13:17.121 [info] > git ls-files --stage -- config.jsonc [1ms]
2025-09-07 19:13:17.125 [info] > git cat-file -s 0583c8877c90c851280e60dc656465b9551105df [1ms]
2025-09-07 19:13:17.130 [info] > git show --textconv :config.jsonc [1ms]
2025-09-07 19:13:19.399 [info] > git fetch [481ms]
2025-09-07 19:13:19.405 [info] > git config --get commit.template [3ms]
2025-09-07 19:13:19.405 [info] > git for-each-ref --format=%(refname)%00%(upstream:short)%00%(objectname)%00%(upstream:track)%00%(upstream:remotename)%00%(upstream:remoteref) refs/heads/main refs/remotes/main [1ms]
2025-09-07 19:13:19.410 [info] > git status -z -uall [3ms]
2025-09-07 19:13:19.411 [info] > git for-each-ref --sort -committerdate --format %(refname)%00%(objectname)%00%(*objectname) [1ms]
