2025-09-12 19:53:53.087 [info] [main] Log level: Info
2025-09-12 19:53:53.087 [info] [main] Validating found git in: "git"
2025-09-12 19:53:53.087 [info] [main] Using git "2.51.0" from "git"
2025-09-12 19:53:53.087 [info] [Model][doInitialScan] Initial repository scan started
2025-09-12 19:53:53.087 [info] > git rev-parse --show-toplevel [16ms]
2025-09-12 19:53:53.087 [info] > git rev-parse --git-dir --git-common-dir --show-superproject-working-tree [2ms]
2025-09-12 19:53:53.087 [info] [Model][openRepository] Opened repository (path): /home/user/arch-copy
2025-09-12 19:53:53.087 [info] [Model][openRepository] Opened repository (real path): /home/user/arch-copy
2025-09-12 19:53:53.087 [info] [Model][openRepository] Opened repository (kind): repository
2025-09-12 19:53:53.087 [info] > git config --get commit.template [3ms]
2025-09-12 19:53:53.087 [info] > git rev-parse --show-toplevel [2ms]
2025-09-12 19:53:53.087 [info] fatal: this operation must be run in a work tree
2025-09-12 19:53:53.087 [info] > git rev-parse --show-toplevel [1ms]
2025-09-12 19:53:53.087 [info] > git for-each-ref --format=%(refname)%00%(upstream:short)%00%(objectname)%00%(upstream:track)%00%(upstream:remotename)%00%(upstream:remoteref) refs/heads/main refs/remotes/main [3ms]
2025-09-12 19:53:53.088 [info] > git rev-parse --show-toplevel [6ms]
2025-09-12 19:53:53.088 [info] [Model][doInitialScan] Initial repository scan completed - repositories (1), closed repositories (0), parent repositories (0), unsafe repositories (0)
2025-09-12 19:53:53.129 [info] > git for-each-ref --sort -committerdate --format %(refname)%00%(objectname)%00%(*objectname) [5ms]
2025-09-12 19:53:53.148 [info] > git status -z -uall [29ms]
2025-09-12 19:53:53.164 [info] > git for-each-ref --format=%(refname)%00%(upstream:short)%00%(objectname)%00%(upstream:track)%00%(upstream:remotename)%00%(upstream:remoteref) refs/heads/main refs/remotes/main [5ms]
2025-09-12 19:53:53.168 [info] > git config --get --local branch.main.vscode-merge-base [1ms]
2025-09-12 19:53:53.170 [info] > git config --get commit.template [6ms]
2025-09-12 19:53:53.173 [info] > git for-each-ref --format=%(refname)%00%(upstream:short)%00%(objectname)%00%(upstream:track)%00%(upstream:remotename)%00%(upstream:remoteref) refs/heads/origin/main refs/remotes/origin/main [3ms]
2025-09-12 19:53:53.175 [info] > git for-each-ref --format=%(refname)%00%(upstream:short)%00%(objectname)%00%(upstream:track)%00%(upstream:remotename)%00%(upstream:remoteref) refs/heads/main refs/remotes/main [2ms]
2025-09-12 19:53:53.182 [info] > git for-each-ref --sort -committerdate --format %(refname)%00%(objectname)%00%(*objectname) [0ms]
2025-09-12 19:53:53.211 [info] > git status -z -uall [34ms]
2025-09-12 19:53:53.387 [info] > git show --textconv :.git/COMMIT_EDITMSG [5ms]
2025-09-12 19:53:53.391 [info] > git ls-files --stage -- .git/COMMIT_EDITMSG [5ms]
2025-09-12 19:53:53.394 [info] > git hash-object -t tree /dev/null [4ms]
2025-09-12 19:53:53.395 [warning] [GitFileSystemProvider][readFile] File not found - git:/home/user/arch-copy/.git/COMMIT_EDITMSG.git?%7B%22path%22%3A%22%2Fhome%2Fuser%2Farch-copy%2F.git%2FCOMMIT_EDITMSG%22%2C%22ref%22%3A%22%22%7D
2025-09-12 19:53:53.396 [info] > git hash-object -t tree /dev/null [2ms]
2025-09-12 19:53:53.396 [warning] [GitFileSystemProvider][stat] File not found - git:/home/user/arch-copy/.git/COMMIT_EDITMSG.git?%7B%22path%22%3A%22%2Fhome%2Fuser%2Farch-copy%2F.git%2FCOMMIT_EDITMSG%22%2C%22ref%22%3A%22%22%7D
2025-09-12 19:53:53.529 [info] > git fetch [464ms]
2025-09-12 19:53:53.534 [info] > git config --get commit.template [2ms]
2025-09-12 19:53:53.535 [info] > git for-each-ref --format=%(refname)%00%(upstream:short)%00%(objectname)%00%(upstream:track)%00%(upstream:remotename)%00%(upstream:remoteref) refs/heads/main refs/remotes/main [1ms]
2025-09-12 19:53:53.542 [info] > git for-each-ref --sort -committerdate --format %(refname)%00%(objectname)%00%(*objectname) [1ms]
2025-09-12 19:53:53.563 [info] > git status -z -uall [25ms]
2025-09-12 19:53:53.674 [info] > git check-ignore -v -z --stdin [4ms]
2025-09-12 19:54:21.798 [info] > git check-ignore -v -z --stdin [2ms]
2025-09-12 19:54:22.491 [info] > git log --format=%H%n%aN%n%aE%n%at%n%ct%n%P%n%D%n%B -z --shortstat --diff-merges=first-parent -n50 --skip=0 --topo-order --decorate=full --stdin [1274ms]
2025-09-12 19:54:24.593 [info] > git diff-tree -r --name-status -z --diff-filter=ADMR --find-renames=50% b36d09c9d5a9398efc412e6a6d32027f8c2862b2 6c93cb7921257bf052221efbb1cd926631aac8d1 [4ms]
2025-09-12 19:54:25.108 [info] > git check-ignore -v -z --stdin [2ms]
2025-09-12 19:54:32.631 [info] > git diff-tree -r --name-status -z --diff-filter=ADMR --find-renames=50% 6c93cb7921257bf052221efbb1cd926631aac8d1 27e96ded05d81c6a13da6d33a39eb48a53533260 [2ms]
2025-09-12 19:54:32.648 [info] > git show --textconv 6c93cb7921257bf052221efbb1cd926631aac8d1:aur_packages.txt [9ms]
2025-09-12 19:54:32.648 [info] > git show --textconv 27e96ded05d81c6a13da6d33a39eb48a53533260:aur_packages.txt [6ms]
2025-09-12 19:54:32.648 [info] > git ls-tree -l 6c93cb7921257bf052221efbb1cd926631aac8d1 -- aur_packages.txt [4ms]
2025-09-12 19:54:32.649 [info] > git ls-tree -l 27e96ded05d81c6a13da6d33a39eb48a53533260 -- aur_packages.txt [2ms]
2025-09-12 19:54:33.137 [info] > git check-ignore -v -z --stdin [2ms]
2025-09-12 19:54:38.834 [info] > git log --format=%H%n%aN%n%aE%n%at%n%ct%n%P%n%D%n%B -z --shortstat --diff-merges=first-parent -n50 --skip=0 --topo-order --decorate=full --stdin [1270ms]
2025-09-12 19:54:43.087 [info] > git diff-tree -r --name-status -z --diff-filter=ADMR --find-renames=50% 27e96ded05d81c6a13da6d33a39eb48a53533260 a561ffc1ed64f5367dc7141715f51b6871e77c5b [2ms]
2025-09-12 19:54:43.596 [info] > git check-ignore -v -z --stdin [2ms]
2025-09-12 19:54:45.799 [info] > git diff-tree -r --name-status -z --diff-filter=ADMR --find-renames=50% 6c93cb7921257bf052221efbb1cd926631aac8d1 27e96ded05d81c6a13da6d33a39eb48a53533260 [3ms]
2025-09-12 19:54:46.314 [info] > git check-ignore -v -z --stdin [3ms]
2025-09-12 19:54:54.134 [info] > git ls-tree -l 6c93cb7921257bf052221efbb1cd926631aac8d1 -- aur_packages.txt [4ms]
2025-09-12 19:54:54.135 [info] > git ls-tree -l 27e96ded05d81c6a13da6d33a39eb48a53533260 -- aur_packages.txt [1ms]
2025-09-12 19:54:58.426 [info] > git show --textconv :main.py [5ms]
2025-09-12 19:54:58.427 [info] > git ls-files --stage -- main.py [2ms]
2025-09-12 19:54:58.434 [info] > git cat-file -s f727b9dc81ef2413595836b4b1bacc4c73f19409 [4ms]
2025-09-12 19:55:02.591 [info] > git blame --root --incremental a561ffc1ed64f5367dc7141715f51b6871e77c5b -- main.py [10ms]
2025-09-12 19:55:38.123 [info] > git ls-tree -l 6c93cb7921257bf052221efbb1cd926631aac8d1 -- aur_packages.txt [5ms]
2025-09-12 19:55:38.124 [info] > git ls-tree -l 27e96ded05d81c6a13da6d33a39eb48a53533260 -- aur_packages.txt [1ms]
