2025-09-12 19:53:52.629 [info] Extension host with pid 47946 started
2025-09-12 19:53:52.629 [info] Skipping acquiring lock for /home/user/.config/VSCodium/User/workspaceStorage/4d9b99ab5795ebd1f48d4d7a23786850.
2025-09-12 19:53:52.845 [info] ExtensionService#_doActivateExtension vscode.emmet, startup: false, activationEvent: 'onLanguage'
2025-09-12 19:53:52.860 [info] ExtensionService#_doActivateExtension vscode.git-base, startup: false, activationEvent: 'onLanguage:git-commit'
2025-09-12 19:53:52.920 [info] ExtensionService#_doActivateExtension vscode.terminal-suggest, startup: false, activationEvent: 'onTerminalShellIntegration:*'
2025-09-12 19:53:52.950 [info] ExtensionService#_doActivateExtension vscode.git, startup: true, activationEvent: '*'
2025-09-12 19:53:52.985 [info] ExtensionService#_doActivateExtension vscode.github, startup: true, activationEvent: '*'
2025-09-12 19:53:52.986 [info] ExtensionService#_doActivateExtension wayou.vscode-todo-highlight, startup: true, activationEvent: '*'
2025-09-12 19:53:53.087 [info] Eager extensions activated
2025-09-12 19:53:53.089 [info] ExtensionService#_doActivateExtension vscode.debug-auto-launch, startup: false, activationEvent: 'onStartupFinished'
2025-09-12 19:53:53.091 [info] ExtensionService#_doActivateExtension vscode.merge-conflict, startup: false, activationEvent: 'onStartupFinished'
2025-09-12 19:53:53.102 [info] ExtensionService#_doActivateExtension PKief.material-icon-theme, startup: false, activationEvent: 'onStartupFinished'
2025-09-12 19:53:53.222 [info] ExtensionService#_doActivateExtension vscode.github-authentication, startup: false, activationEvent: 'onAuthenticationRequest:github'
2025-09-12 19:54:15.779 [info] ExtensionService#_doActivateExtension vscode.npm, startup: false, activationEvent: 'onTerminalQuickFixRequest:ms-vscode.npm-command'
2025-09-12 19:54:20.835 [info] ExtensionService#_doActivateExtension vscode.configuration-editing, startup: false, activationEvent: 'onLanguage:json'
2025-09-12 19:54:20.841 [info] ExtensionService#_doActivateExtension vscode.extension-editing, startup: false, activationEvent: 'onLanguage:json'
2025-09-12 19:54:20.848 [info] ExtensionService#_doActivateExtension vscode.json-language-features, startup: false, activationEvent: 'onLanguage:json'
2025-09-12 19:54:58.185 [info] ExtensionService#_doActivateExtension ms-python.python, startup: false, activationEvent: 'onLanguage:python', root cause: ms-python.debugpy
2025-09-12 19:54:58.374 [info] ExtensionService#_doActivateExtension ms-python.debugpy, startup: false, activationEvent: 'onLanguage:python'
2025-09-12 19:55:39.750 [info] Extension host terminating: renderer closed the MessagePort
2025-09-12 19:55:39.763 [info] Extension host with pid 47946 exiting with code 0
