2025-09-07 18:00:27.962 [info] Reading sessions from keychain...
2025-09-07 18:00:27.962 [info] Getting sessions for all scopes...
2025-09-07 18:00:27.964 [info] Got 0 sessions for ...
2025-09-07 18:00:27.964 [info] Getting sessions for all scopes...
2025-09-07 18:00:27.964 [info] Got 0 sessions for ...
2025-09-07 18:00:27.964 [info] Getting sessions for all scopes...
2025-09-07 18:00:27.964 [info] Got 0 sessions for ...
2025-09-07 18:00:27.964 [info] Getting sessions for read:user,repo,user:email,workflow...
2025-09-07 18:00:27.964 [info] Got 0 sessions for read:user,repo,user:email,workflow...
2025-09-07 18:00:29.167 [info] Getting sessions for read:user,repo,user:email,workflow...
2025-09-07 18:00:29.167 [info] Got 0 sessions for read:user,repo,user:email,workflow...
2025-09-07 18:00:29.908 [info] Getting sessions for all scopes...
2025-09-07 18:00:29.908 [info] Got 0 sessions for ...
2025-09-07 18:00:29.908 [info] Getting sessions for all scopes...
2025-09-07 18:00:29.908 [info] Got 0 sessions for ...
2025-09-07 18:00:29.911 [info] Getting sessions for all scopes...
2025-09-07 18:00:29.911 [info] Got 0 sessions for ...
2025-09-07 18:00:32.026 [info] Getting sessions for read:user,repo,user:email,workflow...
2025-09-07 18:00:32.026 [info] Got 0 sessions for read:user,repo,user:email,workflow...
2025-09-07 18:00:33.866 [info] Logging in with 'any' account...
2025-09-07 18:00:33.866 [info] Logging in for the following scopes: read:user repo user:email workflow
2025-09-07 18:00:33.876 [info] Trying device code flow... (read:user repo user:email workflow)
2025-09-07 18:01:23.884 [info] Getting user info...
2025-09-07 18:01:24.458 [info] Got account info!
2025-09-07 18:01:24.458 [info] Storing 1 sessions...
2025-09-07 18:01:29.573 [info] Reading sessions from keychain...
2025-09-07 18:01:29.573 [info] Stored 1 sessions!
2025-09-07 18:01:29.573 [info] Login success!
2025-09-07 18:01:29.583 [info] Got stored sessions!
2025-09-07 18:01:29.583 [info] Got 1 verified sessions.
2025-09-07 18:01:29.590 [info] Getting sessions for read:user,repo,user:email,workflow...
2025-09-07 18:01:29.590 [info] Got 1 sessions for read:user,repo,user:email,workflow...
2025-09-07 18:03:04.944 [info] Getting sessions for read:user,repo,user:email,workflow...
2025-09-07 18:03:04.944 [info] Got 1 sessions for read:user,repo,user:email,workflow...
2025-09-07 18:14:57.667 [info] Getting sessions for read:user,repo,user:email,workflow...
2025-09-07 18:14:57.667 [info] Got 1 sessions for read:user,repo,user:email,workflow...
