2025-09-07 17:58:16.102 [info] [main] Log level: Info
2025-09-07 17:58:16.102 [info] [main] Validating found git in: "git"
2025-09-07 17:58:16.102 [info] [main] Using git "2.51.0" from "git"
2025-09-07 17:58:16.102 [info] [Model][doInitialScan] Initial repository scan started
2025-09-07 17:58:16.102 [info] [Model][doInitialScan] Initial repository scan completed - repositories (0), closed repositories (0), parent repositories (0), unsafe repositories (0)
2025-09-07 17:58:33.379 [info] [main] Log level: Info
2025-09-07 17:58:33.379 [info] [main] Validating found git in: "git"
2025-09-07 17:58:33.379 [info] [main] Using git "2.51.0" from "git"
2025-09-07 17:58:33.379 [info] [Model][doInitialScan] Initial repository scan started
2025-09-07 17:58:33.379 [info] > git rev-parse --show-toplevel [7ms]
2025-09-07 17:58:33.379 [info] > git rev-parse --git-dir --git-common-dir --show-superproject-working-tree [7ms]
2025-09-07 17:58:33.379 [info] [Model][openRepository] Opened repository (path): /home/user/dotfiles
2025-09-07 17:58:33.379 [info] [Model][openRepository] Opened repository (real path): /home/user/dotfiles
2025-09-07 17:58:33.379 [info] [Model][openRepository] Opened repository (kind): repository
2025-09-07 17:58:33.386 [info] > git rev-parse --show-toplevel [2ms]
2025-09-07 17:58:33.386 [info] [Model][doInitialScan] Initial repository scan completed - repositories (1), closed repositories (0), parent repositories (0), unsafe repositories (0)
2025-09-07 17:58:33.387 [info] > git config --get commit.template [4ms]
2025-09-07 17:58:33.391 [info] > git for-each-ref --format=%(refname)%00%(upstream:short)%00%(objectname)%00%(upstream:track)%00%(upstream:remotename)%00%(upstream:remoteref) refs/heads/main refs/remotes/main [1ms]
2025-09-07 17:58:33.395 [warning] [Git][revParse] Unable to read file: ENOENT: no such file or directory, open '/home/user/dotfiles/.git/refs/remotes/origin/main'
2025-09-07 17:58:33.396 [info] > git rev-parse refs/remotes/origin/main [1ms]
2025-09-07 17:58:33.405 [info] > git for-each-ref --sort -committerdate --format %(refname)%00%(objectname)%00%(*objectname) [1ms]
2025-09-07 17:58:33.410 [info] > git status -z -uall [10ms]
2025-09-07 17:58:33.426 [info] > git for-each-ref --format=%(refname)%00%(upstream:short)%00%(objectname)%00%(upstream:track)%00%(upstream:remotename)%00%(upstream:remoteref) refs/heads/main refs/remotes/main [4ms]
2025-09-07 17:58:33.432 [info] > git config --get --local branch.main.vscode-merge-base [4ms]
2025-09-07 17:58:33.432 [warning] [Git][config] git config failed: Failed to execute git
2025-09-07 17:58:33.435 [info] > git config --get commit.template [10ms]
2025-09-07 17:58:33.439 [info] > git reflog main --grep-reflog=branch: Created from *. [5ms]
2025-09-07 17:58:33.442 [info] > git for-each-ref --format=%(refname)%00%(upstream:short)%00%(objectname)%00%(upstream:track)%00%(upstream:remotename)%00%(upstream:remoteref) refs/heads/main refs/remotes/main [3ms]
2025-09-07 17:58:33.445 [warning] [Git][revParse] Unable to read file: ENOENT: no such file or directory, open '/home/user/dotfiles/.git/refs/remotes/origin/main'
2025-09-07 17:58:33.445 [info] > git symbolic-ref --short refs/remotes/origin/HEAD [3ms]
2025-09-07 17:58:33.449 [info] > git rev-parse refs/remotes/origin/main [4ms]
2025-09-07 17:58:33.456 [info] > git for-each-ref --sort -committerdate --format %(refname)%00%(objectname)%00%(*objectname) [1ms]
2025-09-07 17:58:33.456 [info] > git for-each-ref --format=%(refname)%00%(upstream:short)%00%(objectname)%00%(upstream:track)%00%(upstream:remotename)%00%(upstream:remoteref) refs/heads/origin/main refs/remotes/origin/main [8ms]
2025-09-07 17:58:33.472 [info] > git status -z -uall [21ms]
2025-09-07 17:58:33.472 [info] > git config --add --local branch.main.vscode-merge-base origin/main [12ms]
2025-09-07 17:58:33.487 [info] > git config --get commit.template [2ms]
2025-09-07 17:58:33.491 [info] > git for-each-ref --format=%(refname)%00%(upstream:short)%00%(objectname)%00%(upstream:track)%00%(upstream:remotename)%00%(upstream:remoteref) refs/heads/main refs/remotes/main [1ms]
2025-09-07 17:58:33.493 [warning] [Git][revParse] Unable to read file: ENOENT: no such file or directory, open '/home/user/dotfiles/.git/refs/remotes/origin/main'
2025-09-07 17:58:33.494 [info] > git rev-parse refs/remotes/origin/main [1ms]
2025-09-07 17:58:33.516 [info] > git status -z -uall [19ms]
2025-09-07 17:58:33.516 [info] > git for-each-ref --sort -committerdate --format %(refname)%00%(objectname)%00%(*objectname) [17ms]
2025-09-07 17:58:33.555 [info] > git log --format=%H%n%aN%n%aE%n%at%n%ct%n%P%n%D%n%B -z --shortstat --diff-merges=first-parent -n50 --skip=0 --topo-order --decorate=full --stdin [32ms]
2025-09-07 17:58:34.021 [info] > git check-ignore -v -z --stdin [2ms]
2025-09-07 17:58:34.545 [info] > git config --get commit.template [3ms]
2025-09-07 17:58:34.546 [info] > git for-each-ref --format=%(refname)%00%(upstream:short)%00%(objectname)%00%(upstream:track)%00%(upstream:remotename)%00%(upstream:remoteref) refs/heads/main refs/remotes/main [2ms]
2025-09-07 17:58:34.548 [warning] [Git][revParse] Unable to read file: ENOENT: no such file or directory, open '/home/user/dotfiles/.git/refs/remotes/origin/main'
2025-09-07 17:58:34.549 [info] > git rev-parse refs/remotes/origin/main [1ms]
2025-09-07 17:58:34.555 [info] > git for-each-ref --sort -committerdate --format %(refname)%00%(objectname)%00%(*objectname) [1ms]
2025-09-07 17:58:34.559 [info] > git status -z -uall [7ms]
2025-09-07 17:58:36.499 [info] > git check-ignore -v -z --stdin [1ms]
2025-09-07 18:00:15.672 [info] > git add -A -- . [8ms]
2025-09-07 18:00:15.687 [info] > git -c user.useConfigOnly=true commit --quiet --allow-empty-message --file - [12ms]
2025-09-07 18:00:15.691 [info] > git config --get-all user.name [1ms]
2025-09-07 18:00:15.694 [info] > git config --get-all user.email [1ms]
2025-09-07 18:00:15.787 [info] > git config --get commit.template [90ms]
2025-09-07 18:00:15.812 [info] > git for-each-ref --format=%(refname)%00%(upstream:short)%00%(objectname)%00%(upstream:track)%00%(upstream:remotename)%00%(upstream:remoteref) refs/heads/main refs/remotes/main [6ms]
2025-09-07 18:00:15.815 [warning] [Git][revParse] Unable to read file: ENOENT: no such file or directory, open '/home/user/dotfiles/.git/refs/remotes/origin/main'
2025-09-07 18:00:15.821 [info] > git rev-parse refs/remotes/origin/main [6ms]
2025-09-07 18:00:15.835 [info] > git status -z -uall [11ms]
2025-09-07 18:00:15.835 [info] > git for-each-ref --sort -committerdate --format %(refname)%00%(objectname)%00%(*objectname) [8ms]
2025-09-07 18:00:23.301 [info] > git diff-tree -r --name-status -z --diff-filter=ADMR --find-renames=50% 8592b0571d8cd0a7f3d370af45b531072190aaee 3143d3d17ddbd22be0f8bd8e174a702717b1af00 [7ms]
2025-09-07 18:00:23.915 [info] > git check-ignore -v -z --stdin [1ms]
