2025-09-07 19:01:49.491 [info] Extension host with pid 20183 started
2025-09-07 19:01:49.491 [info] Skipping acquiring lock for /home/user/.config/VSCodium/User/workspaceStorage/0a4bfa1a3033128efeddba78eabf7124.
2025-09-07 19:01:49.508 [info] ExtensionService#_doActivateExtension vscode.git-base, startup: false, activationEvent: 'onFileSystem:git', root cause: vscode.git
2025-09-07 19:01:49.521 [info] ExtensionService#_doActivateExtension vscode.git, startup: false, activationEvent: 'onFileSystem:git'
2025-09-07 19:01:49.590 [info] ExtensionService#_doActivateExtension vscode.github, startup: true, activationEvent: '*'
2025-09-07 19:01:49.591 [info] ExtensionService#_doActivateExtension wayou.vscode-todo-highlight, startup: true, activationEvent: '*'
2025-09-07 19:01:49.629 [info] ExtensionService#_doActivateExtension vscode.emmet, startup: false, activationEvent: 'onLanguage'
2025-09-07 19:01:49.665 [info] Eager extensions activated
2025-09-07 19:01:49.666 [info] ExtensionService#_doActivateExtension vscode.debug-auto-launch, startup: false, activationEvent: 'onStartupFinished'
2025-09-07 19:01:49.668 [info] ExtensionService#_doActivateExtension vscode.merge-conflict, startup: false, activationEvent: 'onStartupFinished'
2025-09-07 19:01:49.680 [info] ExtensionService#_doActivateExtension PKief.material-icon-theme, startup: false, activationEvent: 'onStartupFinished'
2025-09-07 19:01:49.766 [info] ExtensionService#_doActivateExtension vscode.github-authentication, startup: false, activationEvent: 'onAuthenticationRequest:github'
2025-09-07 19:01:57.302 [error] Error: Git error
	at ChildProcess.<anonymous> (/opt/vscodium-bin/resources/app/extensions/git/dist/main.js:2:560046)
	at ChildProcess.emit (node:events:530:35)
	at ChildProcess._handle.onexit (node:internal/child_process:293:12)
2025-09-07 19:01:57.302 [error] Error: Git error
	at ChildProcess.<anonymous> (/opt/vscodium-bin/resources/app/extensions/git/dist/main.js:2:560046)
	at ChildProcess.emit (node:events:530:35)
	at ChildProcess._handle.onexit (node:internal/child_process:293:12)
2025-09-07 19:01:57.302 [error] Error: Git error
	at ChildProcess.<anonymous> (/opt/vscodium-bin/resources/app/extensions/git/dist/main.js:2:560046)
	at ChildProcess.emit (node:events:530:35)
	at ChildProcess._handle.onexit (node:internal/child_process:293:12)
2025-09-07 19:01:57.302 [error] Error: Git error
	at ChildProcess.<anonymous> (/opt/vscodium-bin/resources/app/extensions/git/dist/main.js:2:560046)
	at ChildProcess.emit (node:events:530:35)
	at ChildProcess._handle.onexit (node:internal/child_process:293:12)
2025-09-07 19:01:57.302 [error] Error: Git error
	at ChildProcess.<anonymous> (/opt/vscodium-bin/resources/app/extensions/git/dist/main.js:2:560046)
	at ChildProcess.emit (node:events:530:35)
	at ChildProcess._handle.onexit (node:internal/child_process:293:12)
2025-09-07 19:01:57.302 [error] Error: Git error
	at ChildProcess.<anonymous> (/opt/vscodium-bin/resources/app/extensions/git/dist/main.js:2:560046)
	at ChildProcess.emit (node:events:530:35)
	at ChildProcess._handle.onexit (node:internal/child_process:293:12)
2025-09-07 19:01:57.302 [error] Error: Git error
	at ChildProcess.<anonymous> (/opt/vscodium-bin/resources/app/extensions/git/dist/main.js:2:560046)
	at ChildProcess.emit (node:events:530:35)
	at ChildProcess._handle.onexit (node:internal/child_process:293:12)
2025-09-07 19:01:58.303 [error] Error: Git error
	at ChildProcess.<anonymous> (/opt/vscodium-bin/resources/app/extensions/git/dist/main.js:2:560046)
	at ChildProcess.emit (node:events:530:35)
	at ChildProcess._handle.onexit (node:internal/child_process:293:12)
2025-09-07 19:01:58.304 [error] Error: Git error
	at ChildProcess.<anonymous> (/opt/vscodium-bin/resources/app/extensions/git/dist/main.js:2:560046)
	at ChildProcess.emit (node:events:530:35)
	at ChildProcess._handle.onexit (node:internal/child_process:293:12)
2025-09-07 19:01:58.304 [error] Error: Git error
	at ChildProcess.<anonymous> (/opt/vscodium-bin/resources/app/extensions/git/dist/main.js:2:560046)
	at ChildProcess.emit (node:events:530:35)
	at ChildProcess._handle.onexit (node:internal/child_process:293:12)
2025-09-07 19:01:58.304 [error] Error: Git error
	at ChildProcess.<anonymous> (/opt/vscodium-bin/resources/app/extensions/git/dist/main.js:2:560046)
	at ChildProcess.emit (node:events:530:35)
	at ChildProcess._handle.onexit (node:internal/child_process:293:12)
2025-09-07 19:01:58.304 [error] Error: Git error
	at ChildProcess.<anonymous> (/opt/vscodium-bin/resources/app/extensions/git/dist/main.js:2:560046)
	at ChildProcess.emit (node:events:530:35)
	at ChildProcess._handle.onexit (node:internal/child_process:293:12)
2025-09-07 19:01:58.304 [error] Error: Git error
	at ChildProcess.<anonymous> (/opt/vscodium-bin/resources/app/extensions/git/dist/main.js:2:560046)
	at ChildProcess.emit (node:events:530:35)
	at ChildProcess._handle.onexit (node:internal/child_process:293:12)
2025-09-07 19:01:58.304 [error] Error: Git error
	at ChildProcess.<anonymous> (/opt/vscodium-bin/resources/app/extensions/git/dist/main.js:2:560046)
	at ChildProcess.emit (node:events:530:35)
	at ChildProcess._handle.onexit (node:internal/child_process:293:12)
2025-09-07 19:02:02.033 [info] ExtensionService#_doActivateExtension vscode.extension-editing, startup: false, activationEvent: 'onLanguage:markdown'
2025-09-07 19:02:02.042 [info] ExtensionService#_doActivateExtension vscode.markdown-language-features, startup: false, activationEvent: 'onLanguage:markdown'
2025-09-07 19:02:02.290 [info] ExtensionService#_doActivateExtension vscode.markdown-math, startup: false, activationEvent: 'api', root cause: vscode.markdown-language-features
2025-09-07 19:02:46.896 [info] Extension host terminating: renderer closed the MessagePort
2025-09-07 19:02:46.902 [info] Extension host with pid 20183 exiting with code 0
