2025-09-13 13:04:17.759 [info] [main] Log level: Info
2025-09-13 13:04:17.759 [info] [main] Validating found git in: "git"
2025-09-13 13:04:17.759 [info] [main] Using git "2.51.0" from "git"
2025-09-13 13:04:17.759 [info] [Model][doInitialScan] Initial repository scan started
2025-09-13 13:04:17.759 [info] > git rev-parse --show-toplevel [4ms]
2025-09-13 13:04:17.759 [info] fatal: not a git repository (or any parent up to mount point /)
Stopping at filesystem boundary (GIT_DISCOVERY_ACROSS_FILESYSTEM not set).
2025-09-13 13:04:17.759 [info] > git rev-parse --show-toplevel [1ms]
2025-09-13 13:04:17.759 [info] fatal: not a git repository (or any parent up to mount point /)
Stopping at filesystem boundary (GIT_DISCOVERY_ACROSS_FILESYSTEM not set).
2025-09-13 13:04:17.759 [info] > git rev-parse --show-toplevel [1ms]
2025-09-13 13:04:17.759 [info] fatal: not a git repository (or any parent up to mount point /)
Stopping at filesystem boundary (GIT_DISCOVERY_ACROSS_FILESYSTEM not set).
2025-09-13 13:04:17.759 [info] > git rev-parse --show-toplevel [0ms]
2025-09-13 13:04:17.759 [info] fatal: not a git repository (or any parent up to mount point /)
Stopping at filesystem boundary (GIT_DISCOVERY_ACROSS_FILESYSTEM not set).
2025-09-13 13:04:17.759 [info] > git rev-parse --show-toplevel [1ms]
2025-09-13 13:04:17.759 [info] fatal: not a git repository (or any parent up to mount point /)
Stopping at filesystem boundary (GIT_DISCOVERY_ACROSS_FILESYSTEM not set).
2025-09-13 13:04:17.759 [info] > git rev-parse --show-toplevel [1ms]
2025-09-13 13:04:17.759 [info] fatal: not a git repository (or any parent up to mount point /)
Stopping at filesystem boundary (GIT_DISCOVERY_ACROSS_FILESYSTEM not set).
2025-09-13 13:04:17.759 [info] [Model][doInitialScan] Initial repository scan completed - repositories (0), closed repositories (0), parent repositories (0), unsafe repositories (0)
2025-09-13 13:04:19.697 [info] > git rev-parse --show-toplevel [1ms]
2025-09-13 13:04:19.697 [info] fatal: not a git repository (or any parent up to mount point /)
Stopping at filesystem boundary (GIT_DISCOVERY_ACROSS_FILESYSTEM not set).
2025-09-13 13:04:24.703 [info] > git rev-parse --show-toplevel [1ms]
2025-09-13 13:04:24.703 [info] fatal: not a git repository (or any parent up to mount point /)
Stopping at filesystem boundary (GIT_DISCOVERY_ACROSS_FILESYSTEM not set).
2025-09-13 13:04:26.506 [info] > git rev-parse --show-toplevel [1ms]
2025-09-13 13:04:26.506 [info] fatal: not a git repository (or any parent up to mount point /)
Stopping at filesystem boundary (GIT_DISCOVERY_ACROSS_FILESYSTEM not set).
2025-09-13 13:04:27.672 [info] > git rev-parse --show-toplevel [1ms]
2025-09-13 13:04:27.672 [info] fatal: not a git repository (or any parent up to mount point /)
Stopping at filesystem boundary (GIT_DISCOVERY_ACROSS_FILESYSTEM not set).
