2025-09-12 19:50:14.584 [info] Reading sessions from keychain...
2025-09-12 19:50:14.584 [info] Getting sessions for all scopes...
2025-09-12 19:50:14.629 [info] Got stored sessions!
2025-09-12 19:50:14.629 [info] Got 1 verified sessions.
2025-09-12 19:50:14.629 [info] Got 1 sessions for ...
2025-09-12 19:50:14.629 [info] Getting sessions for all scopes...
2025-09-12 19:50:14.629 [info] Got 1 sessions for ...
2025-09-12 19:50:14.629 [info] Getting sessions for all scopes...
2025-09-12 19:50:14.629 [info] Got 1 sessions for ...
2025-09-12 19:50:14.629 [info] Getting sessions for read:user,repo,user:email,workflow...
2025-09-12 19:50:14.629 [info] Got 1 sessions for read:user,repo,user:email,workflow...
2025-09-12 19:50:14.636 [info] Getting sessions for all scopes...
2025-09-12 19:50:14.636 [info] Got 1 sessions for ...
2025-09-12 19:50:17.117 [info] Getting sessions for all scopes...
2025-09-12 19:50:17.117 [info] Got 1 sessions for ...
2025-09-12 19:50:17.117 [info] Getting sessions for all scopes...
2025-09-12 19:50:17.117 [info] Got 1 sessions for ...
2025-09-12 19:50:17.122 [info] Getting sessions for all scopes...
2025-09-12 19:50:17.122 [info] Got 1 sessions for ...
2025-09-12 19:51:05.169 [info] Getting sessions for read:user,repo,user:email,workflow...
2025-09-12 19:51:05.169 [info] Got 1 sessions for read:user,repo,user:email,workflow...
2025-09-12 19:51:33.350 [info] Getting sessions for read:user,repo,user:email,workflow...
2025-09-12 19:51:33.350 [info] Got 1 sessions for read:user,repo,user:email,workflow...
2025-09-12 19:51:50.174 [info] Getting sessions for read:user,repo,user:email,workflow...
2025-09-12 19:51:50.174 [info] Got 1 sessions for read:user,repo,user:email,workflow...
2025-09-12 19:52:14.774 [info] Getting sessions for read:user,repo,user:email,workflow...
2025-09-12 19:52:14.774 [info] Got 1 sessions for read:user,repo,user:email,workflow...
