[2025-Sep-05 21:45:56.293 +03:00][12811:12811][info ] Logging initialized
[2025-Sep-05 21:45:56.293 +03:00][12811:12811][info ] Initializing krisp SDK...
[2025-Sep-05 21:45:56.293 +03:00][12811:12811][info ] DoKrispInitialize
[2025-Sep-05 21:45:56.584 +03:00][12811:12811][info ] LoadDynamicKrisp
[2025-Sep-05 21:45:56.584 +03:00][12811:12811][info ] Did not find KRISP_DYLIB_PATH, skipping dynamic loading
[2025-Sep-05 21:45:56.584 +03:00][12811:12811][info ] Initializing Krisp SDK in PID 12811, addr 0x7fccdd124e70
[2025-Sep-05 21:45:56.584 +03:00][12811:12811][info ] Initialized Krisp SDK successfully
[2025-Sep-05 21:45:56.584 +03:00][12811:12811][info ] Krisp SDK initialized
[2025-Sep-06 12:37:23.124 +03:00][ 4542: 4542][info ] Logging initialized
[2025-Sep-06 12:37:23.124 +03:00][ 4542: 4542][info ] Initializing krisp SDK...
[2025-Sep-06 12:37:23.124 +03:00][ 4542: 4542][info ] DoKrispInitialize
[2025-Sep-06 12:37:23.404 +03:00][ 4542: 4542][info ] LoadDynamicKrisp
[2025-Sep-06 12:37:23.404 +03:00][ 4542: 4542][info ] Did not find KRISP_DYLIB_PATH, skipping dynamic loading
[2025-Sep-06 12:37:23.404 +03:00][ 4542: 4542][info ] Initializing Krisp SDK in PID 4542, addr 0x7fa961524e70
[2025-Sep-06 12:37:23.405 +03:00][ 4542: 4542][info ] Initialized Krisp SDK successfully
[2025-Sep-06 12:37:23.405 +03:00][ 4542: 4542][info ] Krisp SDK initialized
[2025-Sep-06 18:35:04.481 +03:00][ 1539: 1539][info ] Logging initialized
[2025-Sep-06 18:35:04.481 +03:00][ 1539: 1539][info ] Initializing krisp SDK...
[2025-Sep-06 18:35:04.481 +03:00][ 1539: 1539][info ] DoKrispInitialize
[2025-Sep-06 18:35:04.755 +03:00][ 1539: 1539][info ] LoadDynamicKrisp
[2025-Sep-06 18:35:04.755 +03:00][ 1539: 1539][info ] Did not find KRISP_DYLIB_PATH, skipping dynamic loading
[2025-Sep-06 18:35:04.755 +03:00][ 1539: 1539][info ] Initializing Krisp SDK in PID 1539, addr 0x7fbf4e924e70
[2025-Sep-06 18:35:04.755 +03:00][ 1539: 1539][info ] Initialized Krisp SDK successfully
[2025-Sep-06 18:35:04.755 +03:00][ 1539: 1539][info ] Krisp SDK initialized
[2025-Sep-06 21:15:45.961 +03:00][21054:21054][info ] Logging initialized
[2025-Sep-06 21:15:45.961 +03:00][21054:21054][info ] Initializing krisp SDK...
[2025-Sep-06 21:15:45.961 +03:00][21054:21054][info ] DoKrispInitialize
[2025-Sep-06 21:15:46.259 +03:00][21054:21054][info ] LoadDynamicKrisp
[2025-Sep-06 21:15:46.259 +03:00][21054:21054][info ] Did not find KRISP_DYLIB_PATH, skipping dynamic loading
[2025-Sep-06 21:15:46.259 +03:00][21054:21054][info ] Initializing Krisp SDK in PID 21054, addr 0x7ff165f24e70
[2025-Sep-06 21:15:46.259 +03:00][21054:21054][info ] Initialized Krisp SDK successfully
[2025-Sep-06 21:15:46.259 +03:00][21054:21054][info ] Krisp SDK initialized
[2025-Sep-06 23:56:00.407 +03:00][ 3105: 3105][info ] Logging initialized
[2025-Sep-06 23:56:00.407 +03:00][ 3105: 3105][info ] Initializing krisp SDK...
[2025-Sep-06 23:56:00.407 +03:00][ 3105: 3105][info ] DoKrispInitialize
[2025-Sep-06 23:56:00.685 +03:00][ 3105: 3105][info ] LoadDynamicKrisp
[2025-Sep-06 23:56:00.685 +03:00][ 3105: 3105][info ] Did not find KRISP_DYLIB_PATH, skipping dynamic loading
[2025-Sep-06 23:56:00.685 +03:00][ 3105: 3105][info ] Initializing Krisp SDK in PID 3105, addr 0x7f3dc0924e70
[2025-Sep-06 23:56:00.686 +03:00][ 3105: 3105][info ] Initialized Krisp SDK successfully
[2025-Sep-06 23:56:00.686 +03:00][ 3105: 3105][info ] Krisp SDK initialized
[2025-Sep-07 12:45:17.663 +03:00][ 1574: 1574][info ] Logging initialized
[2025-Sep-07 12:45:17.663 +03:00][ 1574: 1574][info ] Initializing krisp SDK...
[2025-Sep-07 12:45:17.663 +03:00][ 1574: 1574][info ] DoKrispInitialize
[2025-Sep-07 12:45:17.942 +03:00][ 1574: 1574][info ] LoadDynamicKrisp
[2025-Sep-07 12:45:17.942 +03:00][ 1574: 1574][info ] Did not find KRISP_DYLIB_PATH, skipping dynamic loading
[2025-Sep-07 12:45:17.942 +03:00][ 1574: 1574][info ] Initializing Krisp SDK in PID 1574, addr 0x7efd10124e70
[2025-Sep-07 12:45:17.942 +03:00][ 1574: 1574][info ] Initialized Krisp SDK successfully
[2025-Sep-07 12:45:17.942 +03:00][ 1574: 1574][info ] Krisp SDK initialized
[2025-Sep-12 14:42:36.083 +03:00][73372:73372][info ] Logging initialized
[2025-Sep-12 14:42:36.083 +03:00][73372:73372][info ] Initializing krisp SDK...
[2025-Sep-12 14:42:36.083 +03:00][73372:73372][info ] DoKrispInitialize
[2025-Sep-12 14:42:36.373 +03:00][73372:73372][info ] LoadDynamicKrisp
[2025-Sep-12 14:42:36.373 +03:00][73372:73372][info ] Did not find KRISP_DYLIB_PATH, skipping dynamic loading
[2025-Sep-12 14:42:36.373 +03:00][73372:73372][info ] Initializing Krisp SDK in PID 73372, addr 0x7f667a924ff0
[2025-Sep-12 14:42:36.374 +03:00][73372:73372][info ] Initialized Krisp SDK successfully
[2025-Sep-12 14:42:36.374 +03:00][73372:73372][info ] Krisp SDK initialized
