2025-09-07 19:02:49.243 [info] Extension host with pid 20674 started
2025-09-07 19:02:49.243 [info] Skipping acquiring lock for /home/user/.config/VSCodium/User/workspaceStorage/0a4bfa1a3033128efeddba78eabf7124.
2025-09-07 19:02:49.279 [info] ExtensionService#_doActivateExtension vscode.git-base, startup: false, activationEvent: 'onFileSystem:git', root cause: vscode.git
2025-09-07 19:02:49.283 [info] ExtensionService#_doActivateExtension vscode.emmet, startup: false, activationEvent: 'onLanguage'
2025-09-07 19:02:49.329 [info] ExtensionService#_doActivateExtension vscode.git, startup: false, activationEvent: 'onFileSystem:git'
2025-09-07 19:02:49.405 [info] ExtensionService#_doActivateExtension vscode.github, startup: true, activationEvent: '*'
2025-09-07 19:02:49.405 [info] ExtensionService#_doActivateExtension wayou.vscode-todo-highlight, startup: true, activationEvent: '*'
2025-09-07 19:02:49.504 [info] Eager extensions activated
2025-09-07 19:02:49.512 [info] ExtensionService#_doActivateExtension vscode.debug-auto-launch, startup: false, activationEvent: 'onStartupFinished'
2025-09-07 19:02:49.514 [info] ExtensionService#_doActivateExtension vscode.merge-conflict, startup: false, activationEvent: 'onStartupFinished'
2025-09-07 19:02:49.527 [info] ExtensionService#_doActivateExtension PKief.material-icon-theme, startup: false, activationEvent: 'onStartupFinished'
2025-09-07 19:02:49.619 [info] ExtensionService#_doActivateExtension vscode.github-authentication, startup: false, activationEvent: 'onAuthenticationRequest:github'
2025-09-07 19:02:50.044 [error] Error: Git error
	at ChildProcess.<anonymous> (/opt/vscodium-bin/resources/app/extensions/git/dist/main.js:2:560046)
	at ChildProcess.emit (node:events:530:35)
	at ChildProcess._handle.onexit (node:internal/child_process:293:12)
2025-09-07 19:02:50.044 [error] Error: Git error
	at ChildProcess.<anonymous> (/opt/vscodium-bin/resources/app/extensions/git/dist/main.js:2:560046)
	at ChildProcess.emit (node:events:530:35)
	at ChildProcess._handle.onexit (node:internal/child_process:293:12)
2025-09-07 19:02:50.044 [error] Error: Git error
	at ChildProcess.<anonymous> (/opt/vscodium-bin/resources/app/extensions/git/dist/main.js:2:560046)
	at ChildProcess.emit (node:events:530:35)
	at ChildProcess._handle.onexit (node:internal/child_process:293:12)
2025-09-07 19:02:50.044 [error] Error: Git error
	at ChildProcess.<anonymous> (/opt/vscodium-bin/resources/app/extensions/git/dist/main.js:2:560046)
	at ChildProcess.emit (node:events:530:35)
	at ChildProcess._handle.onexit (node:internal/child_process:293:12)
2025-09-07 19:02:50.044 [error] Error: Git error
	at ChildProcess.<anonymous> (/opt/vscodium-bin/resources/app/extensions/git/dist/main.js:2:560046)
	at ChildProcess.emit (node:events:530:35)
	at ChildProcess._handle.onexit (node:internal/child_process:293:12)
2025-09-07 19:02:50.044 [error] Error: Git error
	at ChildProcess.<anonymous> (/opt/vscodium-bin/resources/app/extensions/git/dist/main.js:2:560046)
	at ChildProcess.emit (node:events:530:35)
	at ChildProcess._handle.onexit (node:internal/child_process:293:12)
2025-09-07 19:02:50.044 [error] Error: Git error
	at ChildProcess.<anonymous> (/opt/vscodium-bin/resources/app/extensions/git/dist/main.js:2:560046)
	at ChildProcess.emit (node:events:530:35)
	at ChildProcess._handle.onexit (node:internal/child_process:293:12)
2025-09-07 19:02:50.044 [error] Error: Git error
	at ChildProcess.<anonymous> (/opt/vscodium-bin/resources/app/extensions/git/dist/main.js:2:560046)
	at ChildProcess.emit (node:events:530:35)
	at ChildProcess._handle.onexit (node:internal/child_process:293:12)
2025-09-07 19:02:50.044 [error] Error: Git error
	at ChildProcess.<anonymous> (/opt/vscodium-bin/resources/app/extensions/git/dist/main.js:2:560046)
	at ChildProcess.emit (node:events:530:35)
	at ChildProcess._handle.onexit (node:internal/child_process:293:12)
2025-09-07 19:02:50.044 [error] Error: Git error
	at ChildProcess.<anonymous> (/opt/vscodium-bin/resources/app/extensions/git/dist/main.js:2:560046)
	at ChildProcess.emit (node:events:530:35)
	at ChildProcess._handle.onexit (node:internal/child_process:293:12)
2025-09-07 19:02:50.044 [error] Error: Git error
	at ChildProcess.<anonymous> (/opt/vscodium-bin/resources/app/extensions/git/dist/main.js:2:560046)
	at ChildProcess.emit (node:events:530:35)
	at ChildProcess._handle.onexit (node:internal/child_process:293:12)
2025-09-07 19:02:50.044 [error] Error: Git error
	at ChildProcess.<anonymous> (/opt/vscodium-bin/resources/app/extensions/git/dist/main.js:2:560046)
	at ChildProcess.emit (node:events:530:35)
	at ChildProcess._handle.onexit (node:internal/child_process:293:12)
2025-09-07 19:02:50.044 [error] Error: Git error
	at ChildProcess.<anonymous> (/opt/vscodium-bin/resources/app/extensions/git/dist/main.js:2:560046)
	at ChildProcess.emit (node:events:530:35)
	at ChildProcess._handle.onexit (node:internal/child_process:293:12)
2025-09-07 19:02:50.044 [error] Error: Git error
	at ChildProcess.<anonymous> (/opt/vscodium-bin/resources/app/extensions/git/dist/main.js:2:560046)
	at ChildProcess.emit (node:events:530:35)
	at ChildProcess._handle.onexit (node:internal/child_process:293:12)
2025-09-07 19:02:50.044 [error] Error: Git error
	at ChildProcess.<anonymous> (/opt/vscodium-bin/resources/app/extensions/git/dist/main.js:2:560046)
	at ChildProcess.emit (node:events:530:35)
	at ChildProcess._handle.onexit (node:internal/child_process:293:12)
2025-09-07 19:02:50.044 [error] Error: Git error
	at ChildProcess.<anonymous> (/opt/vscodium-bin/resources/app/extensions/git/dist/main.js:2:560046)
	at ChildProcess.emit (node:events:530:35)
	at ChildProcess._handle.onexit (node:internal/child_process:293:12)
2025-09-07 19:02:50.044 [error] Error: Git error
	at ChildProcess.<anonymous> (/opt/vscodium-bin/resources/app/extensions/git/dist/main.js:2:560046)
	at ChildProcess.emit (node:events:530:35)
	at ChildProcess._handle.onexit (node:internal/child_process:293:12)
2025-09-07 19:02:50.044 [error] Error: Git error
	at ChildProcess.<anonymous> (/opt/vscodium-bin/resources/app/extensions/git/dist/main.js:2:560046)
	at ChildProcess.emit (node:events:530:35)
	at ChildProcess._handle.onexit (node:internal/child_process:293:12)
2025-09-07 19:02:50.044 [error] Error: Git error
	at ChildProcess.<anonymous> (/opt/vscodium-bin/resources/app/extensions/git/dist/main.js:2:560046)
	at ChildProcess.emit (node:events:530:35)
	at ChildProcess._handle.onexit (node:internal/child_process:293:12)
2025-09-07 19:02:50.044 [error] Error: Git error
	at ChildProcess.<anonymous> (/opt/vscodium-bin/resources/app/extensions/git/dist/main.js:2:560046)
	at ChildProcess.emit (node:events:530:35)
	at ChildProcess._handle.onexit (node:internal/child_process:293:12)
2025-09-07 19:02:50.044 [error] Error: Git error
	at ChildProcess.<anonymous> (/opt/vscodium-bin/resources/app/extensions/git/dist/main.js:2:560046)
	at ChildProcess.emit (node:events:530:35)
	at ChildProcess._handle.onexit (node:internal/child_process:293:12)
2025-09-07 19:02:50.044 [error] Error: Git error
	at ChildProcess.<anonymous> (/opt/vscodium-bin/resources/app/extensions/git/dist/main.js:2:560046)
	at ChildProcess.emit (node:events:530:35)
	at ChildProcess._handle.onexit (node:internal/child_process:293:12)
2025-09-07 19:02:50.044 [error] Error: Git error
	at ChildProcess.<anonymous> (/opt/vscodium-bin/resources/app/extensions/git/dist/main.js:2:560046)
	at ChildProcess.emit (node:events:530:35)
	at ChildProcess._handle.onexit (node:internal/child_process:293:12)
2025-09-07 19:02:50.044 [error] Error: Git error
	at ChildProcess.<anonymous> (/opt/vscodium-bin/resources/app/extensions/git/dist/main.js:2:560046)
	at ChildProcess.emit (node:events:530:35)
	at ChildProcess._handle.onexit (node:internal/child_process:293:12)
2025-09-07 19:02:51.045 [error] Error: Git error
	at ChildProcess.<anonymous> (/opt/vscodium-bin/resources/app/extensions/git/dist/main.js:2:560046)
	at ChildProcess.emit (node:events:530:35)
	at ChildProcess._handle.onexit (node:internal/child_process:293:12)
2025-09-07 19:02:51.045 [error] Error: Git error
	at ChildProcess.<anonymous> (/opt/vscodium-bin/resources/app/extensions/git/dist/main.js:2:560046)
	at ChildProcess.emit (node:events:530:35)
	at ChildProcess._handle.onexit (node:internal/child_process:293:12)
2025-09-07 19:02:51.045 [error] Error: Git error
	at ChildProcess.<anonymous> (/opt/vscodium-bin/resources/app/extensions/git/dist/main.js:2:560046)
	at ChildProcess.emit (node:events:530:35)
	at ChildProcess._handle.onexit (node:internal/child_process:293:12)
2025-09-07 19:02:51.045 [error] Error: Git error
	at ChildProcess.<anonymous> (/opt/vscodium-bin/resources/app/extensions/git/dist/main.js:2:560046)
	at ChildProcess.emit (node:events:530:35)
	at ChildProcess._handle.onexit (node:internal/child_process:293:12)
2025-09-07 19:02:51.046 [error] Error: Git error
	at ChildProcess.<anonymous> (/opt/vscodium-bin/resources/app/extensions/git/dist/main.js:2:560046)
	at ChildProcess.emit (node:events:530:35)
	at ChildProcess._handle.onexit (node:internal/child_process:293:12)
2025-09-07 19:02:51.046 [error] Error: Git error
	at ChildProcess.<anonymous> (/opt/vscodium-bin/resources/app/extensions/git/dist/main.js:2:560046)
	at ChildProcess.emit (node:events:530:35)
	at ChildProcess._handle.onexit (node:internal/child_process:293:12)
2025-09-07 19:02:51.046 [error] Error: Git error
	at ChildProcess.<anonymous> (/opt/vscodium-bin/resources/app/extensions/git/dist/main.js:2:560046)
	at ChildProcess.emit (node:events:530:35)
	at ChildProcess._handle.onexit (node:internal/child_process:293:12)
2025-09-07 19:02:51.046 [error] Error: Git error
	at ChildProcess.<anonymous> (/opt/vscodium-bin/resources/app/extensions/git/dist/main.js:2:560046)
	at ChildProcess.emit (node:events:530:35)
	at ChildProcess._handle.onexit (node:internal/child_process:293:12)
2025-09-07 19:02:51.046 [error] Error: Git error
	at ChildProcess.<anonymous> (/opt/vscodium-bin/resources/app/extensions/git/dist/main.js:2:560046)
	at ChildProcess.emit (node:events:530:35)
	at ChildProcess._handle.onexit (node:internal/child_process:293:12)
2025-09-07 19:02:51.046 [error] Error: Git error
	at ChildProcess.<anonymous> (/opt/vscodium-bin/resources/app/extensions/git/dist/main.js:2:560046)
	at ChildProcess.emit (node:events:530:35)
	at ChildProcess._handle.onexit (node:internal/child_process:293:12)
2025-09-07 19:02:51.046 [error] Error: Git error
	at ChildProcess.<anonymous> (/opt/vscodium-bin/resources/app/extensions/git/dist/main.js:2:560046)
	at ChildProcess.emit (node:events:530:35)
	at ChildProcess._handle.onexit (node:internal/child_process:293:12)
2025-09-07 19:02:51.046 [error] Error: Git error
	at ChildProcess.<anonymous> (/opt/vscodium-bin/resources/app/extensions/git/dist/main.js:2:560046)
	at ChildProcess.emit (node:events:530:35)
	at ChildProcess._handle.onexit (node:internal/child_process:293:12)
2025-09-07 19:02:51.046 [error] Error: Git error
	at ChildProcess.<anonymous> (/opt/vscodium-bin/resources/app/extensions/git/dist/main.js:2:560046)
	at ChildProcess.emit (node:events:530:35)
	at ChildProcess._handle.onexit (node:internal/child_process:293:12)
2025-09-07 19:02:51.047 [error] Error: Git error
	at ChildProcess.<anonymous> (/opt/vscodium-bin/resources/app/extensions/git/dist/main.js:2:560046)
	at ChildProcess.emit (node:events:530:35)
	at ChildProcess._handle.onexit (node:internal/child_process:293:12)
2025-09-07 19:02:51.047 [error] Error: Git error
	at ChildProcess.<anonymous> (/opt/vscodium-bin/resources/app/extensions/git/dist/main.js:2:560046)
	at ChildProcess.emit (node:events:530:35)
	at ChildProcess._handle.onexit (node:internal/child_process:293:12)
2025-09-07 19:02:51.047 [error] Error: Git error
	at ChildProcess.<anonymous> (/opt/vscodium-bin/resources/app/extensions/git/dist/main.js:2:560046)
	at ChildProcess.emit (node:events:530:35)
	at ChildProcess._handle.onexit (node:internal/child_process:293:12)
2025-09-07 19:02:51.047 [error] Error: Git error
	at ChildProcess.<anonymous> (/opt/vscodium-bin/resources/app/extensions/git/dist/main.js:2:560046)
	at ChildProcess.emit (node:events:530:35)
	at ChildProcess._handle.onexit (node:internal/child_process:293:12)
2025-09-07 19:02:51.047 [error] Error: Git error
	at ChildProcess.<anonymous> (/opt/vscodium-bin/resources/app/extensions/git/dist/main.js:2:560046)
	at ChildProcess.emit (node:events:530:35)
	at ChildProcess._handle.onexit (node:internal/child_process:293:12)
2025-09-07 19:02:51.047 [error] Error: Git error
	at ChildProcess.<anonymous> (/opt/vscodium-bin/resources/app/extensions/git/dist/main.js:2:560046)
	at ChildProcess.emit (node:events:530:35)
	at ChildProcess._handle.onexit (node:internal/child_process:293:12)
2025-09-07 19:02:51.047 [error] Error: Git error
	at ChildProcess.<anonymous> (/opt/vscodium-bin/resources/app/extensions/git/dist/main.js:2:560046)
	at ChildProcess.emit (node:events:530:35)
	at ChildProcess._handle.onexit (node:internal/child_process:293:12)
2025-09-07 19:02:51.047 [error] Error: Git error
	at ChildProcess.<anonymous> (/opt/vscodium-bin/resources/app/extensions/git/dist/main.js:2:560046)
	at ChildProcess.emit (node:events:530:35)
	at ChildProcess._handle.onexit (node:internal/child_process:293:12)
2025-09-07 19:02:51.047 [error] Error: Git error
	at ChildProcess.<anonymous> (/opt/vscodium-bin/resources/app/extensions/git/dist/main.js:2:560046)
	at ChildProcess.emit (node:events:530:35)
	at ChildProcess._handle.onexit (node:internal/child_process:293:12)
2025-09-07 19:02:51.047 [error] Error: Git error
	at ChildProcess.<anonymous> (/opt/vscodium-bin/resources/app/extensions/git/dist/main.js:2:560046)
	at ChildProcess.emit (node:events:530:35)
	at ChildProcess._handle.onexit (node:internal/child_process:293:12)
2025-09-07 19:02:51.048 [error] Error: Git error
	at ChildProcess.<anonymous> (/opt/vscodium-bin/resources/app/extensions/git/dist/main.js:2:560046)
	at ChildProcess.emit (node:events:530:35)
	at ChildProcess._handle.onexit (node:internal/child_process:293:12)
2025-09-07 19:05:10.006 [info] Extension host terminating: renderer closed the MessagePort
2025-09-07 19:05:10.010 [info] Extension host with pid 20674 exiting with code 0
2025-09-07 19:05:10.748 [info] Extension host with pid 21834 started
2025-09-07 19:05:10.757 [info] ExtensionService#_doActivateExtension vscode.git-base, startup: true, activationEvent: '*', root cause: vscode.git
2025-09-07 19:05:10.760 [info] ExtensionService#_doActivateExtension wayou.vscode-todo-highlight, startup: true, activationEvent: '*'
2025-09-07 19:05:10.763 [info] ExtensionService#_doActivateExtension vscode.git, startup: true, activationEvent: '*'
2025-09-07 19:05:10.793 [info] ExtensionService#_doActivateExtension vscode.github, startup: true, activationEvent: '*'
2025-09-07 19:05:10.856 [info] Eager extensions activated
2025-09-07 19:05:10.857 [info] ExtensionService#_doActivateExtension vscode.debug-auto-launch, startup: false, activationEvent: 'onStartupFinished'
2025-09-07 19:05:10.858 [info] ExtensionService#_doActivateExtension vscode.merge-conflict, startup: false, activationEvent: 'onStartupFinished'
2025-09-07 19:05:10.871 [info] ExtensionService#_doActivateExtension PKief.material-icon-theme, startup: false, activationEvent: 'onStartupFinished'
2025-09-07 19:05:22.128 [info] Extension host terminating: renderer closed the MessagePort
2025-09-07 19:05:22.132 [info] Extension host with pid 21834 exiting with code 0
2025-09-07 19:05:22.792 [info] Extension host with pid 21888 started
2025-09-07 19:05:22.792 [info] Skipping acquiring lock for /home/user/.config/VSCodium/User/workspaceStorage/df072b7c8887a2762e460051f30595a4.
2025-09-07 19:05:22.800 [info] ExtensionService#_doActivateExtension vscode.git-base, startup: true, activationEvent: '*'
2025-09-07 19:05:22.804 [info] ExtensionService#_doActivateExtension vscode.github, startup: true, activationEvent: '*'
2025-09-07 19:05:22.846 [info] Eager extensions activated
2025-09-07 19:05:22.847 [info] ExtensionService#_doActivateExtension vscode.debug-auto-launch, startup: false, activationEvent: 'onStartupFinished'
2025-09-07 19:05:22.849 [info] ExtensionService#_doActivateExtension vscode.merge-conflict, startup: false, activationEvent: 'onStartupFinished'
2025-09-07 19:05:22.861 [info] ExtensionService#_doActivateExtension PKief.material-icon-theme, startup: false, activationEvent: 'onStartupFinished'
2025-09-07 19:07:28.832 [info] ExtensionService#_doActivateExtension vscode.extension-editing, startup: false, activationEvent: 'onLanguage:markdown'
2025-09-07 19:07:28.840 [info] ExtensionService#_doActivateExtension vscode.markdown-language-features, startup: false, activationEvent: 'onLanguage:markdown'
2025-09-07 19:07:28.898 [info] ExtensionService#_doActivateExtension vscode.emmet, startup: false, activationEvent: 'onLanguage'
2025-09-07 19:07:29.125 [info] ExtensionService#_doActivateExtension vscode.markdown-math, startup: false, activationEvent: 'api', root cause: vscode.markdown-language-features
2025-09-07 19:07:43.788 [info] Extension host terminating: renderer closed the MessagePort
2025-09-07 19:07:43.790 [info] Extension host with pid 21888 exiting with code 0
2025-09-07 19:07:44.507 [info] Extension host with pid 22250 started
2025-09-07 19:07:44.516 [info] ExtensionService#_doActivateExtension vscode.git-base, startup: true, activationEvent: '*', root cause: vscode.git
2025-09-07 19:07:44.519 [info] ExtensionService#_doActivateExtension wayou.vscode-todo-highlight, startup: true, activationEvent: '*'
2025-09-07 19:07:44.522 [info] ExtensionService#_doActivateExtension vscode.git, startup: true, activationEvent: '*'
2025-09-07 19:07:44.552 [info] ExtensionService#_doActivateExtension vscode.github, startup: true, activationEvent: '*'
2025-09-07 19:07:44.600 [info] Eager extensions activated
2025-09-07 19:07:44.601 [info] ExtensionService#_doActivateExtension vscode.debug-auto-launch, startup: false, activationEvent: 'onStartupFinished'
2025-09-07 19:07:44.603 [info] ExtensionService#_doActivateExtension vscode.merge-conflict, startup: false, activationEvent: 'onStartupFinished'
2025-09-07 19:07:44.614 [info] ExtensionService#_doActivateExtension PKief.material-icon-theme, startup: false, activationEvent: 'onStartupFinished'
2025-09-07 19:07:53.404 [info] Extension host terminating: renderer closed the MessagePort
2025-09-07 19:07:53.407 [info] Extension host with pid 22250 exiting with code 0
2025-09-07 19:07:54.089 [info] Extension host with pid 22298 started
2025-09-07 19:07:54.089 [info] Skipping acquiring lock for /home/user/.config/VSCodium/User/workspaceStorage/4cc798122190a180339c840deac6ff48.
2025-09-07 19:07:54.098 [info] ExtensionService#_doActivateExtension vscode.git-base, startup: true, activationEvent: '*'
2025-09-07 19:07:54.102 [info] ExtensionService#_doActivateExtension vscode.github, startup: true, activationEvent: '*'
2025-09-07 19:07:54.140 [info] Eager extensions activated
2025-09-07 19:07:54.141 [info] ExtensionService#_doActivateExtension vscode.debug-auto-launch, startup: false, activationEvent: 'onStartupFinished'
2025-09-07 19:07:54.142 [info] ExtensionService#_doActivateExtension vscode.merge-conflict, startup: false, activationEvent: 'onStartupFinished'
2025-09-07 19:07:54.155 [info] ExtensionService#_doActivateExtension PKief.material-icon-theme, startup: false, activationEvent: 'onStartupFinished'
2025-09-07 19:07:58.318 [info] ExtensionService#_doActivateExtension vscode.git, startup: false, activationEvent: 'api', root cause: vscode.github
2025-09-07 19:07:58.373 [info] ExtensionService#_doActivateExtension wayou.vscode-todo-highlight, startup: false, activationEvent: '*'
2025-09-07 19:08:06.056 [info] ExtensionService#_doActivateExtension vscode.emmet, startup: false, activationEvent: 'onLanguage'
2025-09-07 19:08:06.096 [info] ExtensionService#_doActivateExtension vscode.github-authentication, startup: false, activationEvent: 'onAuthenticationRequest:github'
2025-09-07 19:10:05.003 [info] Extension host terminating: renderer closed the MessagePort
2025-09-07 19:10:05.007 [info] Extension host with pid 22298 exiting with code 0
2025-09-07 19:10:05.738 [info] Extension host with pid 22898 started
2025-09-07 19:10:05.746 [info] ExtensionService#_doActivateExtension vscode.git-base, startup: true, activationEvent: '*', root cause: vscode.git
2025-09-07 19:10:05.749 [info] ExtensionService#_doActivateExtension wayou.vscode-todo-highlight, startup: true, activationEvent: '*'
2025-09-07 19:10:05.751 [info] ExtensionService#_doActivateExtension vscode.git, startup: true, activationEvent: '*'
2025-09-07 19:10:05.778 [info] ExtensionService#_doActivateExtension vscode.github, startup: true, activationEvent: '*'
2025-09-07 19:10:05.824 [info] Eager extensions activated
2025-09-07 19:10:05.825 [info] ExtensionService#_doActivateExtension vscode.debug-auto-launch, startup: false, activationEvent: 'onStartupFinished'
2025-09-07 19:10:05.826 [info] ExtensionService#_doActivateExtension vscode.merge-conflict, startup: false, activationEvent: 'onStartupFinished'
2025-09-07 19:10:05.837 [info] ExtensionService#_doActivateExtension PKief.material-icon-theme, startup: false, activationEvent: 'onStartupFinished'
2025-09-07 19:10:17.676 [info] Extension host terminating: renderer closed the MessagePort
2025-09-07 19:10:17.679 [info] Extension host with pid 22898 exiting with code 0
2025-09-07 19:10:18.339 [info] Extension host with pid 22949 started
2025-09-07 19:10:18.339 [info] Skipping acquiring lock for /home/user/.config/VSCodium/User/workspaceStorage/e929f75503b065961d4d35c8b7e734fc.
2025-09-07 19:10:18.347 [info] ExtensionService#_doActivateExtension vscode.git-base, startup: true, activationEvent: '*', root cause: vscode.git
2025-09-07 19:10:18.350 [info] ExtensionService#_doActivateExtension wayou.vscode-todo-highlight, startup: true, activationEvent: '*'
2025-09-07 19:10:18.356 [info] ExtensionService#_doActivateExtension vscode.git, startup: true, activationEvent: '*'
2025-09-07 19:10:18.386 [info] ExtensionService#_doActivateExtension vscode.github, startup: true, activationEvent: '*'
2025-09-07 19:10:18.445 [info] Eager extensions activated
2025-09-07 19:10:18.446 [info] ExtensionService#_doActivateExtension vscode.emmet, startup: false, activationEvent: 'onLanguage'
2025-09-07 19:10:18.459 [info] ExtensionService#_doActivateExtension vscode.debug-auto-launch, startup: false, activationEvent: 'onStartupFinished'
2025-09-07 19:10:18.460 [info] ExtensionService#_doActivateExtension vscode.merge-conflict, startup: false, activationEvent: 'onStartupFinished'
2025-09-07 19:10:18.473 [info] ExtensionService#_doActivateExtension PKief.material-icon-theme, startup: false, activationEvent: 'onStartupFinished'
2025-09-07 19:10:18.559 [info] ExtensionService#_doActivateExtension vscode.github-authentication, startup: false, activationEvent: 'onAuthenticationRequest:github'
2025-09-07 19:11:49.107 [info] ExtensionService#_doActivateExtension vscode.configuration-editing, startup: false, activationEvent: 'onLanguage:jsonc'
2025-09-07 19:11:49.114 [info] ExtensionService#_doActivateExtension vscode.json-language-features, startup: false, activationEvent: 'onLanguage:jsonc'
2025-09-07 19:11:49.158 [info] ExtensionService#_doActivateExtension vscode.typescript-language-features, startup: false, activationEvent: 'onLanguage:jsonc'
2025-09-07 19:11:55.490 [info] ExtensionService#_doActivateExtension vscode.media-preview, startup: false, activationEvent: 'onCustomEditor:imagePreview.previewEditor'
