2025-09-05 21:00:55 Loading main app package /usr/lib/obsidian/obsidian.asar
2025-09-05 21:00:56 Checking for update using Github
2025-09-05 21:00:57 Success.
2025-09-05 21:00:57 Latest version is 1.9.12
2025-09-05 21:00:57 App is up to date.
2025-09-05 21:01:25 Loading main app package /usr/lib/obsidian/obsidian.asar
2025-09-05 21:01:25 Checking for update using Github
2025-09-05 21:01:25 Success.
2025-09-05 21:01:25 Latest version is 1.9.12
2025-09-05 21:01:25 App is up to date.
2025-09-05 21:21:46 Loading main app package /usr/lib/obsidian/obsidian.asar
2025-09-05 21:21:46 Checking for update using Github
2025-09-05 21:21:46 Success.
2025-09-05 21:21:46 Latest version is 1.9.12
2025-09-05 21:21:46 App is up to date.
2025-09-05 21:24:13 Loading main app package /usr/lib/obsidian/obsidian.asar
2025-09-05 21:24:14 Checking for update using Github
2025-09-05 21:24:14 Success.
2025-09-05 21:24:14 Latest version is 1.9.12
2025-09-05 21:24:14 App is up to date.
2025-09-06 18:24:47 Loading main app package /usr/lib/obsidian/obsidian.asar
2025-09-06 18:24:48 Checking for update using Github
2025-09-06 18:24:48 Success.
2025-09-06 18:24:48 Latest version is 1.9.12
2025-09-06 18:24:48 App is up to date.
2025-09-06 18:25:55 Loading main app package /usr/lib/obsidian/obsidian.asar
2025-09-06 18:25:55 Checking for update using Github
2025-09-06 18:25:55 Success.
2025-09-06 18:25:55 Latest version is 1.9.12
2025-09-06 18:25:55 App is up to date.
2025-09-06 18:26:42 Loading main app package /usr/lib/obsidian/obsidian.asar
2025-09-06 18:26:42 Checking for update using Github
2025-09-06 18:26:42 Success.
2025-09-06 18:26:42 Latest version is 1.9.12
2025-09-06 18:26:42 App is up to date.
2025-09-06 18:58:52 Loading main app package /usr/lib/obsidian/obsidian.asar
2025-09-06 18:58:52 Checking for update using Github
2025-09-06 18:58:52 Success.
2025-09-06 18:58:52 Latest version is 1.9.12
2025-09-06 18:58:52 App is up to date.
2025-09-06 18:59:13 Loading main app package /usr/lib/obsidian/obsidian.asar
2025-09-06 18:59:13 Checking for update using Github
2025-09-06 18:59:13 Success.
2025-09-06 18:59:13 Latest version is 1.9.12
2025-09-06 18:59:13 App is up to date.
2025-09-07 09:43:15 Loading main app package /usr/lib/obsidian/obsidian.asar
2025-09-07 09:43:15 Checking for update using Github
2025-09-07 09:43:16 Success.
2025-09-07 09:43:16 Latest version is 1.9.12
2025-09-07 09:43:16 App is up to date.
2025-09-07 20:15:23 Loading main app package /usr/lib/obsidian/obsidian.asar
2025-09-07 20:15:23 Checking for update using Github
2025-09-07 20:15:23 Success.
2025-09-07 20:15:23 Latest version is 1.9.12
2025-09-07 20:15:23 App is up to date.
2025-09-08 20:15:19 Loading main app package /usr/lib/obsidian/obsidian.asar
2025-09-08 20:15:20 Checking for update using Github
2025-09-08 20:15:21 Success.
2025-09-08 20:15:21 Latest version is 1.9.12
2025-09-08 20:15:21 App is up to date.
2025-09-12 21:48:52 Loading main app package /usr/lib/obsidian/obsidian.asar
2025-09-12 21:48:52 Checking for update using Github
2025-09-12 21:48:53 Success.
2025-09-12 21:48:53 Latest version is 1.9.12
2025-09-12 21:48:53 App is up to date.
2025-09-12 21:48:55 Loading main app package /usr/lib/obsidian/obsidian.asar
2025-09-12 21:48:55 Checking for update using Github
2025-09-12 21:48:55 Success.
2025-09-12 21:48:55 Latest version is 1.9.12
2025-09-12 21:48:55 App is up to date.
2025-09-13 11:43:02 Loading main app package /usr/lib/obsidian/obsidian.asar
2025-09-13 11:43:02 Checking for update using Github
2025-09-13 11:43:03 Success.
2025-09-13 11:43:03 Latest version is 1.9.12
2025-09-13 11:43:03 App is up to date.
2025-09-13 15:11:57 Loading main app package /usr/lib/obsidian/obsidian.asar
2025-09-13 15:11:58 Checking for update using Github
2025-09-13 15:11:58 Success.
2025-09-13 15:11:58 Latest version is 1.9.12
2025-09-13 15:11:58 App is up to date.
2025-09-13 15:37:59 Loading main app package /usr/lib/obsidian/obsidian.asar
2025-09-13 15:37:59 Checking for update using Github
2025-09-13 15:38:01 Success.
2025-09-13 15:38:01 Latest version is 1.9.12
2025-09-13 15:38:01 App is up to date.
