2025-09-08 16:57:05.788 [info] [main] Log level: Info
2025-09-08 16:57:05.788 [info] [main] Validating found git in: "git"
2025-09-08 16:57:05.788 [info] [main] Using git "2.51.0" from "git"
2025-09-08 16:57:05.788 [info] [Model][doInitialScan] Initial repository scan started
2025-09-08 16:57:05.788 [info] > git rev-parse --show-toplevel [14ms]
2025-09-08 16:57:05.788 [info] > git rev-parse --git-dir --git-common-dir --show-superproject-working-tree [12ms]
2025-09-08 16:57:05.788 [info] [Model][openRepository] Opened repository (path): /home/user/dotfiles
2025-09-08 16:57:05.788 [info] [Model][openRepository] Opened repository (real path): /home/user/dotfiles
2025-09-08 16:57:05.788 [info] [Model][openRepository] Opened repository (kind): repository
2025-09-08 16:57:05.834 [info] > git rev-parse --show-toplevel [32ms]
2025-09-08 16:57:05.836 [info] [Model][doInitialScan] Initial repository scan completed - repositories (1), closed repositories (0), parent repositories (0), unsafe repositories (0)
2025-09-08 16:57:05.853 [info] > git config --get commit.template [56ms]
2025-09-08 16:57:05.916 [info] > git show --textconv HEAD:.config/fastfetch [73ms]
2025-09-08 16:57:05.917 [info] > git ls-tree -l HEAD -- .config/fastfetch [66ms]
2025-09-08 16:57:05.992 [info] > git hash-object -t tree /dev/null [66ms]
2025-09-08 16:57:05.993 [warning] [GitFileSystemProvider][readFile] File not found - git:/home/user/dotfiles/.config/fastfetch?%7B%22path%22%3A%22%2Fhome%2Fuser%2Fdotfiles%2F.config%2Ffastfetch%22%2C%22ref%22%3A%22~%22%7D
2025-09-08 16:57:06.008 [info] > git for-each-ref --format=%(refname)%00%(upstream:short)%00%(objectname)%00%(upstream:track)%00%(upstream:remotename)%00%(upstream:remoteref) refs/heads/main refs/remotes/main [25ms]
2025-09-08 16:57:06.044 [info] > git for-each-ref --sort -committerdate --format %(refname)%00%(objectname)%00%(*objectname) [17ms]
2025-09-08 16:57:06.048 [info] > git status -z -uall [30ms]
2025-09-08 16:57:06.105 [info] > git for-each-ref --format=%(refname)%00%(upstream:short)%00%(objectname)%00%(upstream:track)%00%(upstream:remotename)%00%(upstream:remoteref) refs/heads/main refs/remotes/main [13ms]
2025-09-08 16:57:06.117 [info] > git config --get commit.template [14ms]
2025-09-08 16:57:06.127 [info] > git config --get --local branch.main.vscode-merge-base [12ms]
2025-09-08 16:57:06.138 [info] > git for-each-ref --format=%(refname)%00%(upstream:short)%00%(objectname)%00%(upstream:track)%00%(upstream:remotename)%00%(upstream:remoteref) refs/heads/main refs/remotes/main [13ms]
2025-09-08 16:57:06.143 [info] > git for-each-ref --format=%(refname)%00%(upstream:short)%00%(objectname)%00%(upstream:track)%00%(upstream:remotename)%00%(upstream:remoteref) refs/heads/origin/main refs/remotes/origin/main [7ms]
2025-09-08 16:57:06.307 [info] > git for-each-ref --sort -committerdate --format %(refname)%00%(objectname)%00%(*objectname) [17ms]
2025-09-08 16:57:06.314 [info] > git check-ignore -v -z --stdin [13ms]
2025-09-08 16:57:06.319 [info] > git status -z -uall [38ms]
2025-09-08 16:57:06.593 [info] > git fetch [823ms]
2025-09-08 16:57:06.593 [info] From https://github.com/sakuyma/dotfiles
   d8fa796..a5c4b85  main       -> origin/main
2025-09-08 16:57:06.614 [info] > git config --get commit.template [6ms]
2025-09-08 16:57:06.637 [info] > git for-each-ref --format=%(refname)%00%(upstream:short)%00%(objectname)%00%(upstream:track)%00%(upstream:remotename)%00%(upstream:remoteref) refs/heads/main refs/remotes/main [9ms]
2025-09-08 16:57:06.683 [info] > git for-each-ref --sort -committerdate --format %(refname)%00%(objectname)%00%(*objectname) [20ms]
2025-09-08 16:57:06.689 [info] > git status -z -uall [40ms]
2025-09-08 16:57:07.088 [info] > git check-ignore -v -z --stdin [5ms]
2025-09-08 16:57:07.882 [info] > git config --get commit.template [8ms]
2025-09-08 16:57:07.891 [info] > git for-each-ref --format=%(refname)%00%(upstream:short)%00%(objectname)%00%(upstream:track)%00%(upstream:remotename)%00%(upstream:remoteref) refs/heads/main refs/remotes/main [3ms]
2025-09-08 16:57:07.913 [info] > git for-each-ref --sort -committerdate --format %(refname)%00%(objectname)%00%(*objectname) [3ms]
2025-09-08 16:57:07.926 [info] > git status -z -uall [26ms]
2025-09-08 16:57:08.028 [info] > git show --textconv :.zshrc [13ms]
2025-09-08 16:57:08.033 [info] > git ls-files --stage -- .zshrc [8ms]
2025-09-08 16:57:08.045 [info] > git cat-file -s 8bb56daaaf2915f20344d05bedb6a0e1000e687d [3ms]
2025-09-08 16:57:08.666 [info] > git blame --root --incremental 6cbfcaf26becbb0bb72a6b442ad8cd9f0ba1b941 -- .zshrc [7ms]
2025-09-08 16:57:09.123 [info] > git ls-files --stage -- .zshrc [9ms]
2025-09-08 16:57:09.145 [info] > git cat-file -s 8bb56daaaf2915f20344d05bedb6a0e1000e687d [9ms]
2025-09-08 16:57:09.170 [info] > git show --textconv :.zshrc [8ms]
2025-09-08 23:15:33.302 [info] > git config --get commit.template [19ms]
2025-09-08 23:15:33.304 [info] > git for-each-ref --format=%(refname)%00%(upstream:short)%00%(objectname)%00%(upstream:track)%00%(upstream:remotename)%00%(upstream:remoteref) refs/heads/main refs/remotes/main [5ms]
2025-09-08 23:15:33.348 [info] > git for-each-ref --sort -committerdate --format %(refname)%00%(objectname)%00%(*objectname) [9ms]
2025-09-08 23:15:33.382 [info] > git status -z -uall [63ms]
2025-09-08 23:15:34.006 [info] > git fetch [739ms]
2025-09-08 23:15:34.007 [info] From https://github.com/sakuyma/dotfiles
   a5c4b85..7b01400  main       -> origin/main
2025-09-08 23:15:34.020 [info] > git config --get commit.template [7ms]
2025-09-08 23:15:34.022 [info] > git for-each-ref --format=%(refname)%00%(upstream:short)%00%(objectname)%00%(upstream:track)%00%(upstream:remotename)%00%(upstream:remoteref) refs/heads/main refs/remotes/main [3ms]
2025-09-08 23:15:34.039 [info] > git for-each-ref --sort -committerdate --format %(refname)%00%(objectname)%00%(*objectname) [3ms]
2025-09-08 23:15:34.057 [info] > git status -z -uall [28ms]
2025-09-08 23:15:35.213 [info] > git ls-files --stage -- .zshrc [11ms]
2025-09-08 23:15:35.236 [info] > git cat-file -s 8bb56daaaf2915f20344d05bedb6a0e1000e687d [7ms]
2025-09-08 23:15:35.270 [info] > git show --textconv :.zshrc [10ms]
2025-09-08 23:15:38.420 [info] > git config --get commit.template [8ms]
2025-09-08 23:15:38.441 [info] > git for-each-ref --format=%(refname)%00%(upstream:short)%00%(objectname)%00%(upstream:track)%00%(upstream:remotename)%00%(upstream:remoteref) refs/heads/main refs/remotes/main [7ms]
2025-09-08 23:15:38.485 [info] > git for-each-ref --sort -committerdate --format %(refname)%00%(objectname)%00%(*objectname) [8ms]
2025-09-08 23:15:38.518 [info] > git status -z -uall [58ms]
2025-09-08 23:18:34.601 [info] > git fetch [529ms]
2025-09-08 23:18:34.632 [info] > git config --get commit.template [19ms]
2025-09-08 23:18:34.635 [info] > git for-each-ref --format=%(refname)%00%(upstream:short)%00%(objectname)%00%(upstream:track)%00%(upstream:remotename)%00%(upstream:remoteref) refs/heads/main refs/remotes/main [6ms]
2025-09-08 23:18:34.676 [info] > git for-each-ref --sort -committerdate --format %(refname)%00%(objectname)%00%(*objectname) [6ms]
2025-09-08 23:18:34.709 [info] > git status -z -uall [55ms]
2025-09-08 23:18:35.791 [info] > git ls-files --stage -- .zshrc [6ms]
2025-09-08 23:18:35.800 [info] > git cat-file -s 8bb56daaaf2915f20344d05bedb6a0e1000e687d [3ms]
2025-09-08 23:18:35.816 [info] > git show --textconv :.zshrc [5ms]
