2025-09-07 19:02:49.661 [info] Reading sessions from keychain...
2025-09-07 19:02:49.661 [info] Getting sessions for all scopes...
2025-09-07 19:02:49.661 [info] Got stored sessions!
2025-09-07 19:02:49.661 [info] Got 1 verified sessions.
2025-09-07 19:02:49.661 [info] Got 1 sessions for ...
2025-09-07 19:02:49.661 [info] Getting sessions for all scopes...
2025-09-07 19:02:49.661 [info] Got 1 sessions for ...
2025-09-07 19:02:49.661 [info] Getting sessions for all scopes...
2025-09-07 19:02:49.661 [info] Got 1 sessions for ...
2025-09-07 19:02:49.678 [info] Getting sessions for read:user,repo,user:email,workflow...
2025-09-07 19:02:49.678 [info] Got 1 sessions for read:user,repo,user:email,workflow...
2025-09-07 19:02:51.335 [info] Getting sessions for all scopes...
2025-09-07 19:02:51.335 [info] Got 1 sessions for ...
2025-09-07 19:02:51.335 [info] Getting sessions for all scopes...
2025-09-07 19:02:51.335 [info] Got 1 sessions for ...
2025-09-07 19:02:51.337 [info] Getting sessions for all scopes...
2025-09-07 19:02:51.337 [info] Got 1 sessions for ...
2025-09-07 19:04:03.352 [info] Getting sessions for read:user,repo,user:email,workflow...
2025-09-07 19:04:03.352 [info] Got 1 sessions for read:user,repo,user:email,workflow...
2025-09-07 19:08:06.144 [info] Reading sessions from keychain...
2025-09-07 19:08:06.144 [info] Getting sessions for all scopes...
2025-09-07 19:08:06.150 [info] Got stored sessions!
2025-09-07 19:08:06.150 [info] Got 1 verified sessions.
2025-09-07 19:08:06.150 [info] Got 1 sessions for ...
2025-09-07 19:08:06.150 [info] Getting sessions for all scopes...
2025-09-07 19:08:06.150 [info] Got 1 sessions for ...
2025-09-07 19:08:06.150 [info] Getting sessions for all scopes...
2025-09-07 19:08:06.150 [info] Got 1 sessions for ...
2025-09-07 19:08:06.150 [info] Getting sessions for all scopes...
2025-09-07 19:08:06.150 [info] Got 1 sessions for ...
2025-09-07 19:08:06.150 [info] Getting sessions for all scopes...
2025-09-07 19:08:06.150 [info] Got 1 sessions for ...
2025-09-07 19:08:06.150 [info] Getting sessions for read:user,repo,user:email,workflow...
2025-09-07 19:08:06.150 [info] Got 1 sessions for read:user,repo,user:email,workflow...
2025-09-07 19:10:18.590 [info] Reading sessions from keychain...
2025-09-07 19:10:18.590 [info] Getting sessions for all scopes...
2025-09-07 19:10:18.590 [info] Got stored sessions!
2025-09-07 19:10:18.590 [info] Got 1 verified sessions.
2025-09-07 19:10:18.590 [info] Got 1 sessions for ...
2025-09-07 19:10:18.590 [info] Getting sessions for all scopes...
2025-09-07 19:10:18.590 [info] Got 1 sessions for ...
2025-09-07 19:10:18.590 [info] Getting sessions for all scopes...
2025-09-07 19:10:18.590 [info] Got 1 sessions for ...
2025-09-07 19:10:18.590 [info] Getting sessions for read:user,repo,user:email,workflow...
2025-09-07 19:10:18.590 [info] Got 1 sessions for read:user,repo,user:email,workflow...
2025-09-07 19:10:20.461 [info] Getting sessions for all scopes...
2025-09-07 19:10:20.461 [info] Got 1 sessions for ...
2025-09-07 19:10:20.462 [info] Getting sessions for all scopes...
2025-09-07 19:10:20.462 [info] Got 1 sessions for ...
2025-09-07 19:10:20.464 [info] Getting sessions for all scopes...
2025-09-07 19:10:20.464 [info] Got 1 sessions for ...
2025-09-07 19:13:14.404 [info] Getting sessions for read:user,repo,user:email,workflow...
2025-09-07 19:13:14.404 [info] Got 1 sessions for read:user,repo,user:email,workflow...
