9/11/2025, 5:58:59 PM GMT+3 0: 

----------------------------------------------
9/11/2025, 5:58:59 PM GMT+3 1: Discord starting: {"releaseChannel":"stable","version":"0.0.109"}, modulepath: /home/user/.config/discord/0.0.109/modules
9/11/2025, 5:58:59 PM GMT+3 2: ✅ webContents.created web1 ""
9/11/2025, 5:58:59 PM GMT+3 3: ✅ window.created win1 "discord"
9/11/2025, 5:58:59 PM GMT+3 4: window.close win1
9/11/2025, 5:58:59 PM GMT+3 5: webContents.destroyed web1
9/11/2025, 9:12:47 PM GMT+3 0: 

----------------------------------------------
9/11/2025, 9:12:47 PM GMT+3 1: Discord starting: {"releaseChannel":"stable","version":"0.0.109"}, modulepath: /home/user/.config/discord/0.0.109/modules
9/11/2025, 9:12:47 PM GMT+3 2: ✅ webContents.created web1 "index.html"
9/11/2025, 9:12:47 PM GMT+3 3: ✅ window.created win1 "discord"
9/11/2025, 9:12:47 PM GMT+3 4: ✅ webContents.did-finish-load web1
9/11/2025, 9:12:47 PM GMT+3 0: 

----------------------------------------------
9/11/2025, 9:12:47 PM GMT+3 1: Discord starting: {"releaseChannel":"stable","version":"0.0.109"}, modulepath: /home/user/.config/discord/0.0.109/modules
9/11/2025, 9:12:48 PM GMT+3 0: 

----------------------------------------------
9/11/2025, 9:12:48 PM GMT+3 1: Discord starting: {"releaseChannel":"stable","version":"0.0.109"}, modulepath: /home/user/.config/discord/0.0.109/modules
9/11/2025, 9:12:48 PM GMT+3 5: window.close win1
9/11/2025, 9:12:48 PM GMT+3 6: webContents.destroyed web1
9/11/2025, 9:12:56 PM GMT+3 0: 

----------------------------------------------
9/11/2025, 9:12:56 PM GMT+3 1: Discord starting: {"releaseChannel":"stable","version":"0.0.109"}, modulepath: /home/user/.config/discord/0.0.109/modules
9/11/2025, 9:12:56 PM GMT+3 2: ✅ webContents.created web1 ""
9/11/2025, 9:12:56 PM GMT+3 3: ✅ window.created win1 "discord"
9/11/2025, 9:12:56 PM GMT+3 4: ✅ webContents.did-finish-load web1
9/11/2025, 9:12:57 PM GMT+3 5: window.close win1
9/11/2025, 9:12:57 PM GMT+3 6: webContents.destroyed web1
9/12/2025, 1:00:12 PM GMT+3 0: 

----------------------------------------------
9/12/2025, 1:00:12 PM GMT+3 1: Discord starting: {"releaseChannel":"stable","version":"0.0.109"}, modulepath: /home/user/.config/discord/0.0.109/modules
9/12/2025, 1:00:12 PM GMT+3 2: ✅ webContents.created web1 ""
9/12/2025, 1:00:12 PM GMT+3 3: ✅ window.created win1 "discord"
9/12/2025, 1:00:12 PM GMT+3 4: ✅ webContents.did-finish-load web1
9/12/2025, 1:00:13 PM GMT+3 5: window.close win1
9/12/2025, 1:00:13 PM GMT+3 6: webContents.destroyed web1
9/12/2025, 1:07:49 PM GMT+3 0: 

----------------------------------------------
9/12/2025, 1:07:49 PM GMT+3 1: Discord starting: {"releaseChannel":"stable","version":"0.0.109"}, modulepath: /home/user/.config/discord/0.0.109/modules
9/12/2025, 1:07:49 PM GMT+3 2: ✅ webContents.created web1 ""
9/12/2025, 1:07:49 PM GMT+3 3: ✅ window.created win1 "discord"
9/12/2025, 1:07:49 PM GMT+3 4: ✅ webContents.did-finish-load web1
9/12/2025, 1:07:51 PM GMT+3 5: window.close win1
9/12/2025, 2:41:46 PM GMT+3 0: 

----------------------------------------------
9/12/2025, 2:41:46 PM GMT+3 1: Discord starting: {"releaseChannel":"stable","version":"0.0.109"}, modulepath: /home/user/.config/discord/0.0.109/modules
9/12/2025, 2:41:46 PM GMT+3 2: ✅ webContents.created web1 ""
9/12/2025, 2:41:46 PM GMT+3 3: ✅ window.created win1 "discord"
9/12/2025, 2:41:46 PM GMT+3 4: ✅ webContents.did-finish-load web1
9/12/2025, 2:42:20 PM GMT+3 5: ✅ webContents.created web2 ""
9/12/2025, 2:42:20 PM GMT+3 6: ✅ window.created win2 "Discord"
9/12/2025, 2:42:25 PM GMT+3 7: ✅ webContents.did-finish-load web2
9/12/2025, 2:42:26 PM GMT+3 8: window.close win1
9/12/2025, 2:42:26 PM GMT+3 9: webContents.destroyed web1
9/12/2025, 2:42:26 PM GMT+3 10: window.closed win1
9/12/2025, 2:57:21 PM GMT+3 11: window.close win2
