2025-09-07 17:58:33.525 [info] Reading sessions from keychain...
2025-09-07 17:58:33.525 [info] Getting sessions for all scopes...
2025-09-07 17:58:33.525 [info] Got 0 sessions for ...
2025-09-07 17:58:33.525 [info] Getting sessions for all scopes...
2025-09-07 17:58:33.525 [info] Got 0 sessions for ...
2025-09-07 17:58:33.525 [info] Getting sessions for all scopes...
2025-09-07 17:58:33.525 [info] Got 0 sessions for ...
2025-09-07 17:58:33.525 [info] Getting sessions for all scopes...
2025-09-07 17:58:33.525 [info] Got 0 sessions for ...
2025-09-07 17:58:33.525 [info] Getting sessions for all scopes...
2025-09-07 17:58:33.525 [info] Got 0 sessions for ...
2025-09-07 17:58:33.525 [info] Getting sessions for read:user,repo,user:email,workflow...
2025-09-07 17:58:33.525 [info] Got 0 sessions for read:user,repo,user:email,workflow...
2025-09-07 17:58:33.557 [info] Getting sessions for read:user,repo,user:email,workflow...
2025-09-07 17:58:33.557 [info] Got 0 sessions for read:user,repo,user:email,workflow...
2025-09-07 17:58:43.483 [info] Getting sessions for read:user,repo,user:email,workflow...
2025-09-07 17:58:43.483 [info] Got 0 sessions for read:user,repo,user:email,workflow...
2025-09-07 17:58:45.664 [info] Logging in with 'any' account...
2025-09-07 17:58:45.665 [info] Logging in for the following scopes: read:user repo user:email workflow
2025-09-07 17:58:45.671 [info] Trying device code flow... (read:user repo user:email workflow)
2025-09-07 18:00:00.430 [info] Getting user info...
2025-09-07 18:00:00.940 [info] Got account info!
2025-09-07 18:00:00.940 [info] Storing 1 sessions...
2025-09-07 18:00:05.868 [info] Reading sessions from keychain...
2025-09-07 18:00:05.868 [info] Stored 1 sessions!
2025-09-07 18:00:05.868 [info] Login success!
2025-09-07 18:00:05.871 [info] Got stored sessions!
2025-09-07 18:00:05.871 [info] Got 1 verified sessions.
2025-09-07 18:00:05.875 [info] Getting sessions for read:user,repo,user:email,workflow...
2025-09-07 18:00:05.875 [info] Got 1 sessions for read:user,repo,user:email,workflow...
